\BOOKMARK [0][-]{chapter.1}{\376\377\000I\000n\000t\000r\000o\000d\000u\000c\000t\000i\000o\000n}{}% 1
\BOOKMARK [1][-]{section.1.1}{\376\377\000W\000h\000a\000t\000\040\000i\000s\000\040\000o\000p\000t\000i\000m\000i\000s\000a\000t\000i\000o\000n\000?}{chapter.1}% 2
\BOOKMARK [2][-]{subsection.1.1.1}{\376\377\000M\000a\000t\000h\000e\000m\000a\000t\000i\000c\000a\000l\000\040\000p\000r\000o\000g\000r\000a\000m\000m\000i\000n\000g\000\040\000a\000n\000d\000\040\000o\000p\000t\000i\000m\000i\000s\000a\000t\000i\000o\000n}{section.1.1}% 3
\BOOKMARK [2][-]{subsection.1.1.2}{\376\377\000T\000y\000p\000e\000s\000\040\000o\000f\000\040\000m\000a\000t\000h\000e\000m\000a\000t\000i\000c\000a\000l\000\040\000o\000p\000t\000i\000m\000i\000s\000a\000t\000i\000o\000n\000\040\000m\000o\000d\000e\000l\000s}{section.1.1}% 4
\BOOKMARK [1][-]{section.1.2}{\376\377\000L\000i\000n\000e\000a\000r\000\040\000p\000r\000o\000g\000r\000a\000m\000m\000i\000n\000g\000\040\000a\000p\000p\000l\000i\000c\000a\000t\000i\000o\000n\000s}{chapter.1}% 5
\BOOKMARK [2][-]{subsection.1.2.1}{\376\377\000R\000e\000s\000o\000u\000r\000c\000e\000\040\000a\000l\000l\000o\000c\000a\000t\000i\000o\000n}{section.1.2}% 6
\BOOKMARK [2][-]{subsection.1.2.2}{\376\377\000T\000r\000a\000n\000s\000p\000o\000r\000t\000a\000t\000i\000o\000n\000\040\000p\000r\000o\000b\000l\000e\000m}{section.1.2}% 7
\BOOKMARK [2][-]{subsection.1.2.3}{\376\377\000P\000r\000o\000d\000u\000c\000t\000i\000o\000n\000\040\000p\000l\000a\000n\000n\000i\000n\000g\000\040\000\050\000l\000o\000t\000-\000s\000i\000z\000i\000n\000g\000\051}{section.1.2}% 8
\BOOKMARK [1][-]{section.1.3}{\376\377\000T\000h\000e\000\040\000g\000e\000o\000m\000e\000t\000r\000y\000\040\000o\000f\000\040\000L\000P\000s\000\040\000-\000\040\000g\000r\000a\000p\000h\000i\000c\000a\000l\000\040\000m\000e\000t\000h\000o\000d}{chapter.1}% 9
\BOOKMARK [2][-]{subsection.1.3.1}{\376\377\000T\000h\000e\000\040\000g\000r\000a\000p\000h\000i\000c\000a\000l\000\040\000m\000e\000t\000h\000o\000d}{section.1.3}% 10
\BOOKMARK [2][-]{subsection.1.3.2}{\376\377\000G\000e\000o\000m\000e\000t\000r\000i\000c\000a\000l\000\040\000p\000r\000o\000p\000e\000r\000t\000i\000e\000s\000\040\000o\000f\000\040\000L\000P\000s}{section.1.3}% 11
\BOOKMARK [1][-]{section.1.4}{\376\377\000E\000x\000e\000r\000c\000i\000s\000e\000s}{chapter.1}% 12
\BOOKMARK [0][-]{chapter.2}{\376\377\000B\000a\000s\000i\000c\000s\000\040\000o\000f\000\040\000L\000i\000n\000e\000a\000r\000\040\000A\000l\000g\000e\000b\000r\000a}{}% 13
\BOOKMARK [1][-]{section.2.1}{\376\377\000B\000a\000s\000i\000c\000s\000\040\000o\000f\000\040\000l\000i\000n\000e\000a\000r\000\040\000p\000r\000o\000b\000l\000e\000m\000s}{chapter.2}% 14
\BOOKMARK [2][-]{subsection.2.1.1}{\376\377\000S\000u\000b\000s\000p\000a\000c\000e\000s\000\040\000a\000n\000d\000\040\000b\000a\000s\000e\000s}{section.2.1}% 15
\BOOKMARK [2][-]{subsection.2.1.2}{\376\377\000A\000f\000f\000i\000n\000e\000\040\000s\000u\000b\000s\000p\000a\000c\000e\000s}{section.2.1}% 16
\BOOKMARK [1][-]{section.2.2}{\376\377\000C\000o\000n\000v\000e\000x\000\040\000p\000o\000l\000y\000h\000e\000d\000r\000a\000l\000\040\000s\000e\000t}{chapter.2}% 17
\BOOKMARK [2][-]{subsection.2.2.1}{\376\377\000H\000y\000p\000e\000r\000p\000l\000a\000n\000e\000s\000,\000\040\000h\000a\000l\000f\000-\000s\000p\000a\000c\000e\000s\000\040\000a\000n\000d\000\040\000p\000o\000l\000y\000h\000e\000d\000r\000a\000l\000\040\000s\000e\000t\000s}{section.2.2}% 18
\BOOKMARK [2][-]{subsection.2.2.2}{\376\377\000C\000o\000n\000v\000e\000x\000i\000t\000y\000\040\000o\000f\000\040\000p\000o\000l\000y\000h\000e\000d\000r\000a\000l\000\040\000s\000e\000t\000s}{section.2.2}% 19
\BOOKMARK [1][-]{section.2.3}{\376\377\000E\000x\000t\000r\000e\000m\000e\000\040\000p\000o\000i\000n\000t\000s\000,\000\040\000v\000e\000r\000t\000i\000c\000e\000s\000,\000\040\000a\000n\000d\000\040\000b\000a\000s\000i\000c\000\040\000f\000e\000a\000s\000i\000b\000l\000e\000\040\000s\000o\000l\000u\000t\000i\000o\000n\000s}{chapter.2}% 20
\BOOKMARK [1][-]{section.2.4}{\376\377\000E\000x\000e\000r\000c\000i\000s\000e\000s}{chapter.2}% 21
\BOOKMARK [0][-]{chapter.3}{\376\377\000B\000a\000s\000i\000s\000,\000\040\000E\000x\000t\000r\000e\000m\000e\000\040\000P\000o\000i\000n\000t\000s\000\040\000a\000n\000d\000\040\000O\000p\000t\000i\000m\000a\000l\000i\000t\000y\000\040\000i\000n\000\040\000L\000i\000n\000e\000a\000r\000\040\000P\000r\000o\000g\000r\000a\000m\000m\000i\000n\000g}{}% 22
\BOOKMARK [1][-]{section.3.1}{\376\377\000P\000o\000l\000y\000h\000e\000d\000r\000a\000l\000\040\000s\000e\000t\000s\000\040\000i\000n\000\040\000s\000t\000a\000n\000d\000a\000r\000d\000\040\000f\000o\000r\000m}{chapter.3}% 23
\BOOKMARK [2][-]{subsection.3.1.1}{\376\377\000T\000h\000e\000\040\000s\000t\000a\000n\000d\000a\000r\000d\000\040\000f\000o\000r\000m\000\040\000o\000f\000\040\000l\000i\000n\000e\000a\000r\000\040\000p\000r\000o\000g\000r\000a\000m\000m\000i\000n\000g\000\040\000p\000r\000o\000b\000l\000e\000m\000s}{section.3.1}% 24
\BOOKMARK [2][-]{subsection.3.1.2}{\376\377\000F\000o\000r\000m\000i\000n\000g\000\040\000b\000a\000s\000e\000s\000\040\000f\000o\000r\000\040\000s\000t\000a\000n\000d\000a\000r\000d\000-\000f\000o\000r\000m\000\040\000l\000i\000n\000e\000a\000r\000\040\000p\000r\000o\000g\000r\000a\000m\000m\000i\000n\000g\000\040\000p\000r\000o\000b\000l\000e\000m\000s}{section.3.1}% 25
\BOOKMARK [2][-]{subsection.3.1.3}{\376\377\000A\000d\000j\000a\000c\000e\000n\000t\000\040\000b\000a\000s\000i\000c\000\040\000s\000o\000l\000u\000t\000i\000o\000n\000s}{section.3.1}% 26
\BOOKMARK [2][-]{subsection.3.1.4}{\376\377\000R\000e\000d\000u\000n\000d\000a\000n\000c\000y\000\040\000a\000n\000d\000\040\000d\000e\000g\000e\000n\000e\000r\000a\000c\000y}{section.3.1}% 27
\BOOKMARK [1][-]{section.3.2}{\376\377\000O\000p\000t\000i\000m\000a\000l\000i\000t\000y\000\040\000o\000f\000\040\000e\000x\000t\000r\000e\000m\000e\000\040\000p\000o\000i\000n\000t\000s}{chapter.3}% 28
\BOOKMARK [2][-]{subsection.3.2.1}{\376\377\000T\000h\000e\000\040\000e\000x\000i\000s\000t\000e\000n\000c\000e\000\040\000o\000f\000\040\000e\000x\000t\000r\000e\000m\000e\000\040\000p\000o\000i\000n\000t\000s}{section.3.2}% 29
\BOOKMARK [2][-]{subsection.3.2.2}{\376\377\000F\000i\000n\000d\000i\000n\000g\000\040\000o\000p\000t\000i\000m\000a\000l\000\040\000s\000o\000l\000u\000t\000i\000o\000n\000s}{section.3.2}% 30
\BOOKMARK [2][-]{subsection.3.2.3}{\376\377\000M\000o\000v\000i\000n\000g\000\040\000t\000o\000w\000a\000r\000d\000s\000\040\000i\000m\000p\000r\000o\000v\000e\000d\000\040\000s\000o\000l\000u\000t\000i\000o\000n\000s}{section.3.2}% 31
\BOOKMARK [2][-]{subsection.3.2.4}{\376\377\000O\000p\000t\000i\000m\000a\000l\000i\000t\000y\000\040\000c\000o\000n\000d\000i\000t\000i\000o\000n\000s}{section.3.2}% 32
\BOOKMARK [1][-]{section.3.3}{\376\377\000E\000x\000e\000r\000c\000i\000s\000e\000s}{chapter.3}% 33
\BOOKMARK [0][-]{chapter.4}{\376\377\000T\000h\000e\000\040\000s\000i\000m\000p\000l\000e\000x\000\040\000m\000e\000t\000h\000o\000d}{}% 34
\BOOKMARK [1][-]{section.4.1}{\376\377\000D\000e\000v\000e\000l\000o\000p\000i\000n\000g\000\040\000t\000h\000e\000\040\000s\000i\000m\000p\000l\000e\000x\000\040\000m\000e\000t\000h\000o\000d}{chapter.4}% 35
\BOOKMARK [2][-]{subsection.4.1.1}{\376\377\000C\000a\000l\000c\000u\000l\000a\000t\000i\000n\000g\000\040\000s\000t\000e\000p\000\040\000s\000i\000z\000e\000s}{section.4.1}% 36
\BOOKMARK [2][-]{subsection.4.1.2}{\376\377\000M\000o\000v\000i\000n\000g\000\040\000b\000e\000t\000w\000e\000e\000n\000\040\000a\000d\000j\000a\000c\000e\000n\000t\000\040\000b\000a\000s\000e\000s}{section.4.1}% 37
\BOOKMARK [2][-]{subsection.4.1.3}{\376\377\000A\000\040\000r\000e\000m\000a\000r\000k\000\040\000o\000n\000\040\000d\000e\000g\000e\000n\000e\000r\000a\000c\000y}{section.4.1}% 38
\BOOKMARK [1][-]{section.4.2}{\376\377\000I\000m\000p\000l\000e\000m\000e\000n\000t\000i\000n\000g\000\040\000t\000h\000e\000\040\000s\000i\000m\000p\000l\000e\000x\000\040\000m\000e\000t\000h\000o\000d}{chapter.4}% 39
\BOOKMARK [2][-]{subsection.4.2.1}{\376\377\000P\000i\000v\000o\000t\000\040\000o\000r\000\040\000v\000a\000r\000i\000a\000b\000l\000e\000\040\000s\000e\000l\000e\000c\000t\000i\000o\000n}{section.4.2}% 40
\BOOKMARK [2][-]{subsection.4.2.2}{\376\377\000T\000h\000e\000\040\000r\000e\000v\000i\000s\000e\000d\000\040\000s\000i\000m\000p\000l\000e\000x\000\040\000m\000e\000t\000h\000o\000d}{section.4.2}% 41
\BOOKMARK [2][-]{subsection.4.2.3}{\376\377\000T\000a\000b\000l\000e\000a\000u\000\040\000r\000e\000p\000r\000e\000s\000e\000n\000t\000a\000t\000i\000o\000n}{section.4.2}% 42
\BOOKMARK [2][-]{subsection.4.2.4}{\376\377\000G\000e\000n\000e\000r\000a\000t\000i\000n\000g\000\040\000i\000n\000i\000t\000i\000a\000l\000\040\000f\000e\000a\000s\000i\000b\000l\000e\000\040\000s\000o\000l\000u\000t\000i\000o\000n\000s\000\040\000\050\000t\000w\000o\000-\000p\000h\000a\000s\000e\000\040\000s\000i\000m\000p\000l\000e\000x\000\051}{section.4.2}% 43
\BOOKMARK [1][-]{section.4.3}{\376\377\000C\000o\000l\000u\000m\000n\000\040\000g\000e\000o\000m\000e\000t\000r\000y\000\040\000o\000f\000\040\000t\000h\000e\000\040\000s\000i\000m\000p\000l\000e\000x\000\040\000m\000e\000t\000h\000o\000d}{chapter.4}% 44
\BOOKMARK [1][-]{section.4.4}{\376\377\000E\000x\000e\000r\000c\000i\000s\000e\000s}{chapter.4}% 45
\BOOKMARK [0][-]{chapter.5}{\376\377\000L\000i\000n\000e\000a\000r\000\040\000P\000r\000o\000g\000r\000a\000m\000m\000i\000n\000g\000\040\000D\000u\000a\000l\000i\000t\000y\000\040\000-\000\040\000P\000a\000r\000t\000\040\000I}{}% 46
\BOOKMARK [1][-]{section.5.1}{\376\377\000F\000o\000r\000m\000u\000l\000a\000t\000i\000n\000g\000\040\000d\000u\000a\000l\000s}{chapter.5}% 47
\BOOKMARK [2][-]{subsection.5.1.1}{\376\377\000M\000o\000t\000i\000v\000a\000t\000i\000o\000n}{section.5.1}% 48
\BOOKMARK [2][-]{subsection.5.1.2}{\376\377\000G\000e\000n\000e\000r\000a\000l\000\040\000f\000o\000r\000m\000\040\000o\000f\000\040\000d\000u\000a\000l\000s}{section.5.1}% 49
\BOOKMARK [1][-]{section.5.2}{\376\377\000D\000u\000a\000l\000i\000t\000y\000\040\000t\000h\000e\000o\000r\000y}{chapter.5}% 50
\BOOKMARK [2][-]{subsection.5.2.1}{\376\377\000W\000e\000a\000k\000\040\000d\000u\000a\000l\000i\000t\000y}{section.5.2}% 51
\BOOKMARK [2][-]{subsection.5.2.2}{\376\377\000S\000t\000r\000o\000n\000g\000\040\000d\000u\000a\000l\000i\000t\000y}{section.5.2}% 52
\BOOKMARK [1][-]{section.5.3}{\376\377\000G\000e\000o\000m\000e\000t\000r\000i\000c\000\040\000i\000n\000t\000e\000r\000p\000r\000e\000t\000a\000t\000i\000o\000n\000\040\000o\000f\000\040\000d\000u\000a\000l\000i\000t\000y}{chapter.5}% 53
\BOOKMARK [2][-]{subsection.5.3.1}{\376\377\000C\000o\000m\000p\000l\000e\000m\000e\000n\000t\000a\000r\000y\000\040\000s\000l\000a\000c\000k\000n\000e\000s\000s}{section.5.3}% 54
\BOOKMARK [2][-]{subsection.5.3.2}{\376\377\000D\000u\000a\000l\000\040\000f\000e\000a\000s\000i\000b\000i\000l\000i\000t\000y\000\040\000a\000n\000d\000\040\000o\000p\000t\000i\000m\000a\000l\000i\000t\000y}{section.5.3}% 55
\BOOKMARK [1][-]{section.5.4}{\376\377\000T\000h\000e\000\040\000d\000u\000a\000l\000\040\000s\000i\000m\000p\000l\000e\000x\000\040\000m\000e\000t\000h\000o\000d}{chapter.5}% 56
\BOOKMARK [1][-]{section.5.5}{\376\377\000E\000x\000e\000r\000c\000i\000s\000e\000s}{chapter.5}% 57
\BOOKMARK [0][-]{chapter.6}{\376\377\000L\000i\000n\000e\000a\000r\000\040\000P\000r\000o\000g\000r\000a\000m\000m\000i\000n\000g\000\040\000D\000u\000a\000l\000i\000t\000y\000\040\000-\000\040\000P\000a\000r\000t\000\040\000I\000I}{}% 58
\BOOKMARK [1][-]{section.6.1}{\376\377\000S\000e\000n\000s\000i\000t\000i\000v\000i\000t\000y\000\040\000a\000n\000a\000l\000y\000s\000i\000s}{chapter.6}% 59
\BOOKMARK [2][-]{subsection.6.1.1}{\376\377\000A\000d\000d\000i\000n\000g\000\040\000a\000\040\000n\000e\000w\000\040\000v\000a\000r\000i\000a\000b\000l\000e}{section.6.1}% 60
\BOOKMARK [2][-]{subsection.6.1.2}{\376\377\000A\000d\000d\000i\000n\000g\000\040\000a\000\040\000n\000e\000w\000\040\000c\000o\000n\000s\000t\000r\000a\000i\000n\000t}{section.6.1}% 61
\BOOKMARK [2][-]{subsection.6.1.3}{\376\377\000C\000h\000a\000n\000g\000i\000n\000g\000\040\000i\000n\000p\000u\000t\000\040\000d\000a\000t\000a}{section.6.1}% 62
\BOOKMARK [1][-]{section.6.2}{\376\377\000C\000o\000n\000e\000s\000\040\000a\000n\000d\000\040\000e\000x\000t\000r\000e\000m\000e\000\040\000r\000a\000y\000s}{chapter.6}% 63
\BOOKMARK [2][-]{subsection.6.2.1}{\376\377\000R\000e\000c\000e\000s\000s\000i\000o\000n\000\040\000c\000o\000n\000e\000s\000\040\000a\000n\000d\000\040\000e\000x\000t\000r\000e\000m\000e\000\040\000r\000a\000y\000s}{section.6.2}% 64
\BOOKMARK [2][-]{subsection.6.2.2}{\376\377\000U\000n\000b\000o\000u\000n\000d\000e\000d\000\040\000p\000r\000o\000b\000l\000e\000m\000s}{section.6.2}% 65
\BOOKMARK [2][-]{subsection.6.2.3}{\376\377\000F\000a\000r\000k\000a\000s\000'\000\040\000l\000e\000m\000m\000a}{section.6.2}% 66
\BOOKMARK [1][-]{section.6.3}{\376\377\000E\000x\000e\000r\000c\000i\000s\000e\000s}{chapter.6}% 67
\BOOKMARK [0][-]{chapter.7}{\376\377\000B\000a\000r\000r\000i\000e\000r\000\040\000M\000e\000t\000h\000o\000d\000\040\000f\000o\000r\000\040\000L\000i\000n\000e\000a\000r\000\040\000P\000r\000o\000g\000r\000a\000m\000m\000i\000n\000g}{}% 68
\BOOKMARK [1][-]{section.7.1}{\376\377\000B\000a\000r\000r\000i\000e\000r\000\040\000m\000e\000t\000h\000o\000d\000s}{chapter.7}% 69
\BOOKMARK [1][-]{section.7.2}{\376\377\000N\000e\000w\000t\000o\000n\000'\000s\000\040\000m\000e\000t\000h\000o\000d\000\040\000w\000i\000t\000h\000\040\000e\000q\000u\000a\000l\000i\000t\000y\000\040\000c\000o\000n\000s\000t\000r\000a\000i\000n\000t\000s}{chapter.7}% 70
\BOOKMARK [1][-]{section.7.3}{\376\377\000I\000n\000t\000e\000r\000i\000o\000r\000\040\000p\000o\000i\000n\000t\000\040\000m\000e\000t\000h\000o\000d\000s\000\040\000l\000i\000n\000e\000a\000r\000\040\000p\000r\000o\000g\000r\000a\000m\000m\000i\000n\000g\000\040\000p\000r\000o\000b\000l\000e\000m\000s}{chapter.7}% 71
\BOOKMARK [1][-]{section.7.4}{\376\377\000B\000a\000r\000r\000i\000e\000r\000\040\000m\000e\000t\000h\000o\000d\000s\000\040\000f\000o\000r\000\040\000l\000i\000n\000e\000a\000r\000\040\000p\000r\000o\000g\000r\000a\000m\000m\000i\000n\000g\000\040\000p\000r\000o\000b\000l\000e\000m\000s}{chapter.7}% 72
\BOOKMARK [1][-]{section.7.5}{\376\377\000B\000a\000r\000r\000i\000e\000r\000\040\000m\000e\000t\000h\000o\000d\000s\000\040\000f\000o\000r\000\040\000l\000i\000n\000e\000a\000r\000\040\000p\000r\000o\000g\000r\000a\000m\000m\000i\000n\000g\000\040\000p\000r\000o\000b\000l\000e\000m\000s}{chapter.7}% 73
\BOOKMARK [1][-]{section.7.6}{\376\377\000E\000x\000e\000r\000c\000i\000s\000e\000s}{chapter.7}% 74
\BOOKMARK [0][-]{chapter.8}{\376\377\000I\000n\000t\000e\000g\000e\000r\000\040\000P\000r\000o\000g\000r\000a\000m\000m\000i\000n\000g\000\040\000M\000o\000d\000e\000l\000s}{}% 75
\BOOKMARK [1][-]{section.8.1}{\376\377\000T\000y\000p\000e\000s\000\040\000o\000f\000\040\000i\000n\000t\000e\000g\000e\000r\000\040\000p\000r\000o\000g\000r\000a\000m\000m\000i\000n\000g\000\040\000p\000r\000o\000b\000l\000e\000m\000s}{chapter.8}% 76
\BOOKMARK [1][-]{section.8.2}{\376\377\000\050\000M\000i\000x\000e\000d\000-\000\051\000i\000n\000t\000e\000g\000e\000r\000\040\000p\000r\000o\000g\000r\000a\000m\000m\000i\000n\000g\000\040\000a\000p\000p\000l\000i\000c\000a\000t\000i\000o\000n\000s}{chapter.8}% 77
\BOOKMARK [2][-]{subsection.8.2.1}{\376\377\000T\000h\000e\000\040\000a\000s\000s\000i\000g\000n\000m\000e\000n\000t\000\040\000p\000r\000o\000b\000l\000e\000m}{section.8.2}% 78
\BOOKMARK [2][-]{subsection.8.2.2}{\376\377\000T\000h\000e\000\040\000k\000n\000a\000p\000s\000a\000c\000k\000\040\000p\000r\000o\000b\000l\000e\000m}{section.8.2}% 79
\BOOKMARK [2][-]{subsection.8.2.3}{\376\377\000T\000h\000e\000\040\000g\000e\000n\000e\000r\000a\000l\000i\000s\000e\000d\000\040\000a\000s\000s\000i\000g\000n\000m\000e\000n\000t\000\040\000p\000r\000o\000b\000l\000e\000m}{section.8.2}% 80
\BOOKMARK [2][-]{subsection.8.2.4}{\376\377\000T\000h\000e\000\040\000s\000e\000t\000\040\000c\000o\000v\000e\000r\000i\000n\000g\000\040\000p\000r\000o\000b\000l\000e\000m}{section.8.2}% 81
\BOOKMARK [2][-]{subsection.8.2.5}{\376\377\000T\000r\000a\000v\000e\000l\000l\000i\000n\000g\000\040\000s\000a\000l\000e\000s\000p\000e\000r\000s\000o\000n\000\040\000p\000r\000o\000b\000l\000e\000m}{section.8.2}% 82
\BOOKMARK [2][-]{subsection.8.2.6}{\376\377\000U\000n\000c\000a\000p\000a\000c\000i\000t\000a\000t\000e\000d\000\040\000f\000a\000c\000i\000l\000i\000t\000y\000\040\000l\000o\000c\000a\000t\000i\000o\000n}{section.8.2}% 83
\BOOKMARK [2][-]{subsection.8.2.7}{\376\377\000U\000n\000c\000a\000p\000a\000c\000i\000t\000a\000t\000e\000d\000\040\000l\000o\000t\000-\000s\000i\000z\000i\000n\000g}{section.8.2}% 84
\BOOKMARK [1][-]{section.8.3}{\376\377\000G\000o\000o\000d\000\040\000f\000o\000r\000m\000u\000l\000a\000t\000i\000o\000n\000s}{chapter.8}% 85
\BOOKMARK [2][-]{subsection.8.3.1}{\376\377\000C\000o\000m\000p\000a\000r\000i\000n\000g\000\040\000f\000o\000r\000m\000u\000l\000a\000t\000i\000o\000n\000s}{section.8.3}% 86
\BOOKMARK [1][-]{section.8.4}{\376\377\000E\000x\000e\000r\000c\000i\000s\000e\000s}{chapter.8}% 87
\BOOKMARK [0][-]{chapter.9}{\376\377\000B\000r\000a\000n\000c\000h\000-\000a\000n\000d\000-\000b\000o\000u\000n\000d\000\040\000M\000e\000t\000h\000o\000d}{}% 88
\BOOKMARK [1][-]{section.9.1}{\376\377\000O\000p\000t\000i\000m\000a\000l\000i\000t\000y\000\040\000f\000o\000r\000\040\000i\000n\000t\000e\000g\000e\000r\000\040\000p\000r\000o\000g\000r\000a\000m\000m\000i\000n\000g\000\040\000p\000r\000o\000b\000l\000e\000m\000s}{chapter.9}% 89
\BOOKMARK [1][-]{section.9.2}{\376\377\000R\000e\000l\000a\000x\000a\000t\000i\000o\000n\000s}{chapter.9}% 90
\BOOKMARK [2][-]{subsection.9.2.1}{\376\377\000L\000i\000n\000e\000a\000r\000\040\000p\000r\000o\000g\000r\000a\000m\000m\000i\000n\000g\000\040\000r\000e\000l\000a\000x\000a\000t\000i\000o\000n}{section.9.2}% 91
\BOOKMARK [2][-]{subsection.9.2.2}{\376\377\000R\000e\000l\000a\000x\000a\000t\000i\000o\000n\000\040\000f\000o\000r\000\040\000c\000o\000m\000b\000i\000n\000a\000t\000o\000r\000i\000a\000l\000\040\000o\000p\000t\000i\000m\000i\000s\000a\000t\000i\000o\000n}{section.9.2}% 92
\BOOKMARK [1][-]{section.9.3}{\376\377\000B\000r\000a\000n\000c\000h\000-\000a\000n\000d\000-\000b\000o\000u\000n\000d\000\040\000m\000e\000t\000h\000o\000d}{chapter.9}% 93
\BOOKMARK [2][-]{subsection.9.3.1}{\376\377\000B\000o\000u\000n\000d\000i\000n\000g\000\040\000i\000n\000\040\000e\000n\000u\000m\000e\000r\000a\000t\000i\000v\000e\000\040\000t\000r\000e\000e\000s}{section.9.3}% 94
\BOOKMARK [2][-]{subsection.9.3.2}{\376\377\000L\000i\000n\000e\000a\000r\000-\000p\000r\000o\000g\000r\000a\000m\000m\000i\000n\000g\000-\000b\000a\000s\000e\000d\000\040\000b\000r\000a\000n\000c\000h\000-\000a\000n\000d\000-\000b\000o\000u\000n\000d}{section.9.3}% 95
\BOOKMARK [1][-]{section.9.4}{\376\377\000E\000x\000e\000r\000c\000i\000s\000e\000s}{chapter.9}% 96
\BOOKMARK [0][-]{chapter.10}{\376\377\000C\000u\000t\000t\000i\000n\000g\000-\000p\000l\000a\000n\000e\000s\000\040\000M\000e\000t\000h\000o\000d}{}% 97
\BOOKMARK [1][-]{section.10.1}{\376\377\000V\000a\000l\000i\000d\000\040\000i\000n\000e\000q\000u\000a\000l\000i\000t\000i\000e\000s}{chapter.10}% 98
\BOOKMARK [1][-]{section.10.2}{\376\377\000T\000h\000e\000\040\000C\000h\000v\000\341\000t\000a\000l\000-\000G\000o\000m\000o\000r\000y\000\040\000p\000r\000o\000c\000e\000d\000u\000r\000e}{chapter.10}% 99
\BOOKMARK [1][-]{section.10.3}{\376\377\000T\000h\000e\000\040\000c\000u\000t\000t\000i\000n\000g\000-\000p\000l\000a\000n\000e\000\040\000m\000e\000t\000h\000o\000d}{chapter.10}% 100
\BOOKMARK [1][-]{section.10.4}{\376\377\000G\000o\000m\000o\000r\000y\000'\000s\000\040\000f\000r\000a\000c\000t\000i\000o\000n\000a\000l\000\040\000c\000u\000t\000t\000i\000n\000g\000-\000p\000l\000a\000n\000e\000\040\000m\000e\000t\000h\000o\000d}{chapter.10}% 101
\BOOKMARK [1][-]{section.10.5}{\376\377\000O\000b\000t\000a\000i\000n\000i\000n\000g\000\040\000s\000t\000r\000o\000n\000g\000e\000r\000\040\000i\000n\000e\000q\000u\000a\000l\000i\000t\000i\000e\000s}{chapter.10}% 102
\BOOKMARK [2][-]{subsection.10.5.1}{\376\377\000S\000t\000r\000o\000n\000g\000\040\000i\000n\000e\000q\000u\000a\000l\000i\000t\000i\000e\000s}{section.10.5}% 103
\BOOKMARK [2][-]{subsection.10.5.2}{\376\377\000S\000t\000r\000e\000n\000g\000t\000h\000e\000n\000i\000n\000g\000\040\0000\000-\0001\000\040\000k\000n\000a\000p\000s\000a\000c\000k\000\040\000i\000n\000e\000q\000u\000a\000l\000i\000t\000i\000e\000s}{section.10.5}% 104
\BOOKMARK [1][-]{section.10.6}{\376\377\000E\000x\000e\000r\000c\000i\000s\000e\000s}{chapter.10}% 105
\BOOKMARK [0][-]{chapter.11}{\376\377\000M\000i\000x\000e\000d\000-\000i\000n\000t\000e\000g\000e\000r\000\040\000P\000r\000o\000g\000r\000a\000m\000m\000i\000n\000g\000\040\000S\000o\000l\000v\000e\000r\000s}{}% 106
\BOOKMARK [1][-]{section.11.1}{\376\377\000M\000o\000d\000e\000r\000n\000\040\000m\000i\000x\000e\000d\000-\000i\000n\000t\000e\000g\000e\000r\000\040\000l\000i\000n\000e\000a\000r\000\040\000p\000r\000o\000g\000r\000a\000m\000m\000i\000n\000g\000\040\000s\000o\000l\000v\000e\000r\000s}{chapter.11}% 107
\BOOKMARK [1][-]{section.11.2}{\376\377\000P\000r\000e\000s\000o\000l\000v\000i\000n\000g\000\040\000m\000e\000t\000h\000o\000d\000s}{chapter.11}% 108
\BOOKMARK [1][-]{section.11.3}{\376\377\000C\000u\000t\000\040\000g\000e\000n\000e\000r\000a\000t\000i\000o\000n}{chapter.11}% 109
\BOOKMARK [2][-]{subsection.11.3.1}{\376\377\000C\000u\000t\000\040\000m\000a\000n\000a\000g\000e\000m\000e\000n\000t\000:\000\040\000g\000e\000n\000e\000r\000a\000t\000i\000o\000n\000,\000\040\000s\000e\000l\000e\000c\000t\000i\000o\000n\000\040\000a\000n\000d\000\040\000d\000i\000s\000c\000a\000r\000d\000i\000n\000g}{section.11.3}% 110
\BOOKMARK [1][-]{section.11.4}{\376\377\000V\000a\000r\000i\000a\000b\000l\000e\000\040\000s\000e\000l\000e\000c\000t\000i\000o\000n\000:\000\040\000b\000r\000a\000n\000c\000h\000i\000n\000g\000\040\000s\000t\000r\000a\000t\000e\000g\000y}{chapter.11}% 111
\BOOKMARK [1][-]{section.11.5}{\376\377\000N\000o\000d\000e\000\040\000s\000e\000l\000e\000c\000t\000i\000o\000n}{chapter.11}% 112
\BOOKMARK [1][-]{section.11.6}{\376\377\000P\000r\000i\000m\000a\000l\000\040\000h\000e\000u\000r\000i\000s\000t\000i\000c\000s}{chapter.11}% 113
\BOOKMARK [2][-]{subsection.11.6.1}{\376\377\000D\000i\000v\000i\000n\000g\000\040\000h\000e\000u\000r\000i\000s\000t\000i\000c\000s}{section.11.6}% 114
\BOOKMARK [2][-]{subsection.11.6.2}{\376\377\000L\000o\000c\000a\000l\000\040\000s\000e\000a\000r\000c\000h\000e\000s\000\040\000a\000n\000d\000\040\000l\000a\000r\000g\000e\000-\000n\000e\000i\000g\000h\000b\000o\000u\000r\000h\000o\000o\000d\000\040\000s\000e\000a\000r\000c\000h\000e\000s}{section.11.6}% 115
\BOOKMARK [1][-]{section.11.7}{\376\377\000E\000x\000e\000r\000c\000i\000s\000e\000s}{chapter.11}% 116
\BOOKMARK [0][-]{chapter.12}{\376\377\000D\000e\000c\000o\000m\000p\000o\000s\000i\000t\000i\000o\000n\000\040\000M\000e\000t\000h\000o\000d\000s}{}% 117
\BOOKMARK [1][-]{section.12.1}{\376\377\000L\000a\000r\000g\000e\000-\000s\000c\000a\000l\000e\000\040\000p\000r\000o\000b\000l\000e\000m\000s}{chapter.12}% 118
\BOOKMARK [1][-]{section.12.2}{\376\377\000D\000a\000n\000t\000z\000i\000g\000-\000W\000o\000l\000f\000e\000\040\000d\000e\000c\000o\000m\000p\000o\000s\000i\000t\000i\000o\000n\000\040\000a\000n\000d\000\040\000c\000o\000l\000u\000m\000n\000\040\000g\000e\000n\000e\000r\000a\000t\000i\000o\000n\000*}{chapter.12}% 119
\BOOKMARK [2][-]{subsection.12.2.1}{\376\377\000R\000e\000s\000o\000l\000u\000t\000i\000o\000n\000\040\000t\000h\000e\000o\000r\000e\000m}{section.12.2}% 120
\BOOKMARK [2][-]{subsection.12.2.2}{\376\377\000D\000a\000n\000t\000z\000i\000g\000-\000W\000o\000l\000f\000e\000\040\000d\000e\000c\000o\000m\000p\000o\000s\000i\000t\000i\000o\000n}{section.12.2}% 121
\BOOKMARK [2][-]{subsection.12.2.3}{\376\377\000D\000e\000l\000a\000y\000e\000d\000\040\000c\000o\000l\000u\000m\000n\000\040\000g\000e\000n\000e\000r\000a\000t\000i\000o\000n}{section.12.2}% 122
\BOOKMARK [1][-]{section.12.3}{\376\377\000B\000e\000n\000d\000e\000r\000s\000\040\000d\000e\000c\000o\000m\000p\000o\000s\000i\000t\000i\000o\000n}{chapter.12}% 123
\BOOKMARK [2][-]{subsection.12.3.1}{\376\377\000P\000a\000r\000a\000m\000e\000t\000r\000i\000c\000\040\000o\000p\000t\000i\000m\000i\000s\000a\000t\000i\000o\000n\000\040\000p\000r\000o\000b\000l\000e\000m\000s}{section.12.3}% 124
\BOOKMARK [2][-]{subsection.12.3.2}{\376\377\000P\000r\000o\000p\000e\000r\000t\000i\000e\000s\000\040\000o\000f\000\040\000t\000h\000e\000\040\000o\000p\000t\000i\000m\000a\000l\000\040\000v\000a\000l\000u\000e\000\040\000f\000u\000n\000c\000t\000i\000o\000n\000\040\000F\000\050\000b\000\051}{section.12.3}% 125
\BOOKMARK [2][-]{subsection.12.3.3}{\376\377\000B\000e\000n\000d\000e\000r\000s\000\040\000d\000e\000c\000o\000m\000p\000o\000s\000i\000t\000i\000o\000n}{section.12.3}% 126
\BOOKMARK [1][-]{section.12.4}{\376\377\000E\000x\000e\000r\000c\000i\000s\000e\000s}{chapter.12}% 127
