This is pdfTeX, Version 3.141592653-2.6-1.40.26 (TeX Live 2024) (preloaded format=pdflatex 2024.3.20)  21 OCT 2024 14:32
entering extended mode
 restricted \write18 enabled.
 file:line:error style messages enabled.
 %&-line parsing enabled.
**linopt-notes.tex
(./linopt-notes.tex
LaTeX2e <2023-11-01> patch level 1
L3 programming layer <2024-02-20>
(/usr/local/texlive/2024/texmf-dist/tex/latex/bookest/bookest.cls
Document Class: bookest 2008/03/20 v1.1 Extension for the book class
(/usr/local/texlive/2024/texmf-dist/tex/latex/base/book.cls
Document Class: book 2023/05/17 v1.4n Standard LaTeX document class
(/usr/local/texlive/2024/texmf-dist/tex/latex/base/bk10.clo
File: bk10.clo 2023/05/17 v1.4n Standard LaTeX file (size option)
)
\c@part=\count188
\c@chapter=\count189
\c@section=\count190
\c@subsection=\count191
\c@subsubsection=\count192
\c@paragraph=\count193
\c@subparagraph=\count194
\c@figure=\count195
\c@table=\count196
\abovecaptionskip=\skip48
\belowcaptionskip=\skip49
\bibindent=\dimen140
) (/usr/local/texlive/2024/texmf-dist/tex/latex/graphics/color.sty
Package: color 2022/01/06 v1.3d Standard LaTeX Color (DPC)
 (/usr/local/texlive/2024/texmf-dist/tex/latex/graphics-cfg/color.cfg
File: color.cfg 2016/01/02 v1.6 sample color configuration
)
Package color Info: Driver file: pdftex.def on input line 149.
 (/usr/local/texlive/2024/texmf-dist/tex/latex/graphics-def/pdftex.def
File: pdftex.def 2022/09/22 v1.2b Graphics/color driver for pdftex
) (/usr/local/texlive/2024/texmf-dist/tex/latex/graphics/mathcolor.ltx)) (/usr/local/texlive/2024/texmf-dist/tex/latex/setspace/setspace.sty
Package: setspace 2022/12/04 v6.7b set line spacing
) (/usr/local/texlive/2024/texmf-dist/tex/latex/graphics/graphicx.sty
Package: graphicx 2021/09/16 v1.2d Enhanced LaTeX Graphics (DPC,SPQR)
 (/usr/local/texlive/2024/texmf-dist/tex/latex/graphics/keyval.sty
Package: keyval 2022/05/29 v1.15 key=value parser (DPC)
\KV@toks@=\toks17
) (/usr/local/texlive/2024/texmf-dist/tex/latex/graphics/graphics.sty
Package: graphics 2022/03/10 v1.4e Standard LaTeX Graphics (DPC,SPQR)
 (/usr/local/texlive/2024/texmf-dist/tex/latex/graphics/trig.sty
Package: trig 2021/08/11 v1.11 sin cos tan (DPC)
) (/usr/local/texlive/2024/texmf-dist/tex/latex/graphics-cfg/graphics.cfg
File: graphics.cfg 2016/06/04 v1.11 sample graphics configuration
)
Package graphics Info: Driver file: pdftex.def on input line 107.
)
\Gin@req@height=\dimen141
\Gin@req@width=\dimen142
) (/usr/local/texlive/2024/texmf-dist/tex/latex/hyperref/hyperref.sty
Package: hyperref 2024-01-20 v7.01h Hypertext links for LaTeX
 (/usr/local/texlive/2024/texmf-dist/tex/generic/iftex/iftex.sty
Package: iftex 2022/02/03 v1.0f TeX engine tests
) (/usr/local/texlive/2024/texmf-dist/tex/latex/kvsetkeys/kvsetkeys.sty
Package: kvsetkeys 2022-10-05 v1.19 Key value parser (HO)
) (/usr/local/texlive/2024/texmf-dist/tex/generic/kvdefinekeys/kvdefinekeys.sty
Package: kvdefinekeys 2019-12-19 v1.6 Define keys (HO)
) (/usr/local/texlive/2024/texmf-dist/tex/generic/pdfescape/pdfescape.sty
Package: pdfescape 2019/12/09 v1.15 Implements pdfTeX's escape features (HO)
 (/usr/local/texlive/2024/texmf-dist/tex/generic/ltxcmds/ltxcmds.sty
Package: ltxcmds 2023-12-04 v1.26 LaTeX kernel commands for general use (HO)
) (/usr/local/texlive/2024/texmf-dist/tex/generic/pdftexcmds/pdftexcmds.sty
Package: pdftexcmds 2020-06-27 v0.33 Utility functions of pdfTeX for LuaTeX (HO)
 (/usr/local/texlive/2024/texmf-dist/tex/generic/infwarerr/infwarerr.sty
Package: infwarerr 2019/12/03 v1.5 Providing info/warning/error messages (HO)
)
Package pdftexcmds Info: \pdf@primitive is available.
Package pdftexcmds Info: \pdf@ifprimitive is available.
Package pdftexcmds Info: \pdfdraftmode found.
)) (/usr/local/texlive/2024/texmf-dist/tex/latex/hycolor/hycolor.sty
Package: hycolor 2020-01-27 v1.10 Color options for hyperref/bookmark (HO)
) (/usr/local/texlive/2024/texmf-dist/tex/latex/auxhook/auxhook.sty
Package: auxhook 2019-12-17 v1.6 Hooks for auxiliary files (HO)
) (/usr/local/texlive/2024/texmf-dist/tex/latex/hyperref/nameref.sty
Package: nameref 2023-11-26 v2.56 Cross-referencing by name of section
 (/usr/local/texlive/2024/texmf-dist/tex/latex/refcount/refcount.sty
Package: refcount 2019/12/15 v3.6 Data extraction from label references (HO)
) (/usr/local/texlive/2024/texmf-dist/tex/generic/gettitlestring/gettitlestring.sty
Package: gettitlestring 2019/12/15 v1.6 Cleanup title references (HO)
 (/usr/local/texlive/2024/texmf-dist/tex/latex/kvoptions/kvoptions.sty
Package: kvoptions 2022-06-15 v3.15 Key value format for package options (HO)
))
\c@section@level=\count197
) (/usr/local/texlive/2024/texmf-dist/tex/latex/etoolbox/etoolbox.sty
Package: etoolbox 2020/10/05 v2.5k e-TeX tools for LaTeX (JAW)
\etb@tempcnta=\count198
)
\@linkdim=\dimen143
\Hy@linkcounter=\count199
\Hy@pagecounter=\count266
 (/usr/local/texlive/2024/texmf-dist/tex/latex/hyperref/pd1enc.def
File: pd1enc.def 2024-01-20 v7.01h Hyperref: PDFDocEncoding definition (HO)
Now handling font encoding PD1 ...
... no UTF-8 mapping file for font encoding PD1
) (/usr/local/texlive/2024/texmf-dist/tex/generic/intcalc/intcalc.sty
Package: intcalc 2019/12/15 v1.3 Expandable calculations with integers (HO)
)
\Hy@SavedSpaceFactor=\count267
 (/usr/local/texlive/2024/texmf-dist/tex/latex/hyperref/puenc.def
File: puenc.def 2024-01-20 v7.01h Hyperref: PDF Unicode definition (HO)
Now handling font encoding PU ...
... no UTF-8 mapping file for font encoding PU
)
Package hyperref Info: Hyper figures OFF on input line 4179.
Package hyperref Info: Link nesting OFF on input line 4184.
Package hyperref Info: Hyper index ON on input line 4187.
Package hyperref Info: Plain pages OFF on input line 4194.
Package hyperref Info: Backreferencing OFF on input line 4199.
Package hyperref Info: Implicit mode ON; LaTeX internals redefined.
Package hyperref Info: Bookmarks ON on input line 4446.
\c@Hy@tempcnt=\count268

(/usr/local/texlive/2024/texmf-dist/tex/latex/url/url.sty
\Urlmuskip=\muskip16
Package: url 2013/09/16  ver 3.4  Verb mode for urls, etc.
)
LaTeX Info: Redefining \url on input line 4784.
\XeTeXLinkMargin=\dimen144
 (/usr/local/texlive/2024/texmf-dist/tex/generic/bitset/bitset.sty
Package: bitset 2019/12/09 v1.3 Handle bit-vector datatype (HO)
 (/usr/local/texlive/2024/texmf-dist/tex/generic/bigintcalc/bigintcalc.sty
Package: bigintcalc 2019/12/15 v1.5 Expandable calculations on big integers (HO)
))
\Fld@menulength=\count269
\Field@Width=\dimen145
\Fld@charsize=\dimen146
Package hyperref Info: Hyper figures OFF on input line 6063.
Package hyperref Info: Link nesting OFF on input line 6068.
Package hyperref Info: Hyper index ON on input line 6071.
Package hyperref Info: backreferencing OFF on input line 6078.
Package hyperref Info: Link coloring OFF on input line 6083.
Package hyperref Info: Link coloring with OCG OFF on input line 6088.
Package hyperref Info: PDF/A mode OFF on input line 6093.
 (/usr/local/texlive/2024/texmf-dist/tex/latex/base/atbegshi-ltx.sty
Package: atbegshi-ltx 2021/01/10 v1.0c Emulation of the original atbegshi
package with kernel methods
)
\Hy@abspage=\count270
\c@Item=\count271
\c@Hfootnote=\count272
)
Package hyperref Info: Driver (autodetected): hpdftex.
 (/usr/local/texlive/2024/texmf-dist/tex/latex/hyperref/hpdftex.def
File: hpdftex.def 2024-01-20 v7.01h Hyperref driver for pdfTeX
 (/usr/local/texlive/2024/texmf-dist/tex/latex/base/atveryend-ltx.sty
Package: atveryend-ltx 2020/08/19 v1.0a Emulation of the original atveryend package
with kernel methods
)
\Fld@listcount=\count273
\c@bookmark@seq@number=\count274
 (/usr/local/texlive/2024/texmf-dist/tex/latex/rerunfilecheck/rerunfilecheck.sty
Package: rerunfilecheck 2022-07-10 v1.10 Rerun checks for auxiliary files (HO)
 (/usr/local/texlive/2024/texmf-dist/tex/generic/uniquecounter/uniquecounter.sty
Package: uniquecounter 2019/12/15 v1.4 Provide unlimited unique counter (HO)
)
Package uniquecounter Info: New unique counter `rerunfilecheck' on input line 285.
)
\Hy@SectionHShift=\skip50
) (/usr/local/texlive/2024/texmf-dist/tex/latex/eso-pic/eso-pic.sty
Package: eso-pic 2023/05/03 v3.0c eso-pic (RN)
\ESO@tempdima=\dimen147
\ESO@tempdimb=\dimen148
) (/usr/local/texlive/2024/texmf-dist/tex/latex/geometry/geometry.sty
Package: geometry 2020/01/02 v5.9 Page Geometry
 (/usr/local/texlive/2024/texmf-dist/tex/generic/iftex/ifvtex.sty
Package: ifvtex 2019/10/25 v1.7 ifvtex legacy package. Use iftex instead.
)
\Gm@cnth=\count275
\Gm@cntv=\count276
\c@Gm@tempcnt=\count277
\Gm@bindingoffset=\dimen149
\Gm@wd@mp=\dimen150
\Gm@odd@mp=\dimen151
\Gm@even@mp=\dimen152
\Gm@layoutwidth=\dimen153
\Gm@layoutheight=\dimen154
\Gm@layouthoffset=\dimen155
\Gm@layoutvoffset=\dimen156
\Gm@dimlist=\toks18
) (/usr/local/texlive/2024/texmf-dist/tex/latex/everyshi/everyshi.sty
Package: everyshi 2020/11/18 v4.00 EveryShipout Package
)) (/usr/local/texlive/2024/texmf-dist/tex/latex/amsmath/amsmath.sty
Package: amsmath 2023/05/13 v2.17o AMS math features
\@mathmargin=\skip51

For additional information on amsmath, use the `?' option.
(/usr/local/texlive/2024/texmf-dist/tex/latex/amsmath/amstext.sty
Package: amstext 2021/08/26 v2.01 AMS text
 (/usr/local/texlive/2024/texmf-dist/tex/latex/amsmath/amsgen.sty
File: amsgen.sty 1999/11/30 v2.0 generic functions
\@emptytoks=\toks19
\ex@=\dimen157
)) (/usr/local/texlive/2024/texmf-dist/tex/latex/amsmath/amsbsy.sty
Package: amsbsy 1999/11/29 v1.2d Bold Symbols
\pmbraise@=\dimen158
) (/usr/local/texlive/2024/texmf-dist/tex/latex/amsmath/amsopn.sty
Package: amsopn 2022/04/08 v2.04 operator names
)
\inf@bad=\count278
LaTeX Info: Redefining \frac on input line 234.
\uproot@=\count279
\leftroot@=\count280
LaTeX Info: Redefining \overline on input line 399.
LaTeX Info: Redefining \colon on input line 410.
\classnum@=\count281
\DOTSCASE@=\count282
LaTeX Info: Redefining \ldots on input line 496.
LaTeX Info: Redefining \dots on input line 499.
LaTeX Info: Redefining \cdots on input line 620.
\Mathstrutbox@=\box51
\strutbox@=\box52
LaTeX Info: Redefining \big on input line 722.
LaTeX Info: Redefining \Big on input line 723.
LaTeX Info: Redefining \bigg on input line 724.
LaTeX Info: Redefining \Bigg on input line 725.
\big@size=\dimen159
LaTeX Font Info:    Redeclaring font encoding OML on input line 743.
LaTeX Font Info:    Redeclaring font encoding OMS on input line 744.
\macc@depth=\count283
LaTeX Info: Redefining \bmod on input line 905.
LaTeX Info: Redefining \pmod on input line 910.
LaTeX Info: Redefining \smash on input line 940.
LaTeX Info: Redefining \relbar on input line 970.
LaTeX Info: Redefining \Relbar on input line 971.
\c@MaxMatrixCols=\count284
\dotsspace@=\muskip17
\c@parentequation=\count285
\dspbrk@lvl=\count286
\tag@help=\toks20
\row@=\count287
\column@=\count288
\maxfields@=\count289
\andhelp@=\toks21
\eqnshift@=\dimen160
\alignsep@=\dimen161
\tagshift@=\dimen162
\tagwidth@=\dimen163
\totwidth@=\dimen164
\lineht@=\dimen165
\@envbody=\toks22
\multlinegap=\skip52
\multlinetaggap=\skip53
\mathdisplay@stack=\toks23
LaTeX Info: Redefining \[ on input line 2953.
LaTeX Info: Redefining \] on input line 2954.
) (/usr/local/texlive/2024/texmf-dist/tex/latex/amsfonts/amssymb.sty
Package: amssymb 2013/01/14 v3.01 AMS font symbols
 (/usr/local/texlive/2024/texmf-dist/tex/latex/amsfonts/amsfonts.sty
Package: amsfonts 2013/01/14 v3.01 Basic AMSFonts support
\symAMSa=\mathgroup4
\symAMSb=\mathgroup5
LaTeX Font Info:    Redeclaring math symbol \hbar on input line 98.
LaTeX Font Info:    Overwriting math alphabet `\mathfrak' in version `bold'
(Font)                  U/euf/m/n --> U/euf/b/n on input line 106.
)) (/usr/local/texlive/2024/texmf-dist/tex/latex/amscls/amsthm.sty
Package: amsthm 2020/05/29 v2.20.6
\thm@style=\toks24
\thm@bodyfont=\toks25
\thm@headfont=\toks26
\thm@notefont=\toks27
\thm@headpunct=\toks28
\thm@preskip=\skip54
\thm@postskip=\skip55
\thm@headsep=\skip56
\dth@everypar=\toks29
) (/usr/local/texlive/2024/texmf-dist/tex/latex/floatrow/floatrow.sty
Package: floatrow 2008/08/02 v0.3b floatrow: float package extension
 (/usr/local/texlive/2024/texmf-dist/tex/latex/caption/caption3.sty
Package: caption3 2023/07/31 v2.4d caption3 kernel (AR)
\caption@tempdima=\dimen166
\captionmargin=\dimen167
\caption@leftmargin=\dimen168
\caption@rightmargin=\dimen169
\caption@width=\dimen170
\caption@indent=\dimen171
\caption@parindent=\dimen172
\caption@hangindent=\dimen173
Package caption Info: Standard document class detected.
)
\c@float@type=\count290
\float@exts=\toks30
\float@box=\box53
\@floatcapt=\box54
Package floatrow Info: Modified float package code loaded on input line 455.
Package floatrow Info: Modified rotfloat package code loaded on input line 473.
\FR@everyfloat=\toks31
\flrow@foot=\insert252
\FB@wd=\dimen174
\FBo@wd=\dimen175
\FBc@wd=\dimen176
\FBo@ht=\skip57
\FBc@ht=\skip58
\FBf@ht=\skip59
\FBo@max=\skip60
\FBc@max=\skip61
\FBf@max=\skip62
\c@FBl@b=\count291
\floatbox@depth=\count292
\c@FRobj=\count293
\c@FRsobj=\count294
\Xhsize=\skip63
\sXhsize=\skip64
\Zhsize=\skip65
\sZhsize=\skip66
\flrow@rowbox=\box55
\FR@Zunitlength=\dimen177
\c@FBcnt=\count295
\FPOScnt=\count296
\LTleft=\skip67
\LTright=\skip68
\LTleft=\skip69
\LTright=\skip70
\flrow@types=\toks32
) (/usr/local/texlive/2024/texmf-dist/tex/latex/pgf/frontendlayer/tikz.sty (/usr/local/texlive/2024/texmf-dist/tex/latex/pgf/basiclayer/pgf.sty (/usr/local/texlive/2024/texmf-dist/tex/latex/pgf/utilities/pgfrcs.sty (/usr/local/texlive/2024/texmf-dist/tex/generic/pgf/utilities/pgfutil-common.tex
\pgfutil@everybye=\toks33
\pgfutil@tempdima=\dimen178
\pgfutil@tempdimb=\dimen179
) (/usr/local/texlive/2024/texmf-dist/tex/generic/pgf/utilities/pgfutil-latex.def
\pgfutil@abb=\box56
) (/usr/local/texlive/2024/texmf-dist/tex/generic/pgf/utilities/pgfrcs.code.tex (/usr/local/texlive/2024/texmf-dist/tex/generic/pgf/pgf.revision.tex)
Package: pgfrcs 2023-01-15 v3.1.10 (3.1.10)
))
Package: pgf 2023-01-15 v3.1.10 (3.1.10)
 (/usr/local/texlive/2024/texmf-dist/tex/latex/pgf/basiclayer/pgfcore.sty (/usr/local/texlive/2024/texmf-dist/tex/latex/pgf/systemlayer/pgfsys.sty (/usr/local/texlive/2024/texmf-dist/tex/generic/pgf/systemlayer/pgfsys.code.tex
Package: pgfsys 2023-01-15 v3.1.10 (3.1.10)
 (/usr/local/texlive/2024/texmf-dist/tex/generic/pgf/utilities/pgfkeys.code.tex
\pgfkeys@pathtoks=\toks34
\pgfkeys@temptoks=\toks35
 (/usr/local/texlive/2024/texmf-dist/tex/generic/pgf/utilities/pgfkeyslibraryfiltered.code.tex
\pgfkeys@tmptoks=\toks36
))
\pgf@x=\dimen180
\pgf@y=\dimen181
\pgf@xa=\dimen182
\pgf@ya=\dimen183
\pgf@xb=\dimen184
\pgf@yb=\dimen185
\pgf@xc=\dimen186
\pgf@yc=\dimen187
\pgf@xd=\dimen188
\pgf@yd=\dimen189
\w@pgf@writea=\write3
\r@pgf@reada=\read2
\c@pgf@counta=\count297
\c@pgf@countb=\count298
\c@pgf@countc=\count299
\c@pgf@countd=\count300
\t@pgf@toka=\toks37
\t@pgf@tokb=\toks38
\t@pgf@tokc=\toks39
\pgf@sys@id@count=\count301
 (/usr/local/texlive/2024/texmf-dist/tex/generic/pgf/systemlayer/pgf.cfg
File: pgf.cfg 2023-01-15 v3.1.10 (3.1.10)
)
Driver file for pgf: pgfsys-pdftex.def
 (/usr/local/texlive/2024/texmf-dist/tex/generic/pgf/systemlayer/pgfsys-pdftex.def
File: pgfsys-pdftex.def 2023-01-15 v3.1.10 (3.1.10)
 (/usr/local/texlive/2024/texmf-dist/tex/generic/pgf/systemlayer/pgfsys-common-pdf.def
File: pgfsys-common-pdf.def 2023-01-15 v3.1.10 (3.1.10)
))) (/usr/local/texlive/2024/texmf-dist/tex/generic/pgf/systemlayer/pgfsyssoftpath.code.tex
File: pgfsyssoftpath.code.tex 2023-01-15 v3.1.10 (3.1.10)
\pgfsyssoftpath@smallbuffer@items=\count302
\pgfsyssoftpath@bigbuffer@items=\count303
) (/usr/local/texlive/2024/texmf-dist/tex/generic/pgf/systemlayer/pgfsysprotocol.code.tex
File: pgfsysprotocol.code.tex 2023-01-15 v3.1.10 (3.1.10)
)) (/usr/local/texlive/2024/texmf-dist/tex/latex/xcolor/xcolor.sty
Package: xcolor 2023/11/15 v3.01 LaTeX color extensions (UK)

(/usr/local/texlive/2024/texmf-dist/tex/latex/graphics-cfg/color.cfg
File: color.cfg 2016/01/02 v1.6 sample color configuration
)
Package xcolor Info: Driver file: pdftex.def on input line 274.
LaTeX Info: Redefining \color on input line 758.
 (/usr/local/texlive/2024/texmf-dist/tex/latex/graphics/mathcolor.ltx)
Package xcolor Info: Model `cmy' substituted by `cmy0' on input line 1350.
Package xcolor Info: Model `hsb' substituted by `rgb' on input line 1354.
Package xcolor Info: Model `RGB' extended on input line 1366.
Package xcolor Info: Model `HTML' substituted by `rgb' on input line 1368.
Package xcolor Info: Model `Hsb' substituted by `hsb' on input line 1369.
Package xcolor Info: Model `tHsb' substituted by `hsb' on input line 1370.
Package xcolor Info: Model `HSB' substituted by `hsb' on input line 1371.
Package xcolor Info: Model `Gray' substituted by `gray' on input line 1372.
Package xcolor Info: Model `wave' substituted by `hsb' on input line 1373.
) (/usr/local/texlive/2024/texmf-dist/tex/generic/pgf/basiclayer/pgfcore.code.tex
Package: pgfcore 2023-01-15 v3.1.10 (3.1.10)
 (/usr/local/texlive/2024/texmf-dist/tex/generic/pgf/math/pgfmath.code.tex (/usr/local/texlive/2024/texmf-dist/tex/generic/pgf/math/pgfmathutil.code.tex) (/usr/local/texlive/2024/texmf-dist/tex/generic/pgf/math/pgfmathparser.code.tex
\pgfmath@dimen=\dimen190
\pgfmath@count=\count304
\pgfmath@box=\box57
\pgfmath@toks=\toks40
\pgfmath@stack@operand=\toks41
\pgfmath@stack@operation=\toks42
) (/usr/local/texlive/2024/texmf-dist/tex/generic/pgf/math/pgfmathfunctions.code.tex) (/usr/local/texlive/2024/texmf-dist/tex/generic/pgf/math/pgfmathfunctions.basic.code.tex) (/usr/local/texlive/2024/texmf-dist/tex/generic/pgf/math/pgfmathfunctions.trigonometric.code.tex) (/usr/local/texlive/2024/texmf-dist/tex/generic/pgf/math/pgfmathfunctions.random.code.tex) (/usr/local/texlive/2024/texmf-dist/tex/generic/pgf/math/pgfmathfunctions.comparison.code.tex) (/usr/local/texlive/2024/texmf-dist/tex/generic/pgf/math/pgfmathfunctions.base.code.tex) (/usr/local/texlive/2024/texmf-dist/tex/generic/pgf/math/pgfmathfunctions.round.code.tex) (/usr/local/texlive/2024/texmf-dist/tex/generic/pgf/math/pgfmathfunctions.misc.code.tex) (/usr/local/texlive/2024/texmf-dist/tex/generic/pgf/math/pgfmathfunctions.integerarithmetics.code.tex) (/usr/local/texlive/2024/texmf-dist/tex/generic/pgf/math/pgfmathcalc.code.tex) (/usr/local/texlive/2024/texmf-dist/tex/generic/pgf/math/pgfmathfloat.code.tex
\c@pgfmathroundto@lastzeros=\count305
)) (/usr/local/texlive/2024/texmf-dist/tex/generic/pgf/math/pgfint.code.tex) (/usr/local/texlive/2024/texmf-dist/tex/generic/pgf/basiclayer/pgfcorepoints.code.tex
File: pgfcorepoints.code.tex 2023-01-15 v3.1.10 (3.1.10)
\pgf@picminx=\dimen191
\pgf@picmaxx=\dimen192
\pgf@picminy=\dimen193
\pgf@picmaxy=\dimen194
\pgf@pathminx=\dimen195
\pgf@pathmaxx=\dimen196
\pgf@pathminy=\dimen197
\pgf@pathmaxy=\dimen198
\pgf@xx=\dimen199
\pgf@xy=\dimen256
\pgf@yx=\dimen257
\pgf@yy=\dimen258
\pgf@zx=\dimen259
\pgf@zy=\dimen260
) (/usr/local/texlive/2024/texmf-dist/tex/generic/pgf/basiclayer/pgfcorepathconstruct.code.tex
File: pgfcorepathconstruct.code.tex 2023-01-15 v3.1.10 (3.1.10)
\pgf@path@lastx=\dimen261
\pgf@path@lasty=\dimen262
) (/usr/local/texlive/2024/texmf-dist/tex/generic/pgf/basiclayer/pgfcorepathusage.code.tex
File: pgfcorepathusage.code.tex 2023-01-15 v3.1.10 (3.1.10)
\pgf@shorten@end@additional=\dimen263
\pgf@shorten@start@additional=\dimen264
) (/usr/local/texlive/2024/texmf-dist/tex/generic/pgf/basiclayer/pgfcorescopes.code.tex
File: pgfcorescopes.code.tex 2023-01-15 v3.1.10 (3.1.10)
\pgfpic=\box58
\pgf@hbox=\box59
\pgf@layerbox@main=\box60
\pgf@picture@serial@count=\count306
) (/usr/local/texlive/2024/texmf-dist/tex/generic/pgf/basiclayer/pgfcoregraphicstate.code.tex
File: pgfcoregraphicstate.code.tex 2023-01-15 v3.1.10 (3.1.10)
\pgflinewidth=\dimen265
)
(/usr/local/texlive/2024/texmf-dist/tex/generic/pgf/basiclayer/pgfcoretransformations.code.tex
File: pgfcoretransformations.code.tex 2023-01-15 v3.1.10 (3.1.10)
\pgf@pt@x=\dimen266
\pgf@pt@y=\dimen267
\pgf@pt@temp=\dimen268
) (/usr/local/texlive/2024/texmf-dist/tex/generic/pgf/basiclayer/pgfcorequick.code.tex
File: pgfcorequick.code.tex 2023-01-15 v3.1.10 (3.1.10)
) (/usr/local/texlive/2024/texmf-dist/tex/generic/pgf/basiclayer/pgfcoreobjects.code.tex
File: pgfcoreobjects.code.tex 2023-01-15 v3.1.10 (3.1.10)
) (/usr/local/texlive/2024/texmf-dist/tex/generic/pgf/basiclayer/pgfcorepathprocessing.code.tex
File: pgfcorepathprocessing.code.tex 2023-01-15 v3.1.10 (3.1.10)
) (/usr/local/texlive/2024/texmf-dist/tex/generic/pgf/basiclayer/pgfcorearrows.code.tex
File: pgfcorearrows.code.tex 2023-01-15 v3.1.10 (3.1.10)
\pgfarrowsep=\dimen269
) (/usr/local/texlive/2024/texmf-dist/tex/generic/pgf/basiclayer/pgfcoreshade.code.tex
File: pgfcoreshade.code.tex 2023-01-15 v3.1.10 (3.1.10)
\pgf@max=\dimen270
\pgf@sys@shading@range@num=\count307
\pgf@shadingcount=\count308
) (/usr/local/texlive/2024/texmf-dist/tex/generic/pgf/basiclayer/pgfcoreimage.code.tex
File: pgfcoreimage.code.tex 2023-01-15 v3.1.10 (3.1.10)
) (/usr/local/texlive/2024/texmf-dist/tex/generic/pgf/basiclayer/pgfcoreexternal.code.tex
File: pgfcoreexternal.code.tex 2023-01-15 v3.1.10 (3.1.10)
\pgfexternal@startupbox=\box61
) (/usr/local/texlive/2024/texmf-dist/tex/generic/pgf/basiclayer/pgfcorelayers.code.tex
File: pgfcorelayers.code.tex 2023-01-15 v3.1.10 (3.1.10)
) (/usr/local/texlive/2024/texmf-dist/tex/generic/pgf/basiclayer/pgfcoretransparency.code.tex
File: pgfcoretransparency.code.tex 2023-01-15 v3.1.10 (3.1.10)
) (/usr/local/texlive/2024/texmf-dist/tex/generic/pgf/basiclayer/pgfcorepatterns.code.tex
File: pgfcorepatterns.code.tex 2023-01-15 v3.1.10 (3.1.10)
) (/usr/local/texlive/2024/texmf-dist/tex/generic/pgf/basiclayer/pgfcorerdf.code.tex
File: pgfcorerdf.code.tex 2023-01-15 v3.1.10 (3.1.10)
))) (/usr/local/texlive/2024/texmf-dist/tex/generic/pgf/modules/pgfmoduleshapes.code.tex
File: pgfmoduleshapes.code.tex 2023-01-15 v3.1.10 (3.1.10)
\pgfnodeparttextbox=\box62
) (/usr/local/texlive/2024/texmf-dist/tex/generic/pgf/modules/pgfmoduleplot.code.tex
File: pgfmoduleplot.code.tex 2023-01-15 v3.1.10 (3.1.10)
) (/usr/local/texlive/2024/texmf-dist/tex/latex/pgf/compatibility/pgfcomp-version-0-65.sty
Package: pgfcomp-version-0-65 2023-01-15 v3.1.10 (3.1.10)
\pgf@nodesepstart=\dimen271
\pgf@nodesepend=\dimen272
) (/usr/local/texlive/2024/texmf-dist/tex/latex/pgf/compatibility/pgfcomp-version-1-18.sty
Package: pgfcomp-version-1-18 2023-01-15 v3.1.10 (3.1.10)
)) (/usr/local/texlive/2024/texmf-dist/tex/latex/pgf/utilities/pgffor.sty (/usr/local/texlive/2024/texmf-dist/tex/latex/pgf/utilities/pgfkeys.sty (/usr/local/texlive/2024/texmf-dist/tex/generic/pgf/utilities/pgfkeys.code.tex)) (/usr/local/texlive/2024/texmf-dist/tex/latex/pgf/math/pgfmath.sty (/usr/local/texlive/2024/texmf-dist/tex/generic/pgf/math/pgfmath.code.tex)) (/usr/local/texlive/2024/texmf-dist/tex/generic/pgf/utilities/pgffor.code.tex
Package: pgffor 2023-01-15 v3.1.10 (3.1.10)
\pgffor@iter=\dimen273
\pgffor@skip=\dimen274
\pgffor@stack=\toks43
\pgffor@toks=\toks44
)) (/usr/local/texlive/2024/texmf-dist/tex/generic/pgf/frontendlayer/tikz/tikz.code.tex
Package: tikz 2023-01-15 v3.1.10 (3.1.10)
 (/usr/local/texlive/2024/texmf-dist/tex/generic/pgf/libraries/pgflibraryplothandlers.code.tex
File: pgflibraryplothandlers.code.tex 2023-01-15 v3.1.10 (3.1.10)
\pgf@plot@mark@count=\count309
\pgfplotmarksize=\dimen275
)
\tikz@lastx=\dimen276
\tikz@lasty=\dimen277
\tikz@lastxsaved=\dimen278
\tikz@lastysaved=\dimen279
\tikz@lastmovetox=\dimen280
\tikz@lastmovetoy=\dimen281
\tikzleveldistance=\dimen282
\tikzsiblingdistance=\dimen283
\tikz@figbox=\box63
\tikz@figbox@bg=\box64
\tikz@tempbox=\box65
\tikz@tempbox@bg=\box66
\tikztreelevel=\count310
\tikznumberofchildren=\count311
\tikznumberofcurrentchild=\count312
\tikz@fig@count=\count313

(/usr/local/texlive/2024/texmf-dist/tex/generic/pgf/modules/pgfmodulematrix.code.tex
File: pgfmodulematrix.code.tex 2023-01-15 v3.1.10 (3.1.10)
\pgfmatrixcurrentrow=\count314
\pgfmatrixcurrentcolumn=\count315
\pgf@matrix@numberofcolumns=\count316
)
\tikz@expandcount=\count317
 (/usr/local/texlive/2024/texmf-dist/tex/generic/pgf/frontendlayer/tikz/libraries/tikzlibrarytopaths.code.tex
File: tikzlibrarytopaths.code.tex 2023-01-15 v3.1.10 (3.1.10)
))) (/usr/local/texlive/2024/texmf-dist/tex/latex/algorithms/algorithm.sty
Package: algorithm 2009/08/24 v0.1 Document Style `algorithm' - floating environment
 (/usr/local/texlive/2024/texmf-dist/tex/latex/base/ifthen.sty
Package: ifthen 2022/04/13 v1.1d Standard LaTeX ifthen package (DPC)
)
\c@algorithm=\count318
) (/usr/local/texlive/2024/texmf-dist/tex/latex/algorithmicx/algorithmicx.sty
Package: algorithmicx 2005/04/27 v1.2 Algorithmicx

Document Style algorithmicx 1.2 - a greatly improved `algorithmic' style
\c@ALG@line=\count319
\c@ALG@rem=\count320
\c@ALG@nested=\count321
\ALG@tlm=\skip71
\ALG@thistlm=\skip72
\c@ALG@Lnr=\count322
\c@ALG@blocknr=\count323
\c@ALG@storecount=\count324
\c@ALG@tmpcounter=\count325
\ALG@tmplength=\skip73
) (/usr/local/texlive/2024/texmf-dist/tex/latex/algorithmicx/algpseudocode.sty
Package: algpseudocode 

Document Style - pseudocode environments for use with the `algorithmicx' style
) (/usr/local/texlive/2024/texmf-dist/tex/latex/caption/caption.sty
Package: caption 2023/08/05 v3.6o Customizing captions (AR)
\c@caption@flags=\count326
\c@continuedfloat=\count327
Package caption Info: float package is loaded.
Package caption Info: floatrow package is loaded.
Package caption Info: floatrow package is loaded.
Package caption Info: hyperref package is loaded.
) (/usr/local/texlive/2024/texmf-dist/tex/latex/caption/subcaption.sty
Package: subcaption 2023/07/28 v1.6b Sub-captions (AR)
Package caption Info: New subtype `subfigure' on input line 238.
\c@subfigure=\count328
Package caption Info: New subtype `subtable' on input line 238.
\c@subtable=\count329
) (/usr/local/texlive/2024/texmf-dist/tex/latex/exercise/exercise.sty
Package: exercise 2014/10/20 v1.6 Exercise package (P.Pichaureau)
\ExerciseSkipBefore=\skip74
\ExerciseSkipAfter=\skip75
\AnswerSkipBefore=\skip76
\AnswerSkipAfter=\skip77
\Exesep=\skip78
\Exetopsep=\skip79
\Exeparsep=\skip80
\Exepartopsep=\skip81
\Exeleftmargin=\skip82
\Exerightmargin=\skip83
\Exelabelwidth=\skip84
\Exelabelsep=\skip85
\ExerciseBefore=\skip86
\QuestionBefore=\skip87
\subQuestionBefore=\skip88
\subsubQuestionBefore=\skip89
\QuestionIndent=\skip90
\subQuestionIndent=\skip91
\subsubQuestionIndent=\skip92
\c@Exercise=\count330
\c@Answer=\count331
\c@ExePart=\count332
\c@Question=\count333
\c@subQuestion=\count334
\c@subsubQuestion=\count335
\c@savedQuestion=\count336
\c@savedsubQuestion=\count337
\c@savedsubsubQuestion=\count338
\@QuestionLevel=\count339
\@Exercisebox=\box67
\all@Exercisebox=\box68
\temp@Exercisebox=\box69
\all@Answerbox=\box70
\temp@Answerbox=\box71
\ExerciseDifficulty=\count340
\QuestionDifficulty=\count341
\subQuestionDifficulty=\count342
\subsubQuestionDifficulty=\count343
\ExePartDifficulty=\count344
\@Answerbox=\box72
\colonnesLevel=\count345
\tempskipa=\skip93
\tempskipb=\skip94
\@savedmathindent=\skip95
) (/usr/local/texlive/2024/texmf-dist/tex/latex/chngcntr/chngcntr.sty
Package: chngcntr 2018/04/09 v1.1a change counter resetting
Package chngcntr Info: \counterwithout already defined.
(chngcntr)             Quitting chngcntr on input line 21.
) (/usr/local/texlive/2024/texmf-dist/tex/latex/tools/array.sty
Package: array 2023/10/16 v2.5g Tabular extension package (FMi)
\col@sep=\dimen284
\ar@mcellbox=\box73
\extrarowheight=\dimen285
\NC@list=\toks45
\extratabsurround=\skip96
\backup@length=\skip97
\ar@cellbox=\box74
) (/usr/local/texlive/2024/texmf-dist/tex/latex/booktabs/booktabs.sty
Package: booktabs 2020/01/12 v1.61803398 Publication quality tables
\heavyrulewidth=\dimen286
\lightrulewidth=\dimen287
\cmidrulewidth=\dimen288
\belowrulesep=\dimen289
\belowbottomsep=\dimen290
\aboverulesep=\dimen291
\abovetopsep=\dimen292
\cmidrulesep=\dimen293
\cmidrulekern=\dimen294
\defaultaddspace=\dimen295
\@cmidla=\count346
\@cmidlb=\count347
\@aboverulesep=\dimen296
\@belowrulesep=\dimen297
\@thisruleclass=\count348
\@lastruleclass=\count349
\@thisrulewidth=\dimen298
) (/usr/local/texlive/2024/texmf-dist/tex/latex/blkarray/blkarray.sty
Package: blkarray 2015/02/27 v0.07 Block array (dpc)
\c@BAenumi=\count350
\BA@col=\count351
\BA@block@cnt=\count352
\BA@final@box=\box75
\BA@first@box=\box76
\BA@colsep=\dimen299
\BA@ftn=\toks46
\BAextrarowheight=\dimen300
\BAextraheightafterhline=\dimen301
\BAarrayrulewidth=\dimen302
\BAdoublerulesep=\dimen303
\BAfootskip=\dimen304
\BA@dashbox=\box77
\BA@ddashbox=\box78
) (/usr/local/texlive/2024/texmf-dist/tex/latex/varwidth/varwidth.sty
Package: varwidth 2009/03/30 ver 0.92;  Variable-width minipages
\@vwid@box=\box79
\sift@deathcycles=\count353
\@vwid@loff=\dimen305
\@vwid@roff=\dimen306
) (/usr/local/texlive/2024/texmf-dist/tex/latex/tools/multicol.sty
Package: multicol 2023/03/30 v1.9f multicolumn formatting (FMi)
\c@tracingmulticols=\count354
\mult@box=\box80
\multicol@leftmargin=\dimen307
\c@unbalance=\count355
\c@collectmore=\count356
\doublecol@number=\count357
\multicoltolerance=\count358
\multicolpretolerance=\count359
\full@width=\dimen308
\page@free=\dimen309
\premulticols=\dimen310
\postmulticols=\dimen311
\multicolsep=\skip98
\multicolbaselineskip=\skip99
\partial@page=\box81
\last@line=\box82
\mc@boxedresult=\box83
\maxbalancingoverflow=\dimen312
\mult@rightbox=\box84
\mult@grightbox=\box85
\mult@firstbox=\box86
\mult@gfirstbox=\box87
\@tempa=\box88
\@tempa=\box89
\@tempa=\box90
\@tempa=\box91
\@tempa=\box92
\@tempa=\box93
\@tempa=\box94
\@tempa=\box95
\@tempa=\box96
\@tempa=\box97
\@tempa=\box98
\@tempa=\box99
\@tempa=\box100
\@tempa=\box101
\@tempa=\box102
\@tempa=\box103
\@tempa=\box104
\@tempa=\box105
\@tempa=\box106
\@tempa=\box107
\@tempa=\box108
\@tempa=\box109
\@tempa=\box110
\@tempa=\box111
\@tempa=\box112
\@tempa=\box113
\@tempa=\box114
\@tempa=\box115
\@tempa=\box116
\@tempa=\box117
\@tempa=\box118
\@tempa=\box119
\@tempa=\box120
\@tempa=\box121
\@tempa=\box122
\@tempa=\box123
\c@minrows=\count360
\c@columnbadness=\count361
\c@finalcolumnbadness=\count362
\last@try=\dimen313
\multicolovershoot=\dimen314
\multicolundershoot=\dimen315
\mult@nat@firstbox=\box124
\colbreak@box=\box125
\mc@col@check@num=\count363
) (/usr/local/texlive/2024/texmf-dist/tex/latex/eurosym/eurosym.sty
Package: eurosym 1998/08/06 v1.1 European currency symbol ``Euro''
\@eurobox=\box126
)

LaTeX Warning: \include should only be used after \begin{document} on input line 25.

(./definitions.tex
\c@theorem=\count364
) (/usr/local/texlive/2024/texmf-dist/tex/latex/l3backend/l3backend-pdftex.def
File: l3backend-pdftex.def 2024-02-20 L3 backend support: PDF output (pdfTeX)
\l__color_backend_stack_int=\count365
\l__pdf_internal_box=\box127
) (/Users/pinheif2/Aalto Dropbox/Fabricio Oliveira/Aalto/Courses/linopt-notes/src/.texpadtmp/linopt-notes.aux

LaTeX Warning: Label `p1c3:eq:example_P' multiply defined.


LaTeX Warning: Label `p1c1:eq:constM1' multiply defined.


LaTeX Warning: Label `p1c1:eq:constM2' multiply defined.


LaTeX Warning: Label `p1c1:eq:constM1' multiply defined.


LaTeX Warning: Label `p1c1:eq:constM2' multiply defined.


LaTeX Warning: Label `IP:1' multiply defined.


LaTeX Warning: Label `IP:2' multiply defined.


LaTeX Warning: Label `IP:3' multiply defined.


LaTeX Warning: Label `IP:4' multiply defined.


LaTeX Warning: Label `IP:5' multiply defined.


LaTeX Warning: Label `section_71' multiply defined.


LaTeX Warning: Label `Alg2:loop' multiply defined.

)
\openout1 = `linopt-notes.aux'.

LaTeX Font Info:    Checking defaults for OML/cmm/m/it on input line 37.
LaTeX Font Info:    ... okay on input line 37.
LaTeX Font Info:    Checking defaults for OMS/cmsy/m/n on input line 37.
LaTeX Font Info:    ... okay on input line 37.
LaTeX Font Info:    Checking defaults for OT1/cmr/m/n on input line 37.
LaTeX Font Info:    ... okay on input line 37.
LaTeX Font Info:    Checking defaults for T1/cmr/m/n on input line 37.
LaTeX Font Info:    ... okay on input line 37.
LaTeX Font Info:    Checking defaults for TS1/cmr/m/n on input line 37.
LaTeX Font Info:    ... okay on input line 37.
LaTeX Font Info:    Checking defaults for OMX/cmex/m/n on input line 37.
LaTeX Font Info:    ... okay on input line 37.
LaTeX Font Info:    Checking defaults for U/cmr/m/n on input line 37.
LaTeX Font Info:    ... okay on input line 37.
LaTeX Font Info:    Checking defaults for PD1/pdf/m/n on input line 37.
LaTeX Font Info:    ... okay on input line 37.
LaTeX Font Info:    Checking defaults for PU/pdf/m/n on input line 37.
LaTeX Font Info:    ... okay on input line 37.
 (/usr/local/texlive/2024/texmf-dist/tex/context/base/mkii/supp-pdf.mkii
[Loading MPS to PDF converter (version 2006.09.02).]
\scratchcounter=\count366
\scratchdimen=\dimen316
\scratchbox=\box128
\nofMPsegments=\count367
\nofMParguments=\count368
\everyMPshowfont=\toks47
\MPscratchCnt=\count369
\MPscratchDim=\dimen317
\MPnumerator=\count370
\makeMPintoPDFobject=\count371
\everyMPtoPDFconversion=\toks48
) (/usr/local/texlive/2024/texmf-dist/tex/latex/epstopdf-pkg/epstopdf-base.sty
Package: epstopdf-base 2020-01-24 v2.11 Base part for package epstopdf
Package epstopdf-base Info: Redefining graphics rule for `.eps' on input line 485.
 (/usr/local/texlive/2024/texmf-dist/tex/latex/latexconfig/epstopdf-sys.cfg
File: epstopdf-sys.cfg 2010/07/13 v1.3 Configuration of (r)epstopdf for TeX Live
))
Package hyperref Info: Link coloring OFF on input line 37.
 (/Users/pinheif2/Aalto Dropbox/Fabricio Oliveira/Aalto/Courses/linopt-notes/src/.texpadtmp/linopt-notes.out) (/Users/pinheif2/Aalto Dropbox/Fabricio Oliveira/Aalto/Courses/linopt-notes/src/.texpadtmp/linopt-notes.out)
\@outlinefile=\write4
\openout4 = `linopt-notes.out'.


*geometry* driver: auto-detecting
*geometry* detected driver: pdftex
*geometry* verbose mode - [ preamble ] result:
* driver: pdftex
* paper: <default>
* layout: <same size as paper>
* layoutoffset:(h,v)=(0.0pt,0.0pt)
* modes: twoside 
* h-part:(L,W,R)=(73.71613pt, 430.00462pt, 110.57425pt)
* v-part:(T,H,B)=(95.39737pt, 556.47656pt, 143.09605pt)
* \paperwidth=614.295pt
* \paperheight=794.96999pt
* \textwidth=426.79134pt
* \textheight=597.50787pt
* \oddsidemargin=28.45274pt
* \evensidemargin=14.22636pt
* \topmargin=5.69046pt
* \headheight=12.0pt
* \headsep=18.06749pt
* \topskip=10.0pt
* \footskip=25.29494pt
* \marginparwidth=125.0pt
* \marginparsep=7.0pt
* \columnsep=10.0pt
* \skip\footins=9.0pt plus 4.0pt minus 2.0pt
* \hoffset=0.0pt
* \voffset=0.0pt
* \mag=1000
* \@twocolumnfalse
* \@twosidetrue
* \@mparswitchtrue
* \@reversemarginfalse
* (1in=72.27pt=25.4mm, 1cm=28.453pt)

Package caption Info: Begin \AtBeginDocument code.
Package caption Info: End \AtBeginDocument code.
(./cover.tex) [1

{/usr/local/texlive/2024/texmf-var/fonts/map/pdftex/updmap/pdftex.map}] [2

] (/Users/pinheif2/Aalto Dropbox/Fabricio Oliveira/Aalto/Courses/linopt-notes/src/.texpadtmp/linopt-notes.toc
LaTeX Font Info:    Trying to load font information for U+msa on input line 2.
 (/usr/local/texlive/2024/texmf-dist/tex/latex/amsfonts/umsa.fd
File: umsa.fd 2013/01/14 v3.01 AMS symbols A
)
LaTeX Font Info:    Trying to load font information for U+msb on input line 2.
 (/usr/local/texlive/2024/texmf-dist/tex/latex/amsfonts/umsb.fd
File: umsb.fd 2013/01/14 v3.01 AMS symbols B
) [3] [4] [5])
\tf@toc=\write5
\openout5 = `linopt-notes.toc'.

 [6]
Chapter 1.
(./chapters/chapter_1/chapter_1-1.tex [7

{/usr/local/texlive/2024/texmf-dist/fonts/enc/dvips/cm-super/cm-super-ts1.enc}]
Overfull \vbox (1.88889pt too high) has occurred while \output is active []

 [8]
Overfull \vbox (1.88889pt too high) has occurred while \output is active []

 [9]

LaTeX Warning: Citation `taha2003operations' on page 10 undefined on input line 107.


Overfull \vbox (1.88889pt too high) has occurred while \output is active []

 [10]
Overfull \vbox (1.88889pt too high) has occurred while \output is active []

 [11]
Overfull \vbox (1.88889pt too high) has occurred while \output is active []

 [12]
Overfull \hbox (4.10835pt too wide) in paragraph at lines 252--253
[]\OT1/cmr/m/n/10 The plan-ning hori-zon is rep-re-sented by a col-lec-tion of chrono-log-i-cally or-dered el-e-ments $\OML/cmm/m/it/10 t \OMS/cmsy/m/n/10 2 []$
 []


Overfull \vbox (1.88889pt too high) has occurred while \output is active []

 [13]
<chapters/chapter_1/figures/figure1-3a.pdf, id=758, 216.81pt x 216.81pt>
File: chapters/chapter_1/figures/figure1-3a.pdf Graphic file (type pdf)
<use chapters/chapter_1/figures/figure1-3a.pdf>
Package pdftex.def Info: chapters/chapter_1/figures/figure1-3a.pdf  used on input line 313.
(pdftex.def)             Requested size: 210.30544pt x 210.30544pt.

Overfull \hbox (18.25064pt too wide) in paragraph at lines 313--314
[][] 
 []

<chapters/chapter_1/figures/figure1-3b.pdf, id=759, 216.81pt x 216.81pt>
File: chapters/chapter_1/figures/figure1-3b.pdf Graphic file (type pdf)
<use chapters/chapter_1/figures/figure1-3b.pdf>
Package pdftex.def Info: chapters/chapter_1/figures/figure1-3b.pdf  used on input line 317.
(pdftex.def)             Requested size: 210.30544pt x 210.30544pt.

Overfull \hbox (18.25064pt too wide) in paragraph at lines 317--318
[][] 
 []


Overfull \vbox (1.88889pt too high) has occurred while \output is active []

 [14 <./chapters/chapter_1/figures/figure1-3a.pdf> <./chapters/chapter_1/figures/figure1-3b.pdf

pdfTeX warning: /Library/TeX/texbin/pdflatex (file ./chapters/chapter_1/figures/figure1-3b.pdf): PDF inclusion: multiple pdfs with page group included in a single page
>]
<chapters/chapter_1/figures/figure1-4a.pdf, id=813, 216.81pt x 216.81pt>
File: chapters/chapter_1/figures/figure1-4a.pdf Graphic file (type pdf)
<use chapters/chapter_1/figures/figure1-4a.pdf>
Package pdftex.def Info: chapters/chapter_1/figures/figure1-4a.pdf  used on input line 329.
(pdftex.def)             Requested size: 210.30544pt x 210.30544pt.

Overfull \hbox (18.25064pt too wide) in paragraph at lines 329--330
[][] 
 []

<chapters/chapter_1/figures/figure1-4b.pdf, id=814, 216.81pt x 216.81pt>
File: chapters/chapter_1/figures/figure1-4b.pdf Graphic file (type pdf)
<use chapters/chapter_1/figures/figure1-4b.pdf>
Package pdftex.def Info: chapters/chapter_1/figures/figure1-4b.pdf  used on input line 333.
(pdftex.def)             Requested size: 210.30544pt x 210.30544pt.

Overfull \hbox (18.25064pt too wide) in paragraph at lines 333--334
[][] 
 []


Overfull \vbox (1.88889pt too high) has occurred while \output is active []

 [15 <./chapters/chapter_1/figures/figure1-4a.pdf> <./chapters/chapter_1/figures/figure1-4b.pdf

pdfTeX warning: /Library/TeX/texbin/pdflatex (file ./chapters/chapter_1/figures/figure1-4b.pdf): PDF inclusion: multiple pdfs with page group included in a single page
>]
Overfull \vbox (1.88889pt too high) has occurred while \output is active []

 [16] (./chapters/chapter_1/exercises/E11-jump.tex)

LaTeX Warning: Citation `kwon2019julia' on page 17 undefined on input line 361.

(./chapters/chapter_1/exercises/E12-transp1.tex

LaTeX Warning: `h' float specifier changed to `ht'.


LaTeX Warning: `h' float specifier changed to `ht'.

) [17] (./chapters/chapter_1/exercises/E13-transp2.tex
Overfull \hbox (3.63605pt too wide) in paragraph at lines 22--30
 [] 
 []


LaTeX Warning: `!h' float specifier changed to `!ht'.

)

LaTeX Warning: Citation `birge2011introduction' on page 18 undefined on input line 367.

(./chapters/chapter_1/exercises/E14-farmer.tex
Underfull \vbox (badness 10000) has occurred while \output is active []


Overfull \vbox (1.88889pt too high) has occurred while \output is active []

 [18])

LaTeX Warning: Citation `williams2013model' on page 19 undefined on input line 370.

(./chapters/chapter_1/exercises/E15-factoryplanning.tex [19]
Overfull \hbox (17.53055pt too wide) in paragraph at lines 10--19
 [][] 
 []

) (./chapters/chapter_1/exercises/E16-linearclassifier.tex
<chapters/chapter_1/figures/figure_e16.pdf, id=904, 602.25pt x 401.5pt>
File: chapters/chapter_1/figures/figure_e16.pdf Graphic file (type pdf)
<use chapters/chapter_1/figures/figure_e16.pdf>
Package pdftex.def Info: chapters/chapter_1/figures/figure_e16.pdf  used on input line 3.
(pdftex.def)             Requested size: 320.09349pt x 213.40048pt.
))
Overfull \vbox (1.88889pt too high) has occurred while \output is active []

 [20] [21 <./chapters/chapter_1/figures/figure_e16.pdf>]
Overfull \vbox (1.88889pt too high) has occurred while \output is active []

 [22

]
Chapter 2.
(./chapters/chapter_2/chapter_1-2.tex

pdfTeX warning: /Library/TeX/texbin/pdflatex (file ./chapters/chapter_2/figures/Figure1.pdf): PDF inclusion: found PDF version <1.7>, but at most version <1.5> allowed
<chapters/chapter_2/figures/Figure1.pdf, id=926, 114.9093pt x 119.0046pt>
File: chapters/chapter_2/figures/Figure1.pdf Graphic file (type pdf)
<use chapters/chapter_2/figures/Figure1.pdf>
Package pdftex.def Info: chapters/chapter_2/figures/Figure1.pdf  used on input line 41.
(pdftex.def)             Requested size: 114.90901pt x 119.00429pt.

LaTeX Warning: `h' float specifier changed to `ht'.

[23]
Overfull \vbox (1.88889pt too high) has occurred while \output is active []

 [24 <./chapters/chapter_2/figures/Figure1.pdf>]

pdfTeX warning: /Library/TeX/texbin/pdflatex (file ./chapters/chapter_2/figures/Figure2.pdf): PDF inclusion: found PDF version <1.7>, but at most version <1.5> allowed
<chapters/chapter_2/figures/Figure2.pdf, id=956, 284.74379pt x 113.9457pt>
File: chapters/chapter_2/figures/Figure2.pdf Graphic file (type pdf)
<use chapters/chapter_2/figures/Figure2.pdf>
Package pdftex.def Info: chapters/chapter_2/figures/Figure2.pdf  used on input line 101.
(pdftex.def)             Requested size: 284.74309pt x 113.9454pt.

Overfull \hbox (10.32951pt too wide) in paragraph at lines 115--116
[][]\OT1/cmr/bx/n/10 Theorem 2.4 \OT1/cmr/m/n/10 (Form-ing bases from lin-early in-de-pen-dent vec-tors)\OT1/cmr/bx/n/10 . []\OT1/cmr/m/it/10 Sup-pose that $\OML/cmm/m/it/10 S \OT1/cmr/m/n/10 = [](\OML/cmm/m/it/10 x[]; [] ; x[]\OT1/cmr/m/n/10 )$
 []


Overfull \vbox (1.88889pt too high) has occurred while \output is active []

 [25]
Overfull \vbox (1.88889pt too high) has occurred while \output is active []

 [26 <./chapters/chapter_2/figures/Figure2.pdf>]

pdfTeX warning: /Library/TeX/texbin/pdflatex (file ./chapters/chapter_2/figures/Figure3.pdf): PDF inclusion: found PDF version <1.7>, but at most version <1.5> allowed
<chapters/chapter_2/figures/Figure3.pdf, id=990, 142.3719pt x 71.3064pt>
File: chapters/chapter_2/figures/Figure3.pdf Graphic file (type pdf)
<use chapters/chapter_2/figures/Figure3.pdf>
Package pdftex.def Info: chapters/chapter_2/figures/Figure3.pdf  used on input line 172.
(pdftex.def)             Requested size: 142.37154pt x 71.3062pt.

Overfull \vbox (1.88889pt too high) has occurred while \output is active []

 [27 <./chapters/chapter_2/figures/Figure3.pdf>]

pdfTeX warning: /Library/TeX/texbin/pdflatex (file ./chapters/chapter_2/figures/Figure4.pdf): PDF inclusion: found PDF version <1.7>, but at most version <1.5> allowed
<chapters/chapter_2/figures/Figure4.pdf, id=1007, 313.17pt x 136.5903pt>
File: chapters/chapter_2/figures/Figure4.pdf Graphic file (type pdf)
<use chapters/chapter_2/figures/Figure4.pdf>
Package pdftex.def Info: chapters/chapter_2/figures/Figure4.pdf  used on input line 209.
(pdftex.def)             Requested size: 313.16922pt x 136.58995pt.

Underfull \hbox (badness 2384) in paragraph at lines 226--226
[]\OT1/cmr/m/n/10 Figure 2.4: |A hy-per-plane and its re-spec-tive half-s-paces (left) and the poly-he-dral set
 []



pdfTeX warning: /Library/TeX/texbin/pdflatex (file ./chapters/chapter_2/figures/Figure5.pdf): PDF inclusion: found PDF version <1.7>, but at most version <1.5> allowed
<chapters/chapter_2/figures/Figure5.pdf, id=1013, 284.74379pt x 82.3878pt>
File: chapters/chapter_2/figures/Figure5.pdf Graphic file (type pdf)
<use chapters/chapter_2/figures/Figure5.pdf>
Package pdftex.def Info: chapters/chapter_2/figures/Figure5.pdf  used on input line 248.
(pdftex.def)             Requested size: 284.74309pt x 82.38757pt.

Overfull \vbox (1.88889pt too high) has occurred while \output is active []

 [28 <./chapters/chapter_2/figures/Figure4.pdf>]

pdfTeX warning: /Library/TeX/texbin/pdflatex (file ./chapters/chapter_2/figures/Figure6.pdf): PDF inclusion: found PDF version <1.7>, but at most version <1.5> allowed
<chapters/chapter_2/figures/Figure6.pdf, id=1030, 284.74379pt x 52.7571pt>
File: chapters/chapter_2/figures/Figure6.pdf Graphic file (type pdf)
<use chapters/chapter_2/figures/Figure6.pdf>
Package pdftex.def Info: chapters/chapter_2/figures/Figure6.pdf  used on input line 282.
(pdftex.def)             Requested size: 284.74309pt x 52.75696pt.

Overfull \vbox (1.88889pt too high) has occurred while \output is active []

 [29 <./chapters/chapter_2/figures/Figure5.pdf> <./chapters/chapter_2/figures/Figure6.pdf>]

pdfTeX warning: /Library/TeX/texbin/pdflatex (file ./chapters/chapter_2/figures/Figure7.pdf): PDF inclusion: found PDF version <1.7>, but at most version <1.5> allowed
<chapters/chapter_2/figures/Figure7.pdf, id=1058, 284.74379pt x 62.15219pt>
File: chapters/chapter_2/figures/Figure7.pdf Graphic file (type pdf)
<use chapters/chapter_2/figures/Figure7.pdf>
Package pdftex.def Info: chapters/chapter_2/figures/Figure7.pdf  used on input line 345.
(pdftex.def)             Requested size: 284.74309pt x 62.15202pt.

Overfull \vbox (1.88889pt too high) has occurred while \output is active []

 [30 <./chapters/chapter_2/figures/Figure7.pdf>]

pdfTeX warning: /Library/TeX/texbin/pdflatex (file ./chapters/chapter_2/figures/Figure8.pdf): PDF inclusion: found PDF version <1.7>, but at most version <1.5> allowed
<chapters/chapter_2/figures/Figure8.pdf, id=1082, 284.74379pt x 90.3375pt>
File: chapters/chapter_2/figures/Figure8.pdf Graphic file (type pdf)
<use chapters/chapter_2/figures/Figure8.pdf>
Package pdftex.def Info: chapters/chapter_2/figures/Figure8.pdf  used on input line 385.
(pdftex.def)             Requested size: 284.74309pt x 90.33727pt.

Overfull \vbox (1.88889pt too high) has occurred while \output is active []

 [31]

pdfTeX warning: /Library/TeX/texbin/pdflatex (file ./chapters/chapter_2/figures/Figure9.pdf): PDF inclusion: found PDF version <1.7>, but at most version <1.5> allowed
<chapters/chapter_2/figures/Figure9.pdf, id=1096, 108.16411pt x 119.2455pt>
File: chapters/chapter_2/figures/Figure9.pdf Graphic file (type pdf)
<use chapters/chapter_2/figures/Figure9.pdf>
Package pdftex.def Info: chapters/chapter_2/figures/Figure9.pdf  used on input line 422.
(pdftex.def)             Requested size: 108.16383pt x 119.2452pt.

Overfull \hbox (20.15988pt too wide) in paragraph at lines 439--440
[][]\OT1/cmr/bx/n/10 Theorem 2.13 \OT1/cmr/m/n/10 (Prop-er-ties of ac-tive con-straints)\OT1/cmr/bx/n/10 . []\OT1/cmr/m/it/10 Let $[] \OMS/cmsy/m/n/10 2 \U/msb/m/n/10 R[]$ \OT1/cmr/m/it/10 and $\OML/cmm/m/it/10 I \OT1/cmr/m/n/10 = []$\OT1/cmr/m/it/10 .
 []


Overfull \vbox (1.88889pt too high) has occurred while \output is active []

 [32 <./chapters/chapter_2/figures/Figure8.pdf> <./chapters/chapter_2/figures/Figure9.pdf>]

pdfTeX warning: /Library/TeX/texbin/pdflatex (file ./chapters/chapter_2/figures/Figure10.pdf): PDF inclusion: found PDF version <1.7>, but at most version <1.5> allowed
<chapters/chapter_2/figures/Figure10.pdf, id=1129, 137.5539pt x 136.3494pt>
File: chapters/chapter_2/figures/Figure10.pdf Graphic file (type pdf)
<use chapters/chapter_2/figures/Figure10.pdf>
Package pdftex.def Info: chapters/chapter_2/figures/Figure10.pdf  used on input line 474.
(pdftex.def)             Requested size: 137.55354pt x 136.34904pt.

Overfull \vbox (1.88889pt too high) has occurred while \output is active []

 [33 <./chapters/chapter_2/figures/Figure10.pdf>]
Overfull \hbox (0.58499pt too wide) in paragraph at lines 496--497
[]\OT1/cmr/m/n/10 Let $\OML/cmm/m/it/10 P \OT1/cmr/m/n/10 = \OMS/cmsy/m/n/10 f\OML/cmm/m/it/10 x \OMS/cmsy/m/n/10 2 \U/msb/m/n/10 R[] \OT1/cmr/m/n/10 : \OML/cmm/m/it/10 a[]x \OMS/cmsy/m/n/10 ^^U \OML/cmm/m/it/10 b[]; i \OMS/cmsy/m/n/10 2 \OML/cmm/m/it/10 M[]; a[]x \OT1/cmr/m/n/10 = \OML/cmm/m/it/10 b[]; i \OMS/cmsy/m/n/10 2 \OML/cmm/m/it/10 M[]\OMS/cmsy/m/n/10 g$\OT1/cmr/m/n/10 , and $\OML/cmm/m/it/10 I \OT1/cmr/m/n/10 = []$. 
 []


Overfull \vbox (1.88889pt too high) has occurred while \output is active []

 [34]

LaTeX Warning: Citation `bertsimas1997introduction' on page 35 undefined on input line 522.

(./chapters/chapter_2/exercises/E21-polyhedra.tex) (./chapters/chapter_2/exercises/E22-convexity.tex) (./chapters/chapter_2/exercises/E23-inverses.tex) (./chapters/chapter_2/exercises/E24-independence.tex [35]) (./chapters/chapter_2/exercises/E25-actconst.tex) (./chapters/chapter_2/exercises/E26-bfs.tex
Overfull \vbox (1.88889pt too high) has occurred while \output is active []

 [36]) (./chapters/chapter_2/exercises/E27-binding.tex)) [37]
Overfull \vbox (1.88889pt too high) has occurred while \output is active []

 [38

]
Chapter 3.
(./chapters/chapter_3/chapter_1-3.tex [39]
Overfull \vbox (1.88889pt too high) has occurred while \output is active []

 [40]
Overfull \vbox (1.88889pt too high) has occurred while \output is active []

 [41]
Overfull \vbox (1.88889pt too high) has occurred while \output is active []

 [42]

pdfTeX warning: /Library/TeX/texbin/pdflatex (file ./chapters/chapter_3/figures/figure1.pdf): PDF inclusion: found PDF version <1.7>, but at most version <1.5> allowed
<chapters/chapter_3/figures/figure1.pdf, id=1249, 284.74379pt x 105.2733pt>
File: chapters/chapter_3/figures/figure1.pdf Graphic file (type pdf)
<use chapters/chapter_3/figures/figure1.pdf>
Package pdftex.def Info: chapters/chapter_3/figures/figure1.pdf  used on input line 209.
(pdftex.def)             Requested size: 284.74309pt x 105.27304pt.

LaTeX Warning: `h' float specifier changed to `ht'.


Overfull \vbox (1.88889pt too high) has occurred while \output is active []

 [43]

pdfTeX warning: /Library/TeX/texbin/pdflatex (file ./chapters/chapter_3/figures/Figure2.pdf): PDF inclusion: found PDF version <1.7>, but at most version <1.5> allowed
<chapters/chapter_3/figures/Figure2.pdf, id=1260, 61.4295pt x 71.7882pt>
File: chapters/chapter_3/figures/Figure2.pdf Graphic file (type pdf)
<use chapters/chapter_3/figures/Figure2.pdf>
Package pdftex.def Info: chapters/chapter_3/figures/Figure2.pdf  used on input line 257.
(pdftex.def)             Requested size: 61.42934pt x 71.788pt.

LaTeX Warning: `h' float specifier changed to `ht'.


Overfull \vbox (1.88889pt too high) has occurred while \output is active []

 [44 <./chapters/chapter_3/figures/figure1.pdf>]

pdfTeX warning: /Library/TeX/texbin/pdflatex (file ./chapters/chapter_3/figures/Figure3.pdf): PDF inclusion: found PDF version <1.7>, but at most version <1.5> allowed
<chapters/chapter_3/figures/Figure3.pdf, id=1275, 284.74379pt x 85.5195pt>
File: chapters/chapter_3/figures/Figure3.pdf Graphic file (type pdf)
<use chapters/chapter_3/figures/Figure3.pdf>
Package pdftex.def Info: chapters/chapter_3/figures/Figure3.pdf  used on input line 282.
(pdftex.def)             Requested size: 284.74309pt x 85.51927pt.

Overfull \vbox (1.88889pt too high) has occurred while \output is active []

 [45 <./chapters/chapter_3/figures/Figure2.pdf> <./chapters/chapter_3/figures/Figure3.pdf>]
Overfull \vbox (1.88889pt too high) has occurred while \output is active []

 [46]

pdfTeX warning: /Library/TeX/texbin/pdflatex (file ./chapters/chapter_3/figures/Figure4.pdf): PDF inclusion: found PDF version <1.7>, but at most version <1.5> allowed
<chapters/chapter_3/figures/Figure4.pdf, id=1314, 107.6823pt x 57.0933pt>
File: chapters/chapter_3/figures/Figure4.pdf Graphic file (type pdf)
<use chapters/chapter_3/figures/Figure4.pdf>
Package pdftex.def Info: chapters/chapter_3/figures/Figure4.pdf  used on input line 370.
(pdftex.def)             Requested size: 107.68202pt x 57.09315pt.

LaTeX Warning: `h' float specifier changed to `ht'.


Overfull \vbox (1.88889pt too high) has occurred while \output is active []

 [47]

pdfTeX warning: /Library/TeX/texbin/pdflatex (file ./chapters/chapter_3/figures/Figure5.pdf): PDF inclusion: found PDF version <1.7>, but at most version <1.5> allowed
<chapters/chapter_3/figures/Figure5.pdf, id=1326, 230.0595pt x 144.54pt>
File: chapters/chapter_3/figures/Figure5.pdf Graphic file (type pdf)
<use chapters/chapter_3/figures/Figure5.pdf>
Package pdftex.def Info: chapters/chapter_3/figures/Figure5.pdf  used on input line 416.
(pdftex.def)             Requested size: 230.05893pt x 144.53963pt.

LaTeX Warning: `h' float specifier changed to `ht'.


Overfull \vbox (1.88889pt too high) has occurred while \output is active []

 [48 <./chapters/chapter_3/figures/Figure4.pdf>]
Overfull \vbox (1.88889pt too high) has occurred while \output is active []

 [49 <./chapters/chapter_3/figures/Figure5.pdf>]
Overfull \vbox (1.88889pt too high) has occurred while \output is active []

 [50]
Overfull \vbox (1.88889pt too high) has occurred while \output is active []

 [51] (./chapters/chapter_3/exercises/E31-theorem1L3.tex) (./chapters/chapter_3/exercises/E32-basicsolutions.tex) (./chapters/chapter_3/exercises/E33-degeneracy.tex) (./chapters/chapter_3/exercises/E34-feasibledirection.tex)
Overfull \vbox (1.88889pt too high) has occurred while \output is active []

 [52] (./chapters/chapter_3/exercises/E35-theorem6L3.tex)) [53]
Overfull \vbox (1.88889pt too high) has occurred while \output is active []

 [54

]
Chapter 4.
(./chapters/chapter_4/chapter_1-4.tex [55]
Overfull \vbox (1.88889pt too high) has occurred while \output is active []

 [56]
Overfull \vbox (1.88889pt too high) has occurred while \output is active []

 [57]
Package hyperref Info: bookmark level for unknown algorithm defaults to 0 on input line 143.

Overfull \vbox (1.88889pt too high) has occurred while \output is active []

 [58]

pdfTeX warning: /Library/TeX/texbin/pdflatex (file ./chapters/chapter_4/figures/Figure1.pdf): PDF inclusion: found PDF version <1.7>, but at most version <1.5> allowed
<chapters/chapter_4/figures/Figure1.pdf, id=1428, 106.4778pt x 142.3719pt>
File: chapters/chapter_4/figures/Figure1.pdf Graphic file (type pdf)
<use chapters/chapter_4/figures/Figure1.pdf>
Package pdftex.def Info: chapters/chapter_4/figures/Figure1.pdf  used on input line 171.
(pdftex.def)             Requested size: 106.47752pt x 142.37154pt.

Overfull \vbox (1.88889pt too high) has occurred while \output is active []

 [59 <./chapters/chapter_4/figures/Figure1.pdf>]
Overfull \vbox (1.88889pt too high) has occurred while \output is active []

 [60]

LaTeX Warning: `h' float specifier changed to `ht'.


Overfull \vbox (1.88889pt too high) has occurred while \output is active []

 [61]
Overfull \vbox (1.88889pt too high) has occurred while \output is active []

 [62]
Underfull \vbox (badness 10000) has occurred while \output is active []


Overfull \vbox (1.88889pt too high) has occurred while \output is active []

 [63]
Overfull \vbox (1.88889pt too high) has occurred while \output is active []

 [64]
Overfull \vbox (1.88889pt too high) has occurred while \output is active []

 [65]
Overfull \vbox (1.88889pt too high) has occurred while \output is active []

 [66]

pdfTeX warning: /Library/TeX/texbin/pdflatex (file ./chapters/chapter_4/figures/Figure2.pdf): PDF inclusion: found PDF version <1.7>, but at most version <1.5> allowed
<chapters/chapter_4/figures/Figure2.pdf, id=1492, 131.2905pt x 91.54199pt>
File: chapters/chapter_4/figures/Figure2.pdf Graphic file (type pdf)
<use chapters/chapter_4/figures/Figure2.pdf>
Package pdftex.def Info: chapters/chapter_4/figures/Figure2.pdf  used on input line 525.
(pdftex.def)             Requested size: 131.29016pt x 91.54176pt.


pdfTeX warning: /Library/TeX/texbin/pdflatex (file ./chapters/chapter_4/figures/Figure3.pdf): PDF inclusion: found PDF version <1.7>, but at most version <1.5> allowed
<chapters/chapter_4/figures/Figure3.pdf, id=1494, 136.5903pt x 163.812pt>
File: chapters/chapter_4/figures/Figure3.pdf Graphic file (type pdf)
<use chapters/chapter_4/figures/Figure3.pdf>
Package pdftex.def Info: chapters/chapter_4/figures/Figure3.pdf  used on input line 545.
(pdftex.def)             Requested size: 136.58995pt x 163.81158pt.

Overfull \vbox (1.88889pt too high) has occurred while \output is active []

 [67 <./chapters/chapter_4/figures/Figure2.pdf>]

pdfTeX warning: /Library/TeX/texbin/pdflatex (file ./chapters/chapter_4/figures/Figure4.pdf): PDF inclusion: found PDF version <1.7>, but at most version <1.5> allowed
<chapters/chapter_4/figures/Figure4.pdf, id=1510, 137.313pt x 146.7081pt>
File: chapters/chapter_4/figures/Figure4.pdf Graphic file (type pdf)
<use chapters/chapter_4/figures/Figure4.pdf>
Package pdftex.def Info: chapters/chapter_4/figures/Figure4.pdf  used on input line 565.
(pdftex.def)             Requested size: 137.31265pt x 146.70773pt.

Overfull \vbox (1.88889pt too high) has occurred while \output is active []

 [68 <./chapters/chapter_4/figures/Figure3.pdf> <./chapters/chapter_4/figures/Figure4.pdf>]
Overfull \vbox (1.88889pt too high) has occurred while \output is active []

 [69] (./chapters/chapter_4/exercises/E41-tfsimplex.tex) (./chapters/chapter_4/exercises/E42-simplex.tex) (./chapters/chapter_4/exercises/E43-tableau.tex
Overfull \vbox (1.88889pt too high) has occurred while \output is active []

 [70]) (./chapters/chapter_4/exercises/E44-twophasesimplex.tex)) [71]
Overfull \vbox (1.88889pt too high) has occurred while \output is active []

 [72

]
Chapter 5.
(./chapters/chapter_5/chapter_1-5.tex [73]
Overfull \vbox (1.88889pt too high) has occurred while \output is active []

 [74]

LaTeX Warning: `h' float specifier changed to `ht'.


Overfull \vbox (1.88889pt too high) has occurred while \output is active []

 [75]
Overfull \vbox (1.88889pt too high) has occurred while \output is active []

 [76]
Overfull \vbox (1.88889pt too high) has occurred while \output is active []

 [77]

LaTeX Warning: Reference `part_2' on page 78 undefined on input line 270.


Overfull \vbox (1.88889pt too high) has occurred while \output is active []

 [78]

pdfTeX warning: /Library/TeX/texbin/pdflatex (file ./chapters/chapter_5/figures/Figure1.pdf): PDF inclusion: found PDF version <1.7>, but at most version <1.5> allowed
<chapters/chapter_5/figures/Figure1.pdf, id=1598, 99.4917pt x 95.1555pt>
File: chapters/chapter_5/figures/Figure1.pdf Graphic file (type pdf)
<use chapters/chapter_5/figures/Figure1.pdf>
Package pdftex.def Info: chapters/chapter_5/figures/Figure1.pdf  used on input line 283.
(pdftex.def)             Requested size: 99.49144pt x 95.15524pt.

Overfull \vbox (1.88889pt too high) has occurred while \output is active []

 [79 <./chapters/chapter_5/figures/Figure1.pdf>]
Overfull \vbox (1.88889pt too high) has occurred while \output is active []

 [80]

pdfTeX warning: /Library/TeX/texbin/pdflatex (file ./chapters/chapter_5/figures/Figure2.pdf): PDF inclusion: found PDF version <1.7>, but at most version <1.5> allowed
<chapters/chapter_5/figures/Figure2.pdf, id=1629, 199.22429pt x 142.3719pt>
File: chapters/chapter_5/figures/Figure2.pdf Graphic file (type pdf)
<use chapters/chapter_5/figures/Figure2.pdf>
Package pdftex.def Info: chapters/chapter_5/figures/Figure2.pdf  used on input line 381.
(pdftex.def)             Requested size: 199.2238pt x 142.37154pt.

Overfull \vbox (1.88889pt too high) has occurred while \output is active []

 [81 <./chapters/chapter_5/figures/Figure2.pdf>]
Underfull \vbox (badness 10000) has occurred while \output is active []


Overfull \vbox (1.88889pt too high) has occurred while \output is active []

 [82]
<chapters/chapter_5/figures/primal_plot.pdf, id=1654, 180.675pt x 180.675pt>
File: chapters/chapter_5/figures/primal_plot.pdf Graphic file (type pdf)
<use chapters/chapter_5/figures/primal_plot.pdf>
Package pdftex.def Info: chapters/chapter_5/figures/primal_plot.pdf  used on input line 516.
(pdftex.def)             Requested size: 180.67455pt x 180.67455pt.
<chapters/chapter_5/figures/dual_plot.pdf, id=1655, 180.675pt x 180.675pt>
File: chapters/chapter_5/figures/dual_plot.pdf Graphic file (type pdf)
<use chapters/chapter_5/figures/dual_plot.pdf>
Package pdftex.def Info: chapters/chapter_5/figures/dual_plot.pdf  used on input line 521.
(pdftex.def)             Requested size: 180.67455pt x 180.67455pt.


LaTeX Warning: `h' float specifier changed to `ht'.


Overfull \vbox (1.88889pt too high) has occurred while \output is active []

 [83]
Overfull \vbox (1.88889pt too high) has occurred while \output is active []

 [84 <./chapters/chapter_5/figures/primal_plot.pdf> <./chapters/chapter_5/figures/dual_plot.pdf

pdfTeX warning: /Library/TeX/texbin/pdflatex (file ./chapters/chapter_5/figures/dual_plot.pdf): PDF inclusion: multiple pdfs with page group included in a single page
>] (./chapters/chapter_5/exercises/E51-dualtransp.tex) (./chapters/chapter_5/exercises/E52-dualsimplex.tex [85]) (./chapters/chapter_5/exercises/E53-unboundedness.tex) (./chapters/chapter_5/exercises/E54-dualmatrix.tex) (./chapters/chapter_5/exercises/E55-complementarity.tex
Overfull \vbox (1.88889pt too high) has occurred while \output is active []

 [86])) [87]
Overfull \vbox (1.88889pt too high) has occurred while \output is active []

 [88

]
Chapter 6.
(./chapters/chapter_6/chapter_1-6.tex
Underfull \vbox (badness 3058) has occurred while \output is active []

 [89]
Overfull \vbox (1.88889pt too high) has occurred while \output is active []

 [90]
Overfull \vbox (1.88889pt too high) has occurred while \output is active []

 [91]
Overfull \vbox (1.88889pt too high) has occurred while \output is active []

 [92]
Overfull \vbox (1.88889pt too high) has occurred while \output is active []

 [93]
Overfull \vbox (1.88889pt too high) has occurred while \output is active []

 [94]
Overfull \vbox (1.88889pt too high) has occurred while \output is active []

 [95]

pdfTeX warning: /Library/TeX/texbin/pdflatex (file ./chapters/chapter_6/figures/Figure1.pdf): PDF inclusion: found PDF version <1.7>, but at most version <1.5> allowed
<chapters/chapter_6/figures/Figure1.pdf, id=1790, 128.1588pt x 128.1588pt>
File: chapters/chapter_6/figures/Figure1.pdf Graphic file (type pdf)
<use chapters/chapter_6/figures/Figure1.pdf>
Package pdftex.def Info: chapters/chapter_6/figures/Figure1.pdf  used on input line 356.
(pdftex.def)             Requested size: 128.15848pt x 128.15848pt.

Overfull \vbox (1.88889pt too high) has occurred while \output is active []

 [96 <./chapters/chapter_6/figures/Figure1.pdf>]

pdfTeX warning: /Library/TeX/texbin/pdflatex (file ./chapters/chapter_6/figures/Figure2.pdf): PDF inclusion: found PDF version <1.7>, but at most version <1.5> allowed
<chapters/chapter_6/figures/Figure2.pdf, id=1821, 93.46921pt x 84.315pt>
File: chapters/chapter_6/figures/Figure2.pdf Graphic file (type pdf)
<use chapters/chapter_6/figures/Figure2.pdf>
Package pdftex.def Info: chapters/chapter_6/figures/Figure2.pdf  used on input line 402.
(pdftex.def)             Requested size: 93.46898pt x 84.31477pt.


pdfTeX warning: /Library/TeX/texbin/pdflatex (file ./chapters/chapter_6/figures/Figure3.pdf): PDF inclusion: found PDF version <1.7>, but at most version <1.5> allowed
<chapters/chapter_6/figures/Figure3.pdf, id=1825, 128.1588pt x 128.1588pt>
File: chapters/chapter_6/figures/Figure3.pdf Graphic file (type pdf)
<use chapters/chapter_6/figures/Figure3.pdf>
Package pdftex.def Info: chapters/chapter_6/figures/Figure3.pdf  used on input line 428.
(pdftex.def)             Requested size: 128.15848pt x 128.15848pt.

Overfull \vbox (1.88889pt too high) has occurred while \output is active []

 [97 <./chapters/chapter_6/figures/Figure2.pdf>]
Overfull \vbox (1.88889pt too high) has occurred while \output is active []

 [98 <./chapters/chapter_6/figures/Figure3.pdf>]
Overfull \vbox (1.88889pt too high) has occurred while \output is active []

 [99]

pdfTeX warning: /Library/TeX/texbin/pdflatex (file ./chapters/chapter_6/figures/Figure4.pdf): PDF inclusion: found PDF version <1.7>, but at most version <1.5> allowed
<chapters/chapter_6/figures/Figure4.pdf, id=1872, 113.9457pt x 79.7379pt>
File: chapters/chapter_6/figures/Figure4.pdf Graphic file (type pdf)
<use chapters/chapter_6/figures/Figure4.pdf>
Package pdftex.def Info: chapters/chapter_6/figures/Figure4.pdf  used on input line 516.
(pdftex.def)             Requested size: 113.9454pt x 79.7377pt.

Overfull \vbox (1.88889pt too high) has occurred while \output is active []

 [100 <./chapters/chapter_6/figures/Figure4.pdf>] (./chapters/chapter_6/exercises/E61-sensitivity.tex) (./chapters/chapter_6/exercises/E62-extremerays.tex) (./chapters/chapter_6/exercises/E63-farkasdual.tex) (./chapters/chapter_6/exercises/E64-additionalconstraint.tex [101]))
Overfull \vbox (1.88889pt too high) has occurred while \output is active []

 [102]
Chapter 7.
(./chapters/chapter_7/chapter_1-7.tex [103

]
Overfull \vbox (1.88889pt too high) has occurred while \output is active []

 [104]
Overfull \vbox (1.88889pt too high) has occurred while \output is active []

 [105]
Overfull \vbox (1.88889pt too high) has occurred while \output is active []

 [106]
<chapters/chapter_7/figures/different_mu.pdf, id=1936, 433.62pt x 289.08pt>
File: chapters/chapter_7/figures/different_mu.pdf Graphic file (type pdf)
<use chapters/chapter_7/figures/different_mu.pdf>
Package pdftex.def Info: chapters/chapter_7/figures/different_mu.pdf  used on input line 214.
(pdftex.def)             Requested size: 341.43436pt x 227.63405pt.

Overfull \vbox (1.88889pt too high) has occurred while \output is active []

 [107]
Overfull \vbox (1.88889pt too high) has occurred while \output is active []

 [108 <./chapters/chapter_7/figures/different_mu.pdf>]
<chapters/chapter_7/figures/ex-barrier.pdf, id=1973, 433.62pt x 289.08pt>
File: chapters/chapter_7/figures/ex-barrier.pdf Graphic file (type pdf)
<use chapters/chapter_7/figures/ex-barrier.pdf>
Package pdftex.def Info: chapters/chapter_7/figures/ex-barrier.pdf  used on input line 250.
(pdftex.def)             Requested size: 341.43436pt x 227.63405pt.

Overfull \vbox (1.88889pt too high) has occurred while \output is active []

 [109 <./chapters/chapter_7/figures/ex-barrier.pdf>]

LaTeX Warning: Reference `p2c7:sec:KKT' on page 110 undefined on input line 291.


Overfull \vbox (1.88889pt too high) has occurred while \output is active []

 [110]

LaTeX Warning: Citation `gondzio2012interior' on page 111 undefined on input line 338.

<chapters/chapter_7/figures/central_path_lp-eps-converted-to.pdf, id=2017, 199.74625pt x 195.73125pt>
File: chapters/chapter_7/figures/central_path_lp-eps-converted-to.pdf Graphic file (type pdf)
<use chapters/chapter_7/figures/central_path_lp-eps-converted-to.pdf>
Package pdftex.def Info: chapters/chapter_7/figures/central_path_lp-eps-converted-to.pdf  used on input line 342.
(pdftex.def)             Requested size: 199.74576pt x 195.73076pt.

Overfull \vbox (1.88889pt too high) has occurred while \output is active []

 [111]
Overfull \vbox (1.88889pt too high) has occurred while \output is active []

 [112 <./chapters/chapter_7/figures/central_path_lp-eps-converted-to.pdf>]

LaTeX Warning: Citation `gondzio2012interior' on page 113 undefined on input line 428.


Overfull \vbox (1.88889pt too high) has occurred while \output is active []

 [113]
Overfull \vbox (1.88889pt too high) has occurred while \output is active []

 [114] (./chapters/chapter_7/exercises/E71-newtonstep.tex)) [115]
Overfull \vbox (1.88889pt too high) has occurred while \output is active []

 [116

]
Chapter 8.
(./chapters/chapter_8/chapter_1-8.tex [117]
Overfull \vbox (1.88889pt too high) has occurred while \output is active []

 [118]
Overfull \vbox (3.0pt too high) has occurred while \output is active []

 [119]
Overfull \vbox (1.88889pt too high) has occurred while \output is active []

 [120]
<chapters/chapter_8/figures/hive_setcover.png, id=2082, 182.6022pt x 198.5016pt>
File: chapters/chapter_8/figures/hive_setcover.png Graphic file (type png)
<use chapters/chapter_8/figures/hive_setcover.png>
Package pdftex.def Info: chapters/chapter_8/figures/hive_setcover.png  used on input line 177.
(pdftex.def)             Requested size: 146.08194pt x 158.80148pt.

Overfull \vbox (3.0pt too high) has occurred while \output is active []

 [121 <./chapters/chapter_8/figures/hive_setcover.png>]

LaTeX Warning: `h' float specifier changed to `ht'.


Overfull \vbox (1.88889pt too high) has occurred while \output is active []

 [122]
Overfull \vbox (3.0pt too high) has occurred while \output is active []

 [123]
Overfull \vbox (1.88889pt too high) has occurred while \output is active []

 [124] [125]
Overfull \vbox (1.88889pt too high) has occurred while \output is active []

 [126] [127]
Overfull \vbox (1.88889pt too high) has occurred while \output is active []

 [128] (./chapters/chapter_8/exercises/E71-ULSformulations.tex
Underfull \hbox (badness 10000) in paragraph at lines 22--23

 []


Underfull \hbox (badness 10000) in paragraph at lines 75--76

 []


Overfull \hbox (8.46667pt too wide) detected at line 92
[]
 []


Underfull \vbox (badness 1817) has occurred while \output is active []

 [129]
Underfull \hbox (badness 10000) in paragraph at lines 92--93

 []

) (./chapters/chapter_8/exercises/E72-TSPformulation.tex)
Overfull \vbox (1.88889pt too high) has occurred while \output is active []

 [130] (./chapters/chapter_8/exercises/E73-TSPMTZ.tex) (./chapters/chapter_8/exercises/E74-TSPvalidineq.tex) [131] (./chapters/chapter_8/exercises/E75-Wolsey1-10.tex) (./chapters/chapter_8/exercises/E86-paintfactoryextended.tex
<chapters/chapter_8/figures/E86-plot.pdf, id=2183, 602.25pt x 401.5pt>
File: chapters/chapter_8/figures/E86-plot.pdf Graphic file (type pdf)
<use chapters/chapter_8/figures/E86-plot.pdf>
Package pdftex.def Info: chapters/chapter_8/figures/E86-plot.pdf  used on input line 25.
(pdftex.def)             Requested size: 213.39566pt x 142.26698pt.


LaTeX Warning: `h' float specifier changed to `ht'.

))
Overfull \vbox (1.88889pt too high) has occurred while \output is active []

 [132] [133 <./chapters/chapter_8/figures/E86-plot.pdf>]
Overfull \vbox (1.88889pt too high) has occurred while \output is active []

 [134

]
Chapter 9.
(./chapters/chapter_9/chapter_1-9.tex [135]

LaTeX Warning: Reference `part_2' on page 136 undefined on input line 58.


Overfull \vbox (1.88889pt too high) has occurred while \output is active []

 [136]

LaTeX Warning: `h' float specifier changed to `ht'.

[137]

LaTeX Warning: `h' float specifier changed to `ht'.


Overfull \vbox (1.88889pt too high) has occurred while \output is active []

 [138] [139]
Overfull \vbox (1.88889pt too high) has occurred while \output is active []

 [140]

LaTeX Warning: `h' float specifier changed to `ht'.

[141]

LaTeX Warning: `h' float specifier changed to `ht'.


Underfull \vbox (badness 10000) has occurred while \output is active []


Overfull \vbox (1.88889pt too high) has occurred while \output is active []

 [142]

LaTeX Warning: `h' float specifier changed to `ht'.

[143]

LaTeX Warning: `h' float specifier changed to `ht'.


LaTeX Warning: `h' float specifier changed to `ht'.


Underfull \vbox (badness 1259) has occurred while \output is active []


Overfull \vbox (1.88889pt too high) has occurred while \output is active []

 [144] [145] (./chapters/chapter_9/exercises/E91-UFL.tex)
Underfull \vbox (badness 1072) has occurred while \output is active []


Overfull \vbox (1.88889pt too high) has occurred while \output is active []

 [146] (./chapters/chapter_9/exercises/E92-LPBB.tex
Overfull \hbox (9.65858pt too wide) in paragraph at lines 16--16
[]$[]$|  
 []


Overfull \hbox (9.65858pt too wide) detected at line 16
[]$[]$|  
 []


Overfull \hbox (12.92072pt too wide) in paragraph at lines 16--16
[]\OT1/cmr/m/n/10 max|  
 []


Overfull \hbox (12.92072pt too wide) detected at line 16
[]\OT1/cmr/m/n/10 max|  
 []


Underfull \hbox (badness 1558) in paragraph at lines 17--17
[]|  
 []


Overfull \hbox (2.4282pt too wide) in paragraph at lines 17--17
[]$[]$|  
 []


Overfull \hbox (2.4282pt too wide) detected at line 17
[]$[]$|  
 []


Overfull \hbox (9.51096pt too wide) in paragraph at lines 17--17
[]\OT1/cmr/m/n/10 7$\OML/cmm/m/it/10 x[]$|  
 []


Overfull \hbox (9.51096pt too wide) detected at line 17
[]\OT1/cmr/m/n/10 7$\OML/cmm/m/it/10 x[]$|  
 []


Overfull \hbox (17.35597pt too wide) in paragraph at lines 17--17
[]$\OT1/cmr/m/n/10 + \OML/cmm/m/it/10 x[]$|  
 []


Overfull \hbox (17.35597pt too wide) detected at line 17
[]$\OT1/cmr/m/n/10 + \OML/cmm/m/it/10 x[]$|  
 []


Underfull \hbox (badness 1558) in paragraph at lines 17--17
[]|  
 []


Underfull \hbox (badness 1558) in paragraph at lines 17--17
[]|  
 []


Overfull \hbox (2.08734pt too wide) in paragraph at lines 17--17
[]$\OT1/cmr/m/n/10 =$|  
 []


Overfull \hbox (2.08734pt too wide) detected at line 17
[]$\OT1/cmr/m/n/10 =$|  
 []


Underfull \hbox (badness 1558) in paragraph at lines 18--18
[]|  
 []


Underfull \hbox (badness 1558) in paragraph at lines 18--18
[]|  
 []


Underfull \hbox (badness 1558) in paragraph at lines 18--18
[]|  
 []


Underfull \hbox (badness 1558) in paragraph at lines 18--18
[]|  
 []


Overfull \hbox (17.35597pt too wide) in paragraph at lines 18--18
[]$\OT1/cmr/m/n/10 + \OML/cmm/m/it/10 x[]$|  
 []


Overfull \hbox (17.35597pt too wide) detected at line 18
[]$\OT1/cmr/m/n/10 + \OML/cmm/m/it/10 x[]$|  
 []


Underfull \hbox (badness 1558) in paragraph at lines 18--18
[]|  
 []


Overfull \hbox (2.08734pt too wide) in paragraph at lines 18--18
[]$\OT1/cmr/m/n/10 =$|  
 []


Overfull \hbox (2.08734pt too wide) detected at line 18
[]$\OT1/cmr/m/n/10 =$|  
 []


Underfull \hbox (badness 1558) in paragraph at lines 19--19
[]|  
 []


Underfull \hbox (badness 1558) in paragraph at lines 19--19
[]|  
 []


Overfull \hbox (9.51096pt too wide) in paragraph at lines 19--19
[]\OT1/cmr/m/n/10 2$\OML/cmm/m/it/10 x[]$|  
 []


Overfull \hbox (9.51096pt too wide) detected at line 19
[]\OT1/cmr/m/n/10 2$\OML/cmm/m/it/10 x[]$|  
 []


Underfull \hbox (badness 1558) in paragraph at lines 19--19
[]|  
 []


Underfull \hbox (badness 1558) in paragraph at lines 19--19
[]|  
 []


Overfull \hbox (8.8205pt too wide) in paragraph at lines 19--19
[]$\OT1/cmr/m/n/10 + \OML/cmm/m/it/10 x[]$|  
 []


Overfull \hbox (8.8205pt too wide) detected at line 19
[]$\OT1/cmr/m/n/10 + \OML/cmm/m/it/10 x[]$|  
 []


Overfull \hbox (2.08734pt too wide) in paragraph at lines 19--19
[]$\OT1/cmr/m/n/10 =$|  
 []


Overfull \hbox (2.08734pt too wide) detected at line 19
[]$\OT1/cmr/m/n/10 =$|  
 []


Underfull \hbox (badness 1558) in paragraph at lines 20--20
[]|  
 []


Overfull \hbox (36.97752pt too wide) in paragraph at lines 15--22
 [][] 
 []


Underfull \hbox (badness 10000) in paragraph at lines 3--24

 []


Underfull \hbox (badness 10000) in paragraph at lines 34--60

 []

) (./chapters/chapter_9/exercises/E93-BBIP.tex [147]))
Overfull \vbox (1.88889pt too high) has occurred while \output is active []

 [148]
Chapter 10.
(./chapters/chapter_10/chapter_1-10.tex [149

]
Overfull \vbox (1.88889pt too high) has occurred while \output is active []

 [150]
Overfull \vbox (1.88889pt too high) has occurred while \output is active []

 [151]

LaTeX Warning: Reference `p2c2:thm:separation' on page 152 undefined on input line 188.


LaTeX Warning: Reference `part_2' on page 152 undefined on input line 188.


Overfull \vbox (1.88889pt too high) has occurred while \output is active []

 [152]
Overfull \vbox (1.88889pt too high) has occurred while \output is active []

 [153]
Overfull \vbox (1.88889pt too high) has occurred while \output is active []

 [154]
Overfull \hbox (1.77702pt too wide) in paragraph at lines 471--472
 [][] 
 []


LaTeX Warning: `h' float specifier changed to `ht'.


Overfull \vbox (1.88889pt too high) has occurred while \output is active []

 [155]
Overfull \vbox (1.88889pt too high) has occurred while \output is active []

 [156]
Overfull \vbox (1.88889pt too high) has occurred while \output is active []

 [157]
Overfull \vbox (1.88889pt too high) has occurred while \output is active []

 [158]
Overfull \vbox (1.88889pt too high) has occurred while \output is active []

 [159] (./chapters/chapter_10/exercises/E101-C-G_Procedure.tex
Underfull \hbox (badness 10000) in paragraph at lines 9--10

 []


Underfull \hbox (badness 10000) in paragraph at lines 11--12

 []


Underfull \hbox (badness 10000) in paragraph at lines 16--18

 []


Underfull \hbox (badness 10000) in paragraph at lines 22--24

 []


Underfull \hbox (badness 10000) in paragraph at lines 36--38

 []


Overfull \vbox (1.88889pt too high) has occurred while \output is active []

 [160]) (./chapters/chapter_10/exercises/E102-C-G_Example.tex) (./chapters/chapter_10/exercises/E103-Gomory.tex [161]) (./chapters/chapter_10/exercises/E104-Gomory2.tex) (./chapters/chapter_10/exercises/E105-Cover_sep.tex))
Overfull \vbox (1.88889pt too high) has occurred while \output is active []

 [162]
Chapter 11.
(./chapters/chapter_11/chapter_1-11.tex [163

]
Overfull \vbox (1.88889pt too high) has occurred while \output is active []

 [164]
Overfull \vbox (1.88889pt too high) has occurred while \output is active []

 [165]
Overfull \vbox (1.88889pt too high) has occurred while \output is active []

 [166]
Overfull \vbox (1.77776pt too high) has occurred while \output is active []

 [167]
Overfull \vbox (1.88889pt too high) has occurred while \output is active []

 [168]
Underfull \vbox (badness 1052) has occurred while \output is active []


Overfull \vbox (1.88889pt too high) has occurred while \output is active []

 [169]
Overfull \vbox (1.88889pt too high) has occurred while \output is active []

 [170] [171]
Overfull \vbox (1.88889pt too high) has occurred while \output is active []

 [172] [173]
Overfull \vbox (1.88889pt too high) has occurred while \output is active []

 [174] [175]
Underfull \vbox (badness 10000) has occurred while \output is active []


Overfull \vbox (1.88889pt too high) has occurred while \output is active []

 [176] (./chapters/chapter_11/exercises/E111-pressolving.tex
Underfull \hbox (badness 10000) in paragraph at lines 4--5

 []


Underfull \hbox (badness 10000) in paragraph at lines 20--21

 []

[177]) (./chapters/chapter_11/exercises/E112-smartbb.tex))
Overfull \vbox (1.88889pt too high) has occurred while \output is active []

 [178]
Chapter 12.
(./chapters/chapter_12/chapter_1-12.tex

LaTeX Warning: Reference `p1c6:thm:resolution_theorem' on page 179 undefined on input line 7.


LaTeX Warning: Reference `part_2' on page 179 undefined on input line 11.

[179

]
Overfull \vbox (1.88889pt too high) has occurred while \output is active []

 [180]
Overfull \vbox (2.44444pt too high) has occurred while \output is active []

 [181]
<chapters/chapter_12/figures/Figure1.pdf, id=2620, 180.675pt x 180.675pt>
File: chapters/chapter_12/figures/Figure1.pdf Graphic file (type pdf)
<use chapters/chapter_12/figures/Figure1.pdf>
Package pdftex.def Info: chapters/chapter_12/figures/Figure1.pdf  used on input line 143.
(pdftex.def)             Requested size: 180.67455pt x 180.67455pt.

Overfull \vbox (1.88889pt too high) has occurred while \output is active []

 [182 <./chapters/chapter_12/figures/Figure1.pdf>]
Overfull \vbox (2.44444pt too high) has occurred while \output is active []

 [183]

LaTeX Warning: `h' float specifier changed to `ht'.


Overfull \vbox (1.88889pt too high) has occurred while \output is active []

 [184]

LaTeX Warning: `h' float specifier changed to `ht'.


Overfull \vbox (2.44444pt too high) has occurred while \output is active []

 [185]
Overfull \vbox (1.88889pt too high) has occurred while \output is active []

 [186]
Overfull \vbox (1.88889pt too high) has occurred while \output is active []

 [187]

Package hyperref Warning: Token not allowed in a PDF string (Unicode):
(hyperref)                removing `math shift' on input line 408.


Package hyperref Warning: Token not allowed in a PDF string (Unicode):
(hyperref)                removing `math shift' on input line 408.


Overfull \vbox (1.88889pt too high) has occurred while \output is active []

 [188]
<chapters/chapter_12/figures/Figure2.pdf, id=2706, 163.0893pt x 121.8954pt>
File: chapters/chapter_12/figures/Figure2.pdf Graphic file (type pdf)
<use chapters/chapter_12/figures/Figure2.pdf>
Package pdftex.def Info: chapters/chapter_12/figures/Figure2.pdf  used on input line 445.
(pdftex.def)             Requested size: 163.08888pt x 121.8951pt.

Overfull \hbox (46.12222pt too wide) in paragraph at lines 476--477
[]\OT1/cmr/m/n/10 Recall that $\OML/cmm/m/it/10 F$ \OT1/cmr/m/n/10 is de-fined on the set $\OML/cmm/m/it/10 S \OT1/cmr/m/n/10 = []$, and that $\OML/cmm/m/it/10 P\OT1/cmr/m/n/10 (\OML/cmm/m/it/10 b\OT1/cmr/m/n/10 ) = []$.
 []


Overfull \vbox (1.88889pt too high) has occurred while \output is active []

 [189 <./chapters/chapter_12/figures/Figure2.pdf>]
<chapters/chapter_12/figures/Figure3.pdf, id=2722, 338.22359pt x 117.5592pt>
File: chapters/chapter_12/figures/Figure3.pdf Graphic file (type pdf)
<use chapters/chapter_12/figures/Figure3.pdf>
Package pdftex.def Info: chapters/chapter_12/figures/Figure3.pdf  used on input line 500.
(pdftex.def)             Requested size: 338.22276pt x 117.5589pt.

Overfull \vbox (1.88889pt too high) has occurred while \output is active []

 [190 <./chapters/chapter_12/figures/Figure3.pdf>]
Overfull \vbox (1.88889pt too high) has occurred while \output is active []

 [191]
Overfull \vbox (1.88889pt too high) has occurred while \output is active []

 [192]
<chapters/chapter_12/figures/Figure4.pdf, id=2761, 338.7054pt x 118.041pt>
File: chapters/chapter_12/figures/Figure4.pdf Graphic file (type pdf)
<use chapters/chapter_12/figures/Figure4.pdf>
Package pdftex.def Info: chapters/chapter_12/figures/Figure4.pdf  used on input line 651.
(pdftex.def)             Requested size: 338.70457pt x 118.0407pt.


LaTeX Warning: `h' float specifier changed to `ht'.


Overfull \hbox (1.59476pt too wide) in paragraph at lines 681--682
[]\OT1/cmr/m/n/10 Notice that the above can also be ac-com-plished by solv-ing the dual sub-prob-lems $\OML/cmm/m/it/10 S[]$\OT1/cmr/m/n/10 , $\OML/cmm/m/it/10 k \OMS/cmsy/m/n/10 2 []$\OT1/cmr/m/n/10 ,
 []


Overfull \vbox (1.88889pt too high) has occurred while \output is active []

 [193]
Overfull \vbox (1.88889pt too high) has occurred while \output is active []

 [194 <./chapters/chapter_12/figures/Figure4.pdf>]
Overfull \vbox (1.88889pt too high) has occurred while \output is active []

 [195] (./chapters/chapter_12/exercises/E71-DW.tex) (./chapters/chapter_12/exercises/E72-parametric.tex
Overfull \vbox (1.88889pt too high) has occurred while \output is active []

 [196]) (./chapters/chapter_12/exercises/E73-Benders.tex
Underfull \vbox (badness 1946) has occurred while \output is active []

 [197])) (/Users/pinheif2/Aalto Dropbox/Fabricio Oliveira/Aalto/Courses/linopt-notes/src/.texpadtmp/linopt-notes.bbl
Overfull \vbox (1.88889pt too high) has occurred while \output is active []

 [198]

LaTeX Warning: Empty `thebibliography' environment on input line 3.

) [199

] (/Users/pinheif2/Aalto Dropbox/Fabricio Oliveira/Aalto/Courses/linopt-notes/src/.texpadtmp/linopt-notes.aux)
 ***********
LaTeX2e <2023-11-01> patch level 1
L3 programming layer <2024-02-20>
 ***********


LaTeX Warning: There were undefined references.


LaTeX Warning: There were multiply-defined labels.

Package rerunfilecheck Info: File `linopt-notes.out' has not changed.
(rerunfilecheck)             Checksum: 4BBEEBFD1776847C3F2E07835773F2E6;25200.
 ) 
Here is how much of TeX's memory you used:
 29123 strings out of 474116
 548207 string characters out of 5743682
 2008187 words of memory out of 5000000
 50072 multiletter control sequences out of 15000+600000
 573302 words of font info for 92 fonts, out of 8000000 for 9000
 1141 hyphenation exceptions out of 8191
 90i,18n,93p,1177b,1304s stack positions out of 10000i,1000n,20000p,200000b,200000s
</usr/local/texlive/2024/texmf-dist/fonts/type1/public/amsfonts/cm/cmbx10.pfb></usr/local/texlive/2024/texmf-dist/fonts/type1/public/amsfonts/cm/cmbx12.pfb></usr/local/texlive/2024/texmf-dist/fonts/type1/public/amsfonts/cm/cmbx8.pfb></usr/local/texlive/2024/texmf-dist/fonts/type1/public/amsfonts/cm/cmbx9.pfb></usr/local/texlive/2024/texmf-dist/fonts/type1/public/amsfonts/cm/cmcsc10.pfb></usr/local/texlive/2024/texmf-dist/fonts/type1/public/amsfonts/cm/cmex10.pfb></usr/local/texlive/2024/texmf-dist/fonts/type1/public/amsfonts/cmextra/cmex9.pfb></usr/local/texlive/2024/texmf-dist/fonts/type1/public/amsfonts/cm/cmmi10.pfb></usr/local/texlive/2024/texmf-dist/fonts/type1/public/amsfonts/cm/cmmi12.pfb></usr/local/texlive/2024/texmf-dist/fonts/type1/public/amsfonts/cm/cmmi5.pfb></usr/local/texlive/2024/texmf-dist/fonts/type1/public/amsfonts/cm/cmmi6.pfb></usr/local/texlive/2024/texmf-dist/fonts/type1/public/amsfonts/cm/cmmi7.pfb></usr/local/texlive/2024/texmf-dist/fonts/type1/public/amsfonts/cm/cmmi8.pfb></usr/local/texlive/2024/texmf-dist/fonts/type1/public/amsfonts/cm/cmmi9.pfb></usr/local/texlive/2024/texmf-dist/fonts/type1/public/amsfonts/cm/cmr10.pfb></usr/local/texlive/2024/texmf-dist/fonts/type1/public/amsfonts/cm/cmr12.pfb></usr/local/texlive/2024/texmf-dist/fonts/type1/public/amsfonts/cm/cmr5.pfb></usr/local/texlive/2024/texmf-dist/fonts/type1/public/amsfonts/cm/cmr6.pfb></usr/local/texlive/2024/texmf-dist/fonts/type1/public/amsfonts/cm/cmr7.pfb></usr/local/texlive/2024/texmf-dist/fonts/type1/public/amsfonts/cm/cmr8.pfb></usr/local/texlive/2024/texmf-dist/fonts/type1/public/amsfonts/cm/cmr9.pfb></usr/local/texlive/2024/texmf-dist/fonts/type1/public/amsfonts/cm/cmsl10.pfb></usr/local/texlive/2024/texmf-dist/fonts/type1/public/amsfonts/cm/cmsy10.pfb></usr/local/texlive/2024/texmf-dist/fonts/type1/public/amsfonts/cm/cmsy5.pfb></usr/local/texlive/2024/texmf-dist/fonts/type1/public/amsfonts/cm/cmsy6.pfb></usr/local/texlive/2024/texmf-dist/fonts/type1/public/amsfonts/cm/cmsy7.pfb></usr/local/texlive/2024/texmf-dist
/fonts/type1/public/amsfonts/cm/cmsy8.pfb></usr/local/texlive/2024/texmf-dist/fonts/type1/public/amsfonts/cm/cmsy9.pfb></usr/local/texlive/2024/texmf-dist/fonts/type1/public/amsfonts/cm/cmti10.pfb></usr/local/texlive/2024/texmf-dist/fonts/type1/public/amsfonts/cm/cmti7.pfb></usr/local/texlive/2024/texmf-dist/fonts/type1/public/amsfonts/cm/cmti8.pfb></usr/local/texlive/2024/texmf-dist/fonts/type1/public/amsfonts/cm/cmti9.pfb></usr/local/texlive/2024/texmf-dist/fonts/type1/public/amsfonts/cm/cmtt10.pfb></usr/local/texlive/2024/texmf-dist/fonts/type1/public/eurosym/feymr10.pfb></usr/local/texlive/2024/texmf-dist/fonts/type1/public/amsfonts/symbols/msbm10.pfb></usr/local/texlive/2024/texmf-dist/fonts/type1/public/cm-super/sfrm1000.pfb>
Output written on "/Users/pinheif2/Aalto Dropbox/Fabricio Oliveira/Aalto/Courses/linopt-notes/src/.texpadtmp/linopt-notes.pdf" (199 pages, 1428994 bytes).
PDF statistics:
 3130 PDF objects out of 3580 (max. 8388607)
 2611 compressed objects within 27 object streams
 762 named destinations out of 1000 (max. 500000)
 1234 words of extra memory for PDF output out of 10000 (max. 10000000)

