\BOOKMARK [-1][-]{part.1}{\376\377\000I\000\040\000L\000i\000n\000e\000a\000r\000\040\000O\000p\000t\000i\000m\000i\000s\000a\000t\000i\000o\000n}{}% 1
\BOOKMARK [0][-]{chapter.1}{\376\377\000I\000n\000t\000r\000o\000d\000u\000c\000t\000i\000o\000n}{part.1}% 2
\BOOKMARK [1][-]{section.1.1}{\376\377\000W\000h\000a\000t\000\040\000i\000s\000\040\000o\000p\000t\000i\000m\000i\000s\000a\000t\000i\000o\000n\000?}{chapter.1}% 3
\BOOKMARK [2][-]{subsection.1.1.1}{\376\377\000M\000a\000t\000h\000e\000m\000a\000t\000i\000c\000a\000l\000\040\000p\000r\000o\000g\000r\000a\000m\000m\000i\000n\000g\000\040\000a\000n\000d\000\040\000o\000p\000t\000i\000m\000i\000s\000a\000t\000i\000o\000n}{section.1.1}% 4
\BOOKMARK [2][-]{subsection.1.1.2}{\376\377\000T\000y\000p\000e\000s\000\040\000o\000f\000\040\000m\000a\000t\000h\000e\000m\000a\000t\000i\000c\000a\000l\000\040\000o\000p\000t\000i\000m\000i\000s\000a\000t\000i\000o\000n\000\040\000m\000o\000d\000e\000l\000s}{section.1.1}% 5
\BOOKMARK [1][-]{section.1.2}{\376\377\000L\000i\000n\000e\000a\000r\000\040\000p\000r\000o\000g\000r\000a\000m\000m\000i\000n\000g\000\040\000a\000p\000p\000l\000i\000c\000a\000t\000i\000o\000n\000s}{chapter.1}% 6
\BOOKMARK [2][-]{subsection.1.2.1}{\376\377\000R\000e\000s\000o\000u\000r\000c\000e\000\040\000a\000l\000l\000o\000c\000a\000t\000i\000o\000n}{section.1.2}% 7
\BOOKMARK [2][-]{subsection.1.2.2}{\376\377\000T\000r\000a\000n\000s\000p\000o\000r\000t\000a\000t\000i\000o\000n\000\040\000p\000r\000o\000b\000l\000e\000m}{section.1.2}% 8
\BOOKMARK [2][-]{subsection.1.2.3}{\376\377\000P\000r\000o\000d\000u\000c\000t\000i\000o\000n\000\040\000p\000l\000a\000n\000n\000i\000n\000g\000\040\000\050\000l\000o\000t\000-\000s\000i\000z\000i\000n\000g\000\051}{section.1.2}% 9
\BOOKMARK [1][-]{section.1.3}{\376\377\000T\000h\000e\000\040\000g\000e\000o\000m\000e\000t\000r\000y\000\040\000o\000f\000\040\000L\000P\000s\000\040\000-\000\040\000g\000r\000a\000p\000h\000i\000c\000a\000l\000\040\000m\000e\000t\000h\000o\000d}{chapter.1}% 10
\BOOKMARK [2][-]{subsection.1.3.1}{\376\377\000T\000h\000e\000\040\000g\000r\000a\000p\000h\000i\000c\000a\000l\000\040\000m\000e\000t\000h\000o\000d}{section.1.3}% 11
\BOOKMARK [2][-]{subsection.1.3.2}{\376\377\000G\000e\000o\000m\000e\000t\000r\000i\000c\000a\000l\000\040\000p\000r\000o\000p\000e\000r\000t\000i\000e\000s\000\040\000o\000f\000\040\000L\000P\000s}{section.1.3}% 12
\BOOKMARK [1][-]{section.1.4}{\376\377\000E\000x\000e\000r\000c\000i\000s\000e\000s}{chapter.1}% 13
\BOOKMARK [0][-]{chapter.2}{\376\377\000B\000a\000s\000i\000c\000s\000\040\000o\000f\000\040\000L\000i\000n\000e\000a\000r\000\040\000A\000l\000g\000e\000b\000r\000a}{part.1}% 14
\BOOKMARK [1][-]{section.2.1}{\376\377\000B\000a\000s\000i\000c\000s\000\040\000o\000f\000\040\000l\000i\000n\000e\000a\000r\000\040\000p\000r\000o\000b\000l\000e\000m\000s}{chapter.2}% 15
\BOOKMARK [2][-]{subsection.2.1.1}{\376\377\000S\000u\000b\000s\000p\000a\000c\000e\000s\000\040\000a\000n\000d\000\040\000b\000a\000s\000e\000s}{section.2.1}% 16
\BOOKMARK [2][-]{subsection.2.1.2}{\376\377\000A\000f\000f\000i\000n\000e\000\040\000s\000u\000b\000s\000p\000a\000c\000e\000s}{section.2.1}% 17
\BOOKMARK [1][-]{section.2.2}{\376\377\000C\000o\000n\000v\000e\000x\000\040\000p\000o\000l\000y\000h\000e\000d\000r\000a\000l\000\040\000s\000e\000t}{chapter.2}% 18
\BOOKMARK [2][-]{subsection.2.2.1}{\376\377\000H\000y\000p\000e\000r\000p\000l\000a\000n\000e\000s\000,\000\040\000h\000a\000l\000f\000-\000s\000p\000a\000c\000e\000s\000\040\000a\000n\000d\000\040\000p\000o\000l\000y\000h\000e\000d\000r\000a\000l\000\040\000s\000e\000t\000s}{section.2.2}% 19
\BOOKMARK [2][-]{subsection.2.2.2}{\376\377\000C\000o\000n\000v\000e\000x\000i\000t\000y\000\040\000o\000f\000\040\000p\000o\000l\000y\000h\000e\000d\000r\000a\000l\000\040\000s\000e\000t\000s}{section.2.2}% 20
\BOOKMARK [1][-]{section.2.3}{\376\377\000E\000x\000t\000r\000e\000m\000e\000\040\000p\000o\000i\000n\000t\000s\000,\000\040\000v\000e\000r\000t\000i\000c\000e\000s\000,\000\040\000a\000n\000d\000\040\000b\000a\000s\000i\000c\000\040\000f\000e\000a\000s\000i\000b\000l\000e\000\040\000s\000o\000l\000u\000t\000i\000o\000n\000s}{chapter.2}% 21
\BOOKMARK [1][-]{section.2.4}{\376\377\000E\000x\000e\000r\000c\000i\000s\000e\000s}{chapter.2}% 22
\BOOKMARK [0][-]{chapter.3}{\376\377\000B\000a\000s\000i\000s\000,\000\040\000E\000x\000t\000r\000e\000m\000e\000\040\000P\000o\000i\000n\000t\000s\000\040\000a\000n\000d\000\040\000O\000p\000t\000i\000m\000a\000l\000i\000t\000y\000\040\000i\000n\000\040\000L\000i\000n\000e\000a\000r\000\040\000P\000r\000o\000g\000r\000a\000m\000m\000i\000n\000g}{part.1}% 23
\BOOKMARK [1][-]{section.3.1}{\376\377\000P\000o\000l\000y\000h\000e\000d\000r\000a\000l\000\040\000s\000e\000t\000s\000\040\000i\000n\000\040\000s\000t\000a\000n\000d\000a\000r\000d\000\040\000f\000o\000r\000m}{chapter.3}% 24
\BOOKMARK [2][-]{subsection.3.1.1}{\376\377\000T\000h\000e\000\040\000s\000t\000a\000n\000d\000a\000r\000d\000\040\000f\000o\000r\000m\000\040\000o\000f\000\040\000l\000i\000n\000e\000a\000r\000\040\000p\000r\000o\000g\000r\000a\000m\000m\000i\000n\000g\000\040\000p\000r\000o\000b\000l\000e\000m\000s}{section.3.1}% 25
\BOOKMARK [2][-]{subsection.3.1.2}{\376\377\000F\000o\000r\000m\000i\000n\000g\000\040\000b\000a\000s\000e\000s\000\040\000f\000o\000r\000\040\000s\000t\000a\000n\000d\000a\000r\000d\000-\000f\000o\000r\000m\000\040\000l\000i\000n\000e\000a\000r\000\040\000p\000r\000o\000g\000r\000a\000m\000m\000i\000n\000g\000\040\000p\000r\000o\000b\000l\000e\000m\000s}{section.3.1}% 26
\BOOKMARK [2][-]{subsection.3.1.3}{\376\377\000A\000d\000j\000a\000c\000e\000n\000t\000\040\000b\000a\000s\000i\000c\000\040\000s\000o\000l\000u\000t\000i\000o\000n\000s}{section.3.1}% 27
\BOOKMARK [2][-]{subsection.3.1.4}{\376\377\000R\000e\000d\000u\000n\000d\000a\000n\000c\000y\000\040\000a\000n\000d\000\040\000d\000e\000g\000e\000n\000e\000r\000a\000c\000y}{section.3.1}% 28
\BOOKMARK [1][-]{section.3.2}{\376\377\000O\000p\000t\000i\000m\000a\000l\000i\000t\000y\000\040\000o\000f\000\040\000e\000x\000t\000r\000e\000m\000e\000\040\000p\000o\000i\000n\000t\000s}{chapter.3}% 29
\BOOKMARK [2][-]{subsection.3.2.1}{\376\377\000T\000h\000e\000\040\000e\000x\000i\000s\000t\000e\000n\000c\000e\000\040\000o\000f\000\040\000e\000x\000t\000r\000e\000m\000e\000\040\000p\000o\000i\000n\000t\000s}{section.3.2}% 30
\BOOKMARK [2][-]{subsection.3.2.2}{\376\377\000F\000i\000n\000d\000i\000n\000g\000\040\000o\000p\000t\000i\000m\000a\000l\000\040\000s\000o\000l\000u\000t\000i\000o\000n\000s}{section.3.2}% 31
\BOOKMARK [2][-]{subsection.3.2.3}{\376\377\000M\000o\000v\000i\000n\000g\000\040\000t\000o\000w\000a\000r\000d\000s\000\040\000i\000m\000p\000r\000o\000v\000e\000d\000\040\000s\000o\000l\000u\000t\000i\000o\000n\000s}{section.3.2}% 32
\BOOKMARK [2][-]{subsection.3.2.4}{\376\377\000O\000p\000t\000i\000m\000a\000l\000i\000t\000y\000\040\000c\000o\000n\000d\000i\000t\000i\000o\000n\000s}{section.3.2}% 33
\BOOKMARK [1][-]{section.3.3}{\376\377\000E\000x\000e\000r\000c\000i\000s\000e\000s}{chapter.3}% 34
\BOOKMARK [0][-]{chapter.4}{\376\377\000T\000h\000e\000\040\000s\000i\000m\000p\000l\000e\000x\000\040\000m\000e\000t\000h\000o\000d}{part.1}% 35
\BOOKMARK [1][-]{section.4.1}{\376\377\000D\000e\000v\000e\000l\000o\000p\000i\000n\000g\000\040\000t\000h\000e\000\040\000s\000i\000m\000p\000l\000e\000x\000\040\000m\000e\000t\000h\000o\000d}{chapter.4}% 36
\BOOKMARK [2][-]{subsection.4.1.1}{\376\377\000C\000a\000l\000c\000u\000l\000a\000t\000i\000n\000g\000\040\000s\000t\000e\000p\000\040\000s\000i\000z\000e\000s}{section.4.1}% 37
\BOOKMARK [2][-]{subsection.4.1.2}{\376\377\000M\000o\000v\000i\000n\000g\000\040\000b\000e\000t\000w\000e\000e\000n\000\040\000a\000d\000j\000a\000c\000e\000n\000t\000\040\000b\000a\000s\000e\000s}{section.4.1}% 38
\BOOKMARK [2][-]{subsection.4.1.3}{\376\377\000A\000\040\000r\000e\000m\000a\000r\000k\000\040\000o\000n\000\040\000d\000e\000g\000e\000n\000e\000r\000a\000c\000y}{section.4.1}% 39
\BOOKMARK [1][-]{section.4.2}{\376\377\000I\000m\000p\000l\000e\000m\000e\000n\000t\000i\000n\000g\000\040\000t\000h\000e\000\040\000s\000i\000m\000p\000l\000e\000x\000\040\000m\000e\000t\000h\000o\000d}{chapter.4}% 40
\BOOKMARK [2][-]{subsection.4.2.1}{\376\377\000P\000i\000v\000o\000t\000\040\000o\000r\000\040\000v\000a\000r\000i\000a\000b\000l\000e\000\040\000s\000e\000l\000e\000c\000t\000i\000o\000n}{section.4.2}% 41
\BOOKMARK [2][-]{subsection.4.2.2}{\376\377\000T\000h\000e\000\040\000r\000e\000v\000i\000s\000e\000d\000\040\000s\000i\000m\000p\000l\000e\000x\000\040\000m\000e\000t\000h\000o\000d}{section.4.2}% 42
\BOOKMARK [2][-]{subsection.4.2.3}{\376\377\000T\000a\000b\000l\000e\000a\000u\000\040\000r\000e\000p\000r\000e\000s\000e\000n\000t\000a\000t\000i\000o\000n}{section.4.2}% 43
\BOOKMARK [2][-]{subsection.4.2.4}{\376\377\000G\000e\000n\000e\000r\000a\000t\000i\000n\000g\000\040\000i\000n\000i\000t\000i\000a\000l\000\040\000f\000e\000a\000s\000i\000b\000l\000e\000\040\000s\000o\000l\000u\000t\000i\000o\000n\000s\000\040\000\050\000t\000w\000o\000-\000p\000h\000a\000s\000e\000\040\000s\000i\000m\000p\000l\000e\000x\000\051}{section.4.2}% 44
\BOOKMARK [1][-]{section.4.3}{\376\377\000C\000o\000l\000u\000m\000n\000\040\000g\000e\000o\000m\000e\000t\000r\000y\000\040\000o\000f\000\040\000t\000h\000e\000\040\000s\000i\000m\000p\000l\000e\000x\000\040\000m\000e\000t\000h\000o\000d}{chapter.4}% 45
\BOOKMARK [1][-]{section.4.4}{\376\377\000E\000x\000e\000r\000c\000i\000s\000e\000s}{chapter.4}% 46
\BOOKMARK [0][-]{chapter.5}{\376\377\000L\000i\000n\000e\000a\000r\000\040\000P\000r\000o\000g\000r\000a\000m\000m\000i\000n\000g\000\040\000D\000u\000a\000l\000i\000t\000y\000\040\000-\000\040\000P\000a\000r\000t\000\040\000I}{part.1}% 47
\BOOKMARK [1][-]{section.5.1}{\376\377\000F\000o\000r\000m\000u\000l\000a\000t\000i\000n\000g\000\040\000d\000u\000a\000l\000s}{chapter.5}% 48
\BOOKMARK [2][-]{subsection.5.1.1}{\376\377\000M\000o\000t\000i\000v\000a\000t\000i\000o\000n}{section.5.1}% 49
\BOOKMARK [2][-]{subsection.5.1.2}{\376\377\000G\000e\000n\000e\000r\000a\000l\000\040\000f\000o\000r\000m\000\040\000o\000f\000\040\000d\000u\000a\000l\000s}{section.5.1}% 50
\BOOKMARK [1][-]{section.5.2}{\376\377\000D\000u\000a\000l\000i\000t\000y\000\040\000t\000h\000e\000o\000r\000y}{chapter.5}% 51
\BOOKMARK [2][-]{subsection.5.2.1}{\376\377\000W\000e\000a\000k\000\040\000d\000u\000a\000l\000i\000t\000y}{section.5.2}% 52
\BOOKMARK [2][-]{subsection.5.2.2}{\376\377\000S\000t\000r\000o\000n\000g\000\040\000d\000u\000a\000l\000i\000t\000y}{section.5.2}% 53
\BOOKMARK [1][-]{section.5.3}{\376\377\000G\000e\000o\000m\000e\000t\000r\000i\000c\000\040\000i\000n\000t\000e\000r\000p\000r\000e\000t\000a\000t\000i\000o\000n\000\040\000o\000f\000\040\000d\000u\000a\000l\000i\000t\000y}{chapter.5}% 54
\BOOKMARK [2][-]{subsection.5.3.1}{\376\377\000C\000o\000m\000p\000l\000e\000m\000e\000n\000t\000a\000r\000y\000\040\000s\000l\000a\000c\000k\000n\000e\000s\000s}{section.5.3}% 55
\BOOKMARK [2][-]{subsection.5.3.2}{\376\377\000D\000u\000a\000l\000\040\000f\000e\000a\000s\000i\000b\000i\000l\000i\000t\000y\000\040\000a\000n\000d\000\040\000o\000p\000t\000i\000m\000a\000l\000i\000t\000y}{section.5.3}% 56
\BOOKMARK [1][-]{section.5.4}{\376\377\000T\000h\000e\000\040\000d\000u\000a\000l\000\040\000s\000i\000m\000p\000l\000e\000x\000\040\000m\000e\000t\000h\000o\000d}{chapter.5}% 57
\BOOKMARK [1][-]{section.5.5}{\376\377\000E\000x\000e\000r\000c\000i\000s\000e\000s}{chapter.5}% 58
\BOOKMARK [0][-]{chapter.6}{\376\377\000L\000i\000n\000e\000a\000r\000\040\000P\000r\000o\000g\000r\000a\000m\000m\000i\000n\000g\000\040\000D\000u\000a\000l\000i\000t\000y\000\040\000-\000\040\000P\000a\000r\000t\000\040\000I\000I}{part.1}% 59
\BOOKMARK [1][-]{section.6.1}{\376\377\000S\000e\000n\000s\000i\000t\000i\000v\000i\000t\000y\000\040\000a\000n\000a\000l\000y\000s\000i\000s}{chapter.6}% 60
\BOOKMARK [2][-]{subsection.6.1.1}{\376\377\000A\000d\000d\000i\000n\000g\000\040\000a\000\040\000n\000e\000w\000\040\000v\000a\000r\000i\000a\000b\000l\000e}{section.6.1}% 61
\BOOKMARK [2][-]{subsection.6.1.2}{\376\377\000A\000d\000d\000i\000n\000g\000\040\000a\000\040\000n\000e\000w\000\040\000c\000o\000n\000s\000t\000r\000a\000i\000n\000t}{section.6.1}% 62
\BOOKMARK [2][-]{subsection.6.1.3}{\376\377\000C\000h\000a\000n\000g\000i\000n\000g\000\040\000i\000n\000p\000u\000t\000\040\000d\000a\000t\000a}{section.6.1}% 63
\BOOKMARK [1][-]{section.6.2}{\376\377\000C\000o\000n\000e\000s\000\040\000a\000n\000d\000\040\000e\000x\000t\000r\000e\000m\000e\000\040\000r\000a\000y\000s}{chapter.6}% 64
\BOOKMARK [2][-]{subsection.6.2.1}{\376\377\000R\000e\000c\000e\000s\000s\000i\000o\000n\000\040\000c\000o\000n\000e\000s\000\040\000a\000n\000d\000\040\000e\000x\000t\000r\000e\000m\000e\000\040\000r\000a\000y\000s}{section.6.2}% 65
\BOOKMARK [2][-]{subsection.6.2.2}{\376\377\000U\000n\000b\000o\000u\000n\000d\000e\000d\000\040\000p\000r\000o\000b\000l\000e\000m\000s}{section.6.2}% 66
\BOOKMARK [2][-]{subsection.6.2.3}{\376\377\000F\000a\000r\000k\000a\000s\000'\000\040\000l\000e\000m\000m\000a}{section.6.2}% 67
\BOOKMARK [1][-]{section.6.3}{\376\377\000E\000x\000e\000r\000c\000i\000s\000e\000s}{chapter.6}% 68
\BOOKMARK [0][-]{chapter.7}{\376\377\000B\000a\000r\000r\000i\000e\000r\000\040\000M\000e\000t\000h\000o\000d\000\040\000f\000o\000r\000\040\000L\000i\000n\000e\000a\000r\000\040\000P\000r\000o\000g\000r\000a\000m\000m\000i\000n\000g}{part.1}% 69
\BOOKMARK [1][-]{section.7.1}{\376\377\000B\000a\000r\000r\000i\000e\000r\000\040\000m\000e\000t\000h\000o\000d\000s}{chapter.7}% 70
\BOOKMARK [1][-]{section.7.2}{\376\377\000N\000e\000w\000t\000o\000n\000'\000s\000\040\000m\000e\000t\000h\000o\000d\000\040\000w\000i\000t\000h\000\040\000e\000q\000u\000a\000l\000i\000t\000y\000\040\000c\000o\000n\000s\000t\000r\000a\000i\000n\000t\000s}{chapter.7}% 71
\BOOKMARK [1][-]{section.7.3}{\376\377\000I\000n\000t\000e\000r\000i\000o\000r\000\040\000p\000o\000i\000n\000t\000\040\000m\000e\000t\000h\000o\000d\000s\000\040\000l\000i\000n\000e\000a\000r\000\040\000p\000r\000o\000g\000r\000a\000m\000m\000i\000n\000g\000\040\000p\000r\000o\000b\000l\000e\000m\000s}{chapter.7}% 72
\BOOKMARK [1][-]{section.7.4}{\376\377\000B\000a\000r\000r\000i\000e\000r\000\040\000m\000e\000t\000h\000o\000d\000s\000\040\000f\000o\000r\000\040\000l\000i\000n\000e\000a\000r\000\040\000p\000r\000o\000g\000r\000a\000m\000m\000i\000n\000g\000\040\000p\000r\000o\000b\000l\000e\000m\000s}{chapter.7}% 73
\BOOKMARK [1][-]{section.7.5}{\376\377\000B\000a\000r\000r\000i\000e\000r\000\040\000m\000e\000t\000h\000o\000d\000s\000\040\000f\000o\000r\000\040\000l\000i\000n\000e\000a\000r\000\040\000p\000r\000o\000g\000r\000a\000m\000m\000i\000n\000g\000\040\000p\000r\000o\000b\000l\000e\000m\000s}{chapter.7}% 74
\BOOKMARK [1][-]{section.7.6}{\376\377\000E\000x\000e\000r\000c\000i\000s\000e\000s}{chapter.7}% 75
\BOOKMARK [0][-]{chapter.8}{\376\377\000I\000n\000t\000e\000g\000e\000r\000\040\000P\000r\000o\000g\000r\000a\000m\000m\000i\000n\000g\000\040\000M\000o\000d\000e\000l\000s}{part.1}% 76
\BOOKMARK [1][-]{section.8.1}{\376\377\000T\000y\000p\000e\000s\000\040\000o\000f\000\040\000i\000n\000t\000e\000g\000e\000r\000\040\000p\000r\000o\000g\000r\000a\000m\000m\000i\000n\000g\000\040\000p\000r\000o\000b\000l\000e\000m\000s}{chapter.8}% 77
\BOOKMARK [1][-]{section.8.2}{\376\377\000\050\000M\000i\000x\000e\000d\000-\000\051\000i\000n\000t\000e\000g\000e\000r\000\040\000p\000r\000o\000g\000r\000a\000m\000m\000i\000n\000g\000\040\000a\000p\000p\000l\000i\000c\000a\000t\000i\000o\000n\000s}{chapter.8}% 78
\BOOKMARK [2][-]{subsection.8.2.1}{\376\377\000T\000h\000e\000\040\000a\000s\000s\000i\000g\000n\000m\000e\000n\000t\000\040\000p\000r\000o\000b\000l\000e\000m}{section.8.2}% 79
\BOOKMARK [2][-]{subsection.8.2.2}{\376\377\000T\000h\000e\000\040\000k\000n\000a\000p\000s\000a\000c\000k\000\040\000p\000r\000o\000b\000l\000e\000m}{section.8.2}% 80
\BOOKMARK [2][-]{subsection.8.2.3}{\376\377\000T\000h\000e\000\040\000g\000e\000n\000e\000r\000a\000l\000i\000s\000e\000d\000\040\000a\000s\000s\000i\000g\000n\000m\000e\000n\000t\000\040\000p\000r\000o\000b\000l\000e\000m}{section.8.2}% 81
\BOOKMARK [2][-]{subsection.8.2.4}{\376\377\000T\000h\000e\000\040\000s\000e\000t\000\040\000c\000o\000v\000e\000r\000i\000n\000g\000\040\000p\000r\000o\000b\000l\000e\000m}{section.8.2}% 82
\BOOKMARK [2][-]{subsection.8.2.5}{\376\377\000T\000r\000a\000v\000e\000l\000l\000i\000n\000g\000\040\000s\000a\000l\000e\000s\000p\000e\000r\000s\000o\000n\000\040\000p\000r\000o\000b\000l\000e\000m}{section.8.2}% 83
\BOOKMARK [2][-]{subsection.8.2.6}{\376\377\000U\000n\000c\000a\000p\000a\000c\000i\000t\000a\000t\000e\000d\000\040\000f\000a\000c\000i\000l\000i\000t\000y\000\040\000l\000o\000c\000a\000t\000i\000o\000n}{section.8.2}% 84
\BOOKMARK [2][-]{subsection.8.2.7}{\376\377\000U\000n\000c\000a\000p\000a\000c\000i\000t\000a\000t\000e\000d\000\040\000l\000o\000t\000-\000s\000i\000z\000i\000n\000g}{section.8.2}% 85
\BOOKMARK [1][-]{section.8.3}{\376\377\000G\000o\000o\000d\000\040\000f\000o\000r\000m\000u\000l\000a\000t\000i\000o\000n\000s}{chapter.8}% 86
\BOOKMARK [2][-]{subsection.8.3.1}{\376\377\000C\000o\000m\000p\000a\000r\000i\000n\000g\000\040\000f\000o\000r\000m\000u\000l\000a\000t\000i\000o\000n\000s}{section.8.3}% 87
\BOOKMARK [1][-]{section.8.4}{\376\377\000E\000x\000e\000r\000c\000i\000s\000e\000s}{chapter.8}% 88
\BOOKMARK [0][-]{chapter.9}{\376\377\000B\000r\000a\000n\000c\000h\000-\000a\000n\000d\000-\000b\000o\000u\000n\000d\000\040\000M\000e\000t\000h\000o\000d}{part.1}% 89
\BOOKMARK [1][-]{section.9.1}{\376\377\000O\000p\000t\000i\000m\000a\000l\000i\000t\000y\000\040\000f\000o\000r\000\040\000i\000n\000t\000e\000g\000e\000r\000\040\000p\000r\000o\000g\000r\000a\000m\000m\000i\000n\000g\000\040\000p\000r\000o\000b\000l\000e\000m\000s}{chapter.9}% 90
\BOOKMARK [1][-]{section.9.2}{\376\377\000R\000e\000l\000a\000x\000a\000t\000i\000o\000n\000s}{chapter.9}% 91
\BOOKMARK [2][-]{subsection.9.2.1}{\376\377\000L\000i\000n\000e\000a\000r\000\040\000p\000r\000o\000g\000r\000a\000m\000m\000i\000n\000g\000\040\000r\000e\000l\000a\000x\000a\000t\000i\000o\000n}{section.9.2}% 92
\BOOKMARK [2][-]{subsection.9.2.2}{\376\377\000R\000e\000l\000a\000x\000a\000t\000i\000o\000n\000\040\000f\000o\000r\000\040\000c\000o\000m\000b\000i\000n\000a\000t\000o\000r\000i\000a\000l\000\040\000o\000p\000t\000i\000m\000i\000s\000a\000t\000i\000o\000n}{section.9.2}% 93
\BOOKMARK [1][-]{section.9.3}{\376\377\000B\000r\000a\000n\000c\000h\000-\000a\000n\000d\000-\000b\000o\000u\000n\000d\000\040\000m\000e\000t\000h\000o\000d}{chapter.9}% 94
\BOOKMARK [2][-]{subsection.9.3.1}{\376\377\000B\000o\000u\000n\000d\000i\000n\000g\000\040\000i\000n\000\040\000e\000n\000u\000m\000e\000r\000a\000t\000i\000v\000e\000\040\000t\000r\000e\000e\000s}{section.9.3}% 95
\BOOKMARK [2][-]{subsection.9.3.2}{\376\377\000L\000i\000n\000e\000a\000r\000-\000p\000r\000o\000g\000r\000a\000m\000m\000i\000n\000g\000-\000b\000a\000s\000e\000d\000\040\000b\000r\000a\000n\000c\000h\000-\000a\000n\000d\000-\000b\000o\000u\000n\000d}{section.9.3}% 96
\BOOKMARK [1][-]{section.9.4}{\376\377\000E\000x\000e\000r\000c\000i\000s\000e\000s}{chapter.9}% 97
\BOOKMARK [0][-]{chapter.10}{\376\377\000C\000u\000t\000t\000i\000n\000g\000-\000p\000l\000a\000n\000e\000s\000\040\000M\000e\000t\000h\000o\000d}{part.1}% 98
\BOOKMARK [1][-]{section.10.1}{\376\377\000V\000a\000l\000i\000d\000\040\000i\000n\000e\000q\000u\000a\000l\000i\000t\000i\000e\000s}{chapter.10}% 99
\BOOKMARK [1][-]{section.10.2}{\376\377\000T\000h\000e\000\040\000C\000h\000v\000\341\000t\000a\000l\000-\000G\000o\000m\000o\000r\000y\000\040\000p\000r\000o\000c\000e\000d\000u\000r\000e}{chapter.10}% 100
\BOOKMARK [1][-]{section.10.3}{\376\377\000T\000h\000e\000\040\000c\000u\000t\000t\000i\000n\000g\000-\000p\000l\000a\000n\000e\000\040\000m\000e\000t\000h\000o\000d}{chapter.10}% 101
\BOOKMARK [1][-]{section.10.4}{\376\377\000G\000o\000m\000o\000r\000y\000'\000s\000\040\000f\000r\000a\000c\000t\000i\000o\000n\000a\000l\000\040\000c\000u\000t\000t\000i\000n\000g\000-\000p\000l\000a\000n\000e\000\040\000m\000e\000t\000h\000o\000d}{chapter.10}% 102
\BOOKMARK [1][-]{section.10.5}{\376\377\000O\000b\000t\000a\000i\000n\000i\000n\000g\000\040\000s\000t\000r\000o\000n\000g\000e\000r\000\040\000i\000n\000e\000q\000u\000a\000l\000i\000t\000i\000e\000s}{chapter.10}% 103
\BOOKMARK [2][-]{subsection.10.5.1}{\376\377\000S\000t\000r\000o\000n\000g\000\040\000i\000n\000e\000q\000u\000a\000l\000i\000t\000i\000e\000s}{section.10.5}% 104
\BOOKMARK [2][-]{subsection.10.5.2}{\376\377\000S\000t\000r\000e\000n\000g\000t\000h\000e\000n\000i\000n\000g\000\040\0000\000-\0001\000\040\000k\000n\000a\000p\000s\000a\000c\000k\000\040\000i\000n\000e\000q\000u\000a\000l\000i\000t\000i\000e\000s}{section.10.5}% 105
\BOOKMARK [1][-]{section.10.6}{\376\377\000E\000x\000e\000r\000c\000i\000s\000e\000s}{chapter.10}% 106
\BOOKMARK [0][-]{chapter.11}{\376\377\000M\000i\000x\000e\000d\000-\000i\000n\000t\000e\000g\000e\000r\000\040\000P\000r\000o\000g\000r\000a\000m\000m\000i\000n\000g\000\040\000S\000o\000l\000v\000e\000r\000s}{part.1}% 107
\BOOKMARK [1][-]{section.11.1}{\376\377\000M\000o\000d\000e\000r\000n\000\040\000m\000i\000x\000e\000d\000-\000i\000n\000t\000e\000g\000e\000r\000\040\000l\000i\000n\000e\000a\000r\000\040\000p\000r\000o\000g\000r\000a\000m\000m\000i\000n\000g\000\040\000s\000o\000l\000v\000e\000r\000s}{chapter.11}% 108
\BOOKMARK [1][-]{section.11.2}{\376\377\000P\000r\000e\000s\000o\000l\000v\000i\000n\000g\000\040\000m\000e\000t\000h\000o\000d\000s}{chapter.11}% 109
\BOOKMARK [1][-]{section.11.3}{\376\377\000C\000u\000t\000\040\000g\000e\000n\000e\000r\000a\000t\000i\000o\000n}{chapter.11}% 110
\BOOKMARK [2][-]{subsection.11.3.1}{\376\377\000C\000u\000t\000\040\000m\000a\000n\000a\000g\000e\000m\000e\000n\000t\000:\000\040\000g\000e\000n\000e\000r\000a\000t\000i\000o\000n\000,\000\040\000s\000e\000l\000e\000c\000t\000i\000o\000n\000\040\000a\000n\000d\000\040\000d\000i\000s\000c\000a\000r\000d\000i\000n\000g}{section.11.3}% 111
\BOOKMARK [1][-]{section.11.4}{\376\377\000V\000a\000r\000i\000a\000b\000l\000e\000\040\000s\000e\000l\000e\000c\000t\000i\000o\000n\000:\000\040\000b\000r\000a\000n\000c\000h\000i\000n\000g\000\040\000s\000t\000r\000a\000t\000e\000g\000y}{chapter.11}% 112
\BOOKMARK [1][-]{section.11.5}{\376\377\000N\000o\000d\000e\000\040\000s\000e\000l\000e\000c\000t\000i\000o\000n}{chapter.11}% 113
\BOOKMARK [1][-]{section.11.6}{\376\377\000P\000r\000i\000m\000a\000l\000\040\000h\000e\000u\000r\000i\000s\000t\000i\000c\000s}{chapter.11}% 114
\BOOKMARK [2][-]{subsection.11.6.1}{\376\377\000D\000i\000v\000i\000n\000g\000\040\000h\000e\000u\000r\000i\000s\000t\000i\000c\000s}{section.11.6}% 115
\BOOKMARK [2][-]{subsection.11.6.2}{\376\377\000L\000o\000c\000a\000l\000\040\000s\000e\000a\000r\000c\000h\000e\000s\000\040\000a\000n\000d\000\040\000l\000a\000r\000g\000e\000-\000n\000e\000i\000g\000h\000b\000o\000u\000r\000h\000o\000o\000d\000\040\000s\000e\000a\000r\000c\000h\000e\000s}{section.11.6}% 116
\BOOKMARK [1][-]{section.11.7}{\376\377\000E\000x\000e\000r\000c\000i\000s\000e\000s}{chapter.11}% 117
\BOOKMARK [0][-]{chapter.12}{\376\377\000D\000e\000c\000o\000m\000p\000o\000s\000i\000t\000i\000o\000n\000\040\000M\000e\000t\000h\000o\000d\000s}{part.1}% 118
\BOOKMARK [1][-]{section.12.1}{\376\377\000L\000a\000r\000g\000e\000-\000s\000c\000a\000l\000e\000\040\000p\000r\000o\000b\000l\000e\000m\000s}{chapter.12}% 119
\BOOKMARK [1][-]{section.12.2}{\376\377\000D\000a\000n\000t\000z\000i\000g\000-\000W\000o\000l\000f\000e\000\040\000d\000e\000c\000o\000m\000p\000o\000s\000i\000t\000i\000o\000n\000\040\000a\000n\000d\000\040\000c\000o\000l\000u\000m\000n\000\040\000g\000e\000n\000e\000r\000a\000t\000i\000o\000n\000*}{chapter.12}% 120
\BOOKMARK [2][-]{subsection.12.2.1}{\376\377\000R\000e\000s\000o\000l\000u\000t\000i\000o\000n\000\040\000t\000h\000e\000o\000r\000e\000m}{section.12.2}% 121
\BOOKMARK [2][-]{subsection.12.2.2}{\376\377\000D\000a\000n\000t\000z\000i\000g\000-\000W\000o\000l\000f\000e\000\040\000d\000e\000c\000o\000m\000p\000o\000s\000i\000t\000i\000o\000n}{section.12.2}% 122
\BOOKMARK [2][-]{subsection.12.2.3}{\376\377\000D\000e\000l\000a\000y\000e\000d\000\040\000c\000o\000l\000u\000m\000n\000\040\000g\000e\000n\000e\000r\000a\000t\000i\000o\000n}{section.12.2}% 123
\BOOKMARK [1][-]{section.12.3}{\376\377\000B\000e\000n\000d\000e\000r\000s\000\040\000d\000e\000c\000o\000m\000p\000o\000s\000i\000t\000i\000o\000n}{chapter.12}% 124
\BOOKMARK [2][-]{subsection.12.3.1}{\376\377\000P\000a\000r\000a\000m\000e\000t\000r\000i\000c\000\040\000o\000p\000t\000i\000m\000i\000s\000a\000t\000i\000o\000n\000\040\000p\000r\000o\000b\000l\000e\000m\000s}{section.12.3}% 125
\BOOKMARK [2][-]{subsection.12.3.2}{\376\377\000P\000r\000o\000p\000e\000r\000t\000i\000e\000s\000\040\000o\000f\000\040\000t\000h\000e\000\040\000o\000p\000t\000i\000m\000a\000l\000\040\000v\000a\000l\000u\000e\000\040\000f\000u\000n\000c\000t\000i\000o\000n\000\040\000F\000\050\000b\000\051}{section.12.3}% 126
\BOOKMARK [2][-]{subsection.12.3.3}{\376\377\000B\000e\000n\000d\000e\000r\000s\000\040\000d\000e\000c\000o\000m\000p\000o\000s\000i\000t\000i\000o\000n}{section.12.3}% 127
\BOOKMARK [1][-]{section.12.4}{\376\377\000E\000x\000e\000r\000c\000i\000s\000e\000s}{chapter.12}% 128
\BOOKMARK [-1][-]{part.2}{\376\377\000I\000I\000\040\000N\000o\000n\000l\000i\000n\000e\000a\000r\000\040\000o\000p\000t\000i\000m\000i\000s\000a\000t\000i\000o\000n}{}% 129
\BOOKMARK [0][-]{chapter.13}{\376\377\000I\000n\000t\000r\000o\000d\000u\000c\000t\000i\000o\000n}{part.2}% 130
\BOOKMARK [1][-]{section.13.1}{\376\377\000W\000h\000a\000t\000\040\000i\000s\000\040\000o\000p\000t\000i\000m\000i\000s\000a\000t\000i\000o\000n\000?}{chapter.13}% 131
\BOOKMARK [2][-]{subsection.13.1.1}{\376\377\000M\000a\000t\000h\000e\000m\000a\000t\000i\000c\000a\000l\000\040\000p\000r\000o\000g\000r\000a\000m\000m\000i\000n\000g\000\040\000a\000n\000d\000\040\000o\000p\000t\000i\000m\000i\000s\000a\000t\000i\000o\000n}{section.13.1}% 132
\BOOKMARK [2][-]{subsection.13.1.2}{\376\377\000T\000y\000p\000e\000s\000\040\000o\000f\000\040\000m\000a\000t\000h\000e\000m\000a\000t\000i\000c\000a\000l\000\040\000o\000p\000t\000i\000m\000i\000s\000a\000t\000i\000o\000n\000\040\000m\000o\000d\000e\000l\000s}{section.13.1}% 133
\BOOKMARK [1][-]{section.13.2}{\376\377\000E\000x\000a\000m\000p\000l\000e\000s\000\040\000o\000f\000\040\000a\000p\000p\000l\000i\000c\000a\000t\000i\000o\000n\000s}{chapter.13}% 134
\BOOKMARK [2][-]{subsection.13.2.1}{\376\377\000R\000e\000s\000o\000u\000r\000c\000e\000\040\000a\000l\000l\000o\000c\000a\000t\000i\000o\000n\000\040\000a\000n\000d\000\040\000p\000o\000r\000t\000f\000o\000l\000i\000o\000\040\000o\000p\000t\000i\000m\000i\000s\000a\000t\000i\000o\000n}{section.13.2}% 135
\BOOKMARK [2][-]{subsection.13.2.2}{\376\377\000T\000h\000e\000\040\000p\000o\000o\000l\000i\000n\000g\000\040\000p\000r\000o\000b\000l\000e\000m\000:\000\040\000r\000e\000f\000i\000n\000e\000r\000y\000\040\000o\000p\000e\000r\000a\000t\000i\000o\000n\000s\000\040\000p\000l\000a\000n\000n\000i\000n\000g}{section.13.2}% 136
\BOOKMARK [2][-]{subsection.13.2.3}{\376\377\000R\000o\000b\000u\000s\000t\000\040\000o\000p\000t\000i\000m\000i\000s\000a\000t\000i\000o\000n}{section.13.2}% 137
\BOOKMARK [2][-]{subsection.13.2.4}{\376\377\000C\000l\000a\000s\000s\000i\000f\000i\000c\000a\000t\000i\000o\000n\000:\000\040\000s\000u\000p\000p\000o\000r\000t\000-\000v\000e\000c\000t\000o\000r\000\040\000m\000a\000c\000h\000i\000n\000e\000s}{section.13.2}% 138
\BOOKMARK [0][-]{chapter.14}{\376\377\000C\000o\000n\000v\000e\000x\000\040\000s\000e\000t\000s}{part.2}% 139
\BOOKMARK [1][-]{section.14.1}{\376\377\000C\000o\000n\000v\000e\000x\000i\000t\000y\000\040\000a\000n\000d\000\040\000o\000p\000t\000i\000m\000i\000s\000a\000t\000i\000o\000n}{chapter.14}% 140
\BOOKMARK [1][-]{section.14.2}{\376\377\000I\000d\000e\000n\000t\000i\000f\000y\000i\000n\000g\000\040\000c\000o\000n\000v\000e\000x\000i\000t\000y\000\040\000o\000f\000\040\000s\000e\000t\000s}{chapter.14}% 141
\BOOKMARK [2][-]{subsection.14.2.1}{\376\377\000C\000o\000n\000v\000e\000x\000i\000t\000y\000-\000p\000r\000e\000s\000e\000r\000v\000i\000n\000g\000\040\000s\000e\000t\000\040\000o\000p\000e\000r\000a\000t\000i\000o\000n\000s}{section.14.2}% 142
\BOOKMARK [2][-]{subsection.14.2.2}{\376\377\000E\000x\000a\000m\000p\000l\000e\000s\000\040\000o\000f\000\040\000c\000o\000n\000v\000e\000x\000\040\000s\000e\000t\000s}{section.14.2}% 143
\BOOKMARK [1][-]{section.14.3}{\376\377\000C\000o\000n\000v\000e\000x\000\040\000h\000u\000l\000l\000s}{chapter.14}% 144
\BOOKMARK [1][-]{section.14.4}{\376\377\000C\000l\000o\000s\000u\000r\000e\000\040\000a\000n\000d\000\040\000i\000n\000t\000e\000r\000i\000o\000r\000\040\000o\000f\000\040\000s\000e\000t\000s}{chapter.14}% 145
\BOOKMARK [2][-]{subsection.14.4.1}{\376\377\000C\000l\000o\000s\000u\000r\000e\000,\000\040\000i\000n\000t\000e\000r\000i\000o\000r\000\040\000a\000n\000d\000\040\000b\000o\000u\000n\000d\000a\000r\000y\000\040\000o\000f\000\040\000a\000\040\000s\000e\000t}{section.14.4}% 146
\BOOKMARK [2][-]{subsection.14.4.2}{\376\377\000T\000h\000e\000\040\000W\000e\000i\000e\000r\000s\000t\000r\000a\000s\000s\000\040\000t\000h\000e\000o\000r\000e\000m}{section.14.4}% 147
\BOOKMARK [1][-]{section.14.5}{\376\377\000S\000e\000p\000a\000r\000a\000t\000i\000o\000n\000\040\000a\000n\000d\000\040\000s\000u\000p\000p\000o\000r\000t\000\040\000o\000f\000\040\000s\000e\000t\000s}{chapter.14}% 148
\BOOKMARK [2][-]{subsection.14.5.1}{\376\377\000H\000y\000p\000e\000r\000p\000l\000a\000n\000e\000s\000\040\000a\000n\000d\000\040\000c\000l\000o\000s\000e\000s\000t\000\040\000p\000o\000i\000n\000t\000s}{section.14.5}% 149
\BOOKMARK [2][-]{subsection.14.5.2}{\376\377\000H\000a\000l\000f\000s\000p\000a\000c\000e\000s\000\040\000a\000n\000d\000\040\000s\000e\000p\000a\000r\000a\000t\000i\000o\000n}{section.14.5}% 150
\BOOKMARK [2][-]{subsection.14.5.3}{\376\377\000F\000a\000r\000k\000a\000s\000'\000\040\000t\000h\000e\000o\000r\000e\000m}{section.14.5}% 151
\BOOKMARK [2][-]{subsection.14.5.4}{\376\377\000S\000u\000p\000p\000o\000r\000t\000i\000n\000g\000\040\000h\000y\000p\000e\000r\000p\000l\000a\000n\000e\000s}{section.14.5}% 152
\BOOKMARK [0][-]{chapter.15}{\376\377\000C\000o\000n\000v\000e\000x\000\040\000f\000u\000n\000c\000t\000i\000o\000n\000s}{part.2}% 153
\BOOKMARK [1][-]{section.15.1}{\376\377\000C\000o\000n\000v\000e\000x\000i\000t\000y\000\040\000i\000n\000\040\000f\000u\000n\000c\000t\000i\000o\000n\000s}{chapter.15}% 154
\BOOKMARK [2][-]{subsection.15.1.1}{\376\377\000E\000x\000a\000m\000p\000l\000e\000\040\000o\000f\000\040\000c\000o\000n\000v\000e\000x\000\040\000f\000u\000n\000c\000t\000i\000o\000n\000s}{section.15.1}% 155
\BOOKMARK [2][-]{subsection.15.1.2}{\376\377\000C\000o\000n\000v\000e\000x\000\040\000f\000u\000n\000c\000t\000i\000o\000n\000s\000\040\000a\000n\000d\000\040\000t\000h\000e\000i\000r\000\040\000l\000e\000v\000e\000l\000\040\000s\000e\000t\000s}{section.15.1}% 156
\BOOKMARK [2][-]{subsection.15.1.3}{\376\377\000C\000o\000n\000v\000e\000x\000\040\000f\000u\000n\000c\000t\000i\000o\000n\000s\000\040\000a\000n\000d\000\040\000t\000h\000e\000i\000r\000\040\000e\000p\000i\000g\000r\000a\000p\000h\000s}{section.15.1}% 157
\BOOKMARK [1][-]{section.15.2}{\376\377\000D\000i\000f\000f\000e\000r\000e\000n\000t\000i\000a\000b\000i\000l\000i\000t\000y\000\040\000o\000f\000\040\000f\000u\000n\000c\000t\000i\000o\000n\000s}{chapter.15}% 158
\BOOKMARK [2][-]{subsection.15.2.1}{\376\377\000S\000u\000b\000g\000r\000a\000d\000i\000e\000n\000t\000s\000\040\000a\000n\000d\000\040\000s\000u\000p\000p\000o\000r\000t\000i\000n\000g\000\040\000h\000y\000p\000e\000r\000p\000l\000a\000n\000e\000s}{section.15.2}% 159
\BOOKMARK [2][-]{subsection.15.2.2}{\376\377\000D\000i\000f\000f\000e\000r\000e\000n\000t\000i\000a\000b\000i\000l\000i\000t\000y\000\040\000a\000n\000d\000\040\000g\000r\000a\000d\000i\000e\000n\000t\000s\000\040\000f\000o\000r\000\040\000c\000o\000n\000v\000e\000x\000\040\000f\000u\000n\000c\000t\000i\000o\000n\000s}{section.15.2}% 160
\BOOKMARK [2][-]{subsection.15.2.3}{\376\377\000S\000e\000c\000o\000n\000d\000-\000o\000r\000d\000e\000r\000\040\000d\000i\000f\000f\000e\000r\000e\000n\000t\000i\000a\000b\000i\000l\000i\000t\000y}{section.15.2}% 161
\BOOKMARK [1][-]{section.15.3}{\376\377\000Q\000u\000a\000s\000i\000c\000o\000n\000v\000e\000x\000i\000t\000y}{chapter.15}% 162
\BOOKMARK [0][-]{chapter.16}{\376\377\000U\000n\000c\000o\000n\000s\000t\000r\000a\000i\000n\000e\000d\000\040\000o\000p\000t\000i\000m\000a\000l\000i\000t\000y\000\040\000c\000o\000n\000d\000i\000t\000i\000o\000n\000s}{part.2}% 163
\BOOKMARK [1][-]{section.16.1}{\376\377\000R\000e\000c\000o\000g\000n\000i\000s\000i\000n\000g\000\040\000o\000p\000t\000i\000m\000a\000l\000i\000t\000y}{chapter.16}% 164
\BOOKMARK [1][-]{section.16.2}{\376\377\000T\000h\000e\000\040\000r\000o\000l\000e\000\040\000o\000f\000\040\000c\000o\000n\000v\000e\000x\000i\000t\000y\000\040\000i\000n\000\040\000o\000p\000t\000i\000m\000a\000l\000i\000t\000y\000\040\000c\000o\000n\000d\000i\000t\000i\000o\000n\000s}{chapter.16}% 165
\BOOKMARK [1][-]{section.16.3}{\376\377\000O\000p\000t\000i\000m\000a\000l\000i\000t\000y\000\040\000c\000o\000n\000d\000i\000t\000i\000o\000n\000\040\000o\000f\000\040\000c\000o\000n\000v\000e\000x\000\040\000p\000r\000o\000b\000l\000e\000m\000s}{chapter.16}% 166
\BOOKMARK [2][-]{subsection.16.3.1}{\376\377\000O\000p\000t\000i\000m\000a\000l\000i\000t\000y\000\040\000c\000o\000n\000d\000i\000t\000i\000o\000n\000s\000\040\000f\000o\000r\000\040\000u\000n\000c\000o\000n\000s\000t\000r\000a\000i\000n\000e\000d\000\040\000p\000r\000o\000b\000l\000e\000m\000s}{section.16.3}% 167
\BOOKMARK [0][-]{chapter.17}{\376\377\000U\000n\000c\000o\000n\000s\000t\000r\000a\000i\000n\000e\000d\000\040\000o\000p\000t\000i\000m\000i\000s\000a\000t\000i\000o\000n\000\040\000m\000e\000t\000h\000o\000d\000s\000:\000\040\000p\000a\000r\000t\000\040\0001}{part.2}% 168
\BOOKMARK [1][-]{section.17.1}{\376\377\000A\000\040\000p\000r\000o\000t\000o\000t\000y\000p\000e\000\040\000o\000f\000\040\000a\000n\000\040\000o\000p\000t\000i\000m\000i\000s\000a\000t\000i\000o\000n\000\040\000m\000e\000t\000h\000o\000d}{chapter.17}% 169
\BOOKMARK [1][-]{section.17.2}{\376\377\000L\000i\000n\000e\000\040\000s\000e\000a\000r\000c\000h\000\040\000m\000e\000t\000h\000o\000d\000s}{chapter.17}% 170
\BOOKMARK [2][-]{subsection.17.2.1}{\376\377\000E\000x\000a\000c\000t\000\040\000l\000i\000n\000e\000\040\000s\000e\000a\000r\000c\000h\000e\000s}{section.17.2}% 171
\BOOKMARK [2][-]{subsection.17.2.2}{\376\377\000I\000n\000e\000x\000a\000c\000t\000\040\000l\000i\000n\000e\000\040\000s\000e\000a\000r\000c\000h}{section.17.2}% 172
\BOOKMARK [1][-]{section.17.3}{\376\377\000U\000n\000c\000o\000n\000s\000t\000r\000a\000i\000n\000e\000d\000\040\000o\000p\000t\000i\000m\000i\000s\000a\000t\000i\000o\000n\000\040\000m\000e\000t\000h\000o\000d\000s}{chapter.17}% 173
\BOOKMARK [2][-]{subsection.17.3.1}{\376\377\000C\000o\000o\000r\000d\000i\000n\000a\000t\000e\000\040\000d\000e\000s\000c\000e\000n\000t}{section.17.3}% 174
\BOOKMARK [2][-]{subsection.17.3.2}{\376\377\000G\000r\000a\000d\000i\000e\000n\000t\000\040\000\050\000d\000e\000s\000c\000e\000n\000t\000\051\000\040\000m\000e\000t\000h\000o\000d}{section.17.3}% 175
\BOOKMARK [2][-]{subsection.17.3.3}{\376\377\000N\000e\000w\000t\000o\000n\000'\000s\000\040\000m\000e\000t\000h\000o\000d}{section.17.3}% 176
\BOOKMARK [0][-]{chapter.18}{\376\377\000U\000n\000c\000o\000n\000s\000t\000r\000a\000i\000n\000e\000d\000\040\000o\000p\000t\000i\000m\000i\000s\000a\000t\000i\000o\000n\000\040\000m\000e\000t\000h\000o\000d\000s\000:\000\040\000p\000a\000r\000t\000\040\0002}{part.2}% 177
\BOOKMARK [1][-]{section.18.1}{\376\377\000U\000n\000c\000o\000n\000s\000t\000r\000a\000i\000n\000e\000d\000\040\000o\000p\000t\000i\000m\000i\000s\000a\000t\000i\000o\000n\000\040\000m\000e\000t\000h\000o\000d\000s}{chapter.18}% 178
\BOOKMARK [2][-]{subsection.18.1.1}{\376\377\000C\000o\000n\000j\000u\000g\000a\000t\000e\000\040\000g\000r\000a\000d\000i\000e\000n\000t\000\040\000m\000e\000t\000h\000o\000d}{section.18.1}% 179
\BOOKMARK [2][-]{subsection.18.1.2}{\376\377\000Q\000u\000a\000s\000i\000\040\000N\000e\000w\000t\000o\000n\000:\000\040\000B\000F\000G\000S\000\040\000m\000e\000t\000h\000o\000d}{section.18.1}% 180
\BOOKMARK [1][-]{section.18.2}{\376\377\000C\000o\000m\000p\000l\000e\000x\000i\000t\000y\000,\000\040\000c\000o\000n\000v\000e\000r\000g\000e\000n\000c\000e\000\040\000a\000n\000d\000\040\000c\000o\000n\000d\000i\000t\000i\000o\000n\000i\000n\000g}{chapter.18}% 181
\BOOKMARK [2][-]{subsection.18.2.1}{\376\377\000C\000o\000m\000p\000l\000e\000x\000i\000t\000y}{section.18.2}% 182
\BOOKMARK [2][-]{subsection.18.2.2}{\376\377\000C\000o\000n\000v\000e\000r\000g\000e\000n\000c\000e}{section.18.2}% 183
\BOOKMARK [2][-]{subsection.18.2.3}{\376\377\000C\000o\000n\000d\000i\000t\000i\000o\000n\000i\000n\000g}{section.18.2}% 184
\BOOKMARK [0][-]{chapter.19}{\376\377\000C\000o\000n\000s\000t\000r\000a\000i\000n\000e\000d\000\040\000o\000p\000t\000i\000m\000a\000l\000i\000t\000y\000\040\000c\000o\000n\000d\000i\000t\000i\000o\000n\000s}{part.2}% 185
\BOOKMARK [1][-]{section.19.1}{\376\377\000O\000p\000t\000i\000m\000a\000l\000i\000t\000y\000\040\000f\000o\000r\000\040\000c\000o\000n\000s\000t\000r\000a\000i\000n\000e\000d\000\040\000p\000r\000o\000b\000l\000e\000m\000s}{chapter.19}% 186
\BOOKMARK [2][-]{subsection.19.1.1}{\376\377\000I\000n\000e\000q\000u\000a\000l\000i\000t\000y\000\040\000c\000o\000n\000s\000t\000r\000a\000i\000n\000e\000d\000\040\000p\000r\000o\000b\000l\000e\000m\000s}{section.19.1}% 187
\BOOKMARK [1][-]{section.19.2}{\376\377\000F\000r\000i\000t\000z\000-\000J\000o\000h\000n\000\040\000c\000o\000n\000d\000i\000t\000i\000o\000n\000s}{chapter.19}% 188
\BOOKMARK [1][-]{section.19.3}{\376\377\000K\000a\000r\000u\000s\000h\000-\000K\000u\000h\000n\000-\000T\000u\000c\000k\000e\000r\000\040\000c\000o\000n\000d\000i\000t\000i\000o\000n\000s}{chapter.19}% 189
\BOOKMARK [1][-]{section.19.4}{\376\377\000C\000o\000n\000s\000t\000r\000a\000i\000n\000t\000\040\000q\000u\000a\000l\000i\000f\000i\000c\000a\000t\000i\000o\000n}{chapter.19}% 190
\BOOKMARK [0][-]{chapter.20}{\376\377\000L\000a\000g\000r\000a\000n\000g\000i\000a\000n\000\040\000d\000u\000a\000l\000i\000t\000y}{part.2}% 191
\BOOKMARK [1][-]{section.20.1}{\376\377\000T\000h\000e\000\040\000c\000o\000n\000c\000e\000p\000t\000\040\000o\000f\000\040\000r\000e\000l\000a\000x\000a\000t\000i\000o\000n}{chapter.20}% 192
\BOOKMARK [1][-]{section.20.2}{\376\377\000L\000a\000g\000r\000a\000n\000g\000i\000a\000n\000\040\000d\000u\000a\000l\000\040\000p\000r\000o\000b\000l\000e\000m\000s}{chapter.20}% 193
\BOOKMARK [2][-]{subsection.20.2.1}{\376\377\000W\000e\000a\000k\000\040\000a\000n\000d\000\040\000s\000t\000r\000o\000n\000g\000\040\000d\000u\000a\000l\000i\000t\000y}{section.20.2}% 194
\BOOKMARK [2][-]{subsection.20.2.2}{\376\377\000E\000m\000p\000l\000o\000y\000i\000n\000g\000\040\000L\000a\000g\000r\000a\000n\000g\000i\000a\000n\000\040\000d\000u\000a\000l\000i\000t\000y\000\040\000f\000o\000r\000\040\000s\000o\000l\000v\000i\000n\000g\000\040\000o\000p\000t\000i\000m\000i\000s\000a\000t\000i\000o\000n\000\040\000p\000r\000o\000b\000l\000e\000m\000s}{section.20.2}% 195
\BOOKMARK [2][-]{subsection.20.2.3}{\376\377\000S\000a\000d\000d\000l\000e\000\040\000p\000o\000i\000n\000t\000\040\000o\000p\000t\000i\000m\000a\000l\000i\000t\000y\000\040\000a\000n\000d\000\040\000K\000K\000T\000\040\000c\000o\000n\000d\000i\000t\000i\000o\000n\000s\000*}{section.20.2}% 196
\BOOKMARK [1][-]{section.20.3}{\376\377\000P\000r\000o\000p\000e\000r\000t\000i\000e\000s\000\040\000o\000f\000\040\000L\000a\000g\000r\000a\000n\000g\000i\000a\000n\000\040\000f\000u\000n\000c\000t\000i\000o\000n\000s}{chapter.20}% 197
\BOOKMARK [2][-]{subsection.20.3.1}{\376\377\000T\000h\000e\000\040\000s\000u\000b\000g\000r\000a\000d\000i\000e\000n\000t\000\040\000m\000e\000t\000h\000o\000d}{section.20.3}% 198
\BOOKMARK [0][-]{chapter.21}{\376\377\000P\000e\000n\000a\000l\000t\000y\000\040\000m\000e\000t\000h\000o\000d\000s}{part.2}% 199
\BOOKMARK [1][-]{section.21.1}{\376\377\000P\000e\000n\000a\000l\000t\000y\000\040\000f\000u\000n\000c\000t\000i\000o\000n\000s}{chapter.21}% 200
\BOOKMARK [2][-]{subsection.21.1.1}{\376\377\000G\000e\000o\000m\000e\000t\000r\000i\000c\000\040\000i\000n\000t\000e\000r\000p\000r\000e\000t\000a\000t\000i\000o\000n}{section.21.1}% 201
\BOOKMARK [2][-]{subsection.21.1.2}{\376\377\000P\000e\000n\000a\000l\000t\000y\000\040\000f\000u\000n\000c\000t\000i\000o\000n\000\040\000m\000e\000t\000h\000o\000d\000s}{section.21.1}% 202
\BOOKMARK [1][-]{section.21.2}{\376\377\000A\000u\000g\000m\000e\000n\000t\000e\000d\000\040\000L\000a\000g\000r\000a\000n\000g\000i\000a\000n\000\040\000m\000e\000t\000h\000o\000d\000\040\000o\000f\000\040\000m\000u\000l\000t\000i\000p\000l\000i\000e\000r\000s}{chapter.21}% 203
\BOOKMARK [2][-]{subsection.21.2.1}{\376\377\000A\000u\000g\000m\000e\000n\000t\000e\000d\000\040\000L\000a\000g\000r\000a\000n\000g\000i\000a\000n\000\040\000m\000e\000t\000h\000o\000d\000\040\000o\000f\000\040\000m\000u\000l\000t\000i\000p\000l\000i\000e\000r\000s}{section.21.2}% 204
\BOOKMARK [2][-]{subsection.21.2.2}{\376\377\000A\000l\000t\000e\000r\000n\000a\000t\000i\000n\000g\000\040\000d\000i\000r\000e\000c\000t\000i\000o\000n\000\040\000m\000e\000t\000h\000o\000d\000\040\000o\000f\000\040\000m\000u\000l\000t\000i\000p\000l\000i\000e\000r\000s\000\040\000-\000\040\000A\000D\000M\000M}{section.21.2}% 205
\BOOKMARK [0][-]{chapter.22}{\376\377\000B\000a\000r\000r\000i\000e\000r\000\040\000m\000e\000t\000h\000o\000d\000s}{part.2}% 206
\BOOKMARK [1][-]{section.22.1}{\376\377\000B\000a\000r\000r\000i\000e\000r\000\040\000f\000u\000n\000c\000t\000i\000o\000n\000s}{chapter.22}% 207
\BOOKMARK [1][-]{section.22.2}{\376\377\000T\000h\000e\000\040\000b\000a\000r\000r\000i\000e\000r\000\040\000m\000e\000t\000h\000o\000d}{chapter.22}% 208
\BOOKMARK [1][-]{section.22.3}{\376\377\000I\000n\000t\000e\000r\000i\000o\000r\000\040\000p\000o\000i\000n\000t\000\040\000m\000e\000t\000h\000o\000d\000\040\000f\000o\000r\000\040\000L\000P\000/\000Q\000P\000\040\000p\000r\000o\000b\000l\000e\000m\000s}{chapter.22}% 209
\BOOKMARK [2][-]{subsection.22.3.1}{\376\377\000P\000r\000i\000m\000a\000l\000/\000d\000u\000a\000l\000\040\000p\000a\000t\000h\000-\000f\000o\000l\000l\000o\000w\000i\000n\000g\000\040\000i\000n\000t\000e\000r\000i\000o\000r\000\040\000p\000o\000i\000n\000t\000\040\000m\000e\000t\000h\000o\000d}{section.22.3}% 210
\BOOKMARK [0][-]{chapter.23}{\376\377\000P\000r\000i\000m\000a\000l\000\040\000m\000e\000t\000h\000o\000d\000s}{part.2}% 211
\BOOKMARK [1][-]{section.23.1}{\376\377\000T\000h\000e\000\040\000c\000o\000n\000c\000e\000p\000t\000\040\000o\000f\000\040\000f\000e\000a\000s\000i\000b\000l\000e\000\040\000d\000i\000r\000e\000c\000t\000i\000o\000n\000s}{chapter.23}% 212
\BOOKMARK [1][-]{section.23.2}{\376\377\000C\000o\000n\000d\000i\000t\000i\000o\000n\000a\000l\000\040\000g\000r\000a\000d\000i\000e\000n\000t\000\040\000-\000\040\000t\000h\000e\000\040\000F\000r\000a\000n\000k\000-\000W\000o\000l\000f\000e\000\040\000m\000e\000t\000h\000o\000d}{chapter.23}% 213
\BOOKMARK [1][-]{section.23.3}{\376\377\000S\000e\000q\000u\000e\000n\000t\000i\000a\000l\000\040\000q\000u\000a\000d\000r\000a\000t\000i\000c\000\040\000p\000r\000o\000g\000r\000a\000m\000m\000i\000n\000g}{chapter.23}% 214
\BOOKMARK [1][-]{section.23.4}{\376\377\000G\000e\000n\000e\000r\000a\000l\000i\000s\000e\000d\000\040\000r\000e\000d\000u\000c\000e\000d\000\040\000g\000r\000a\000d\000i\000e\000n\000t\000*}{chapter.23}% 215
\BOOKMARK [2][-]{subsection.23.4.1}{\376\377\000W\000o\000l\000f\000e\000'\000s\000\040\000r\000e\000d\000u\000c\000e\000d\000\040\000g\000r\000a\000d\000i\000e\000n\000t}{section.23.4}% 216
\BOOKMARK [2][-]{subsection.23.4.2}{\376\377\000G\000e\000n\000e\000r\000a\000l\000i\000s\000e\000d\000\040\000r\000e\000d\000u\000c\000e\000d\000\040\000g\000r\000a\000d\000i\000e\000n\000t\000\040\000m\000e\000t\000h\000o\000d}{section.23.4}% 217
